#
# A fatal error has been detected by the Java Runtime Environment:
#
#  EXCEPTION_ACCESS_VIOLATION (0xc0000005) at pc=0x00007ffa3405a222, pid=11060, tid=0x00000000000023a4
#
# JRE version: Java(TM) SE Runtime Environment (8.0_121-b13) (build 1.8.0_121-b13)
# Java VM: Java HotSpot(TM) 64-Bit Server VM (25.121-b13 mixed mode windows-amd64 compressed oops)
# Problematic frame:
# C  [DINPUT.DLL+0x1a222]
#
# Failed to write core dump. Minidumps are not enabled by default on client versions of Windows
#
# If you would like to submit a bug report, please visit:
#   http://bugreport.java.com/bugreport/crash.jsp
# The crash happened outside the Java Virtual Machine in native code.
# See problematic frame for where to report the bug.
#

---------------  T H R E A D  ---------------

Current thread (0x0000000002d6e000):  JavaThread "main" [_thread_in_native, id=9124, stack(0x0000000004b10000,0x0000000004c10000)]

siginfo: ExceptionCode=0xc0000005, reading address 0x0000000000000004

Registers:
RAX=0x000000007ffffffe, RBX=0x0000000000000001, RCX=0x0000000022f2eed0, RDX=0x000000007ffffffd
RSP=0x0000000004c0cb40, RBP=0x0000000000000000, RSI=0x0000000022ea60f0, RDI=0xffffffffdd0d1134
R8 =0x0000000000000000, R9 =0x0000000022f2eed0, R10=0x00000000009b1140, R11=0x0000000004c0ca80
R12=0x0000000080004005, R13=0x0000000000000000, R14=0x0000000080004005, R15=0xffffffffffffffff
RIP=0x00007ffa3405a222, EFLAGS=0x0000000000010202

Top of Stack: (sp=0x0000000004c0cb40)
0x0000000004c0cb40:   0000000080004005 0000000022ea5f08
0x0000000004c0cb50:   0000000080004005 0000000022b3fe30
0x0000000004c0cb60:   0000000022ea5f08 00007ffa34054acb
0x0000000004c0cb70:   0000000022b3fe30 0000000004c0cc70
0x0000000004c0cb80:   0000000080004005 00007ffa5152c7eb
0x0000000004c0cb90:   0000000022ea60f8 0000000000000038
0x0000000004c0cba0:   0000000004c0d302 0000000022002002
0x0000000004c0cbb0:   0000000004c0d160 00007ffa02000002
0x0000000004c0cbc0:   0000c257e8728d59 0000000000000000
0x0000000004c0cbd0:   00000000ffffffff 000000002d00002d
0x0000000004c0cbe0:   0000000000000073 00007ffa22002002
0x0000000004c0cbf0:   0000000000000000 0000000002000002
0x0000000004c0cc00:   0000000004c0cc64 0000000004c0cd20
0x0000000004c0cc10:   0000000004c0cc78 00007ffa02000002
0x0000000004c0cc20:   0000000004c0d6a0 0000000002000002
0x0000000004c0cc30:   0000000000000001 0000000000000000 

Instructions: (pc=0x00007ffa3405a222)
0x00007ffa3405a202:   ba fe ff ff 7f 48 d1 eb 48 8d 43 ff 48 3b c2 77
0x00007ffa3405a212:   35 48 2b d3 48 2b f9 48 8d 04 1a 48 85 c0 74 16
0x00007ffa3405a222:   0f b7 04 0f 66 85 c0 74 0d 66 89 01 48 83 c1 02
0x00007ffa3405a232:   48 83 eb 01 75 e1 48 85 db 48 8d 41 fe 48 0f 45 


Register to memory mapping:

RAX=0x000000007ffffffe is an unknown value
RBX=0x0000000000000001 is an unknown value
RCX=0x0000000022f2eed0 is an unknown value
RDX=0x000000007ffffffd is an unknown value
RSP=0x0000000004c0cb40 is pointing into the stack for thread: 0x0000000002d6e000
RBP=0x0000000000000000 is an unknown value
RSI=0x0000000022ea60f0 is an unknown value
RDI=0xffffffffdd0d1134 is an unknown value
R8 =0x0000000000000000 is an unknown value
R9 =0x0000000022f2eed0 is an unknown value
R10=0x00000000009b1140 is an unknown value
R11=0x0000000004c0ca80 is pointing into the stack for thread: 0x0000000002d6e000
R12=0x0000000080004005 is an unknown value
R13=0x0000000000000000 is an unknown value
R14=0x0000000080004005 is an unknown value
R15=0xffffffffffffffff is an unknown value


Stack: [0x0000000004b10000,0x0000000004c10000],  sp=0x0000000004c0cb40,  free space=1010k
Native frames: (J=compiled Java code, j=interpreted, Vv=VM code, C=native code)

Java frames: (J=compiled Java code, j=interpreted, Vv=VM code)
J 479  org.jsfml.window.Window.nativePollEvent(Ljava/nio/Buffer;)V (0 bytes) @ 0x00000000050bd94f [0x00000000050bd900+0x4f]
J 628 C2 org.jsfml.window.Window$1.iterator()Ljava/util/Iterator; (9 bytes) @ 0x000000000511d748 [0x000000000511d580+0x1c8]
j  Game.run(II)V+467
j  MainMenu.run()V+554
j  MainMenu.main([Ljava/lang/String;)V+9
v  ~StubRoutines::call_stub

---------------  P R O C E S S  ---------------

Java Threads: ( => current thread )
  0x000000001beb8000 JavaThread "Service Thread" daemon [_thread_blocked, id=9476, stack(0x000000001c940000,0x000000001ca40000)]
  0x000000001be1b800 JavaThread "C1 CompilerThread3" daemon [_thread_blocked, id=10532, stack(0x000000001c840000,0x000000001c940000)]
  0x000000001be15000 JavaThread "C2 CompilerThread2" daemon [_thread_blocked, id=3588, stack(0x000000001c740000,0x000000001c840000)]
  0x000000001be12800 JavaThread "C2 CompilerThread1" daemon [_thread_blocked, id=11164, stack(0x000000001c640000,0x000000001c740000)]
  0x000000001be11800 JavaThread "C2 CompilerThread0" daemon [_thread_blocked, id=2472, stack(0x000000001c540000,0x000000001c640000)]
  0x000000001bdbd800 JavaThread "Monitor Ctrl-Break" daemon [_thread_in_native, id=10320, stack(0x000000001c440000,0x000000001c540000)]
  0x000000001bd70000 JavaThread "Attach Listener" daemon [_thread_blocked, id=100, stack(0x000000001c340000,0x000000001c440000)]
  0x000000001bd6f000 JavaThread "Signal Dispatcher" daemon [_thread_blocked, id=10564, stack(0x000000001c240000,0x000000001c340000)]
  0x000000001bd60800 JavaThread "Finalizer" daemon [_thread_blocked, id=11156, stack(0x000000001c140000,0x000000001c240000)]
  0x0000000004e98000 JavaThread "Reference Handler" daemon [_thread_blocked, id=10936, stack(0x000000001bc40000,0x000000001bd40000)]
=>0x0000000002d6e000 JavaThread "main" [_thread_in_native, id=9124, stack(0x0000000004b10000,0x0000000004c10000)]

Other Threads:
  0x0000000019e58800 VMThread [stack: 0x000000001bb40000,0x000000001bc40000] [id=5928]
  0x000000001bed7800 WatcherThread [stack: 0x000000001ca40000,0x000000001cb40000] [id=10984]

VM state:not at safepoint (normal execution)

VM Mutex/Monitor currently owned by a thread: None

Heap:
 PSYoungGen      total 38400K, used 33280K [0x00000000d5c00000, 0x00000000d8680000, 0x0000000100000000)
  eden space 33280K, 100% used [0x00000000d5c00000,0x00000000d7c80000,0x00000000d7c80000)
  from space 5120K, 0% used [0x00000000d8180000,0x00000000d8180000,0x00000000d8680000)
  to   space 5120K, 0% used [0x00000000d7c80000,0x00000000d7c80000,0x00000000d8180000)
 ParOldGen       total 87552K, used 0K [0x0000000081400000, 0x0000000086980000, 0x00000000d5c00000)
  object space 87552K, 0% used [0x0000000081400000,0x0000000081400000,0x0000000086980000)
 Metaspace       used 5437K, capacity 5612K, committed 5888K, reserved 1056768K
  class space    used 611K, capacity 698K, committed 768K, reserved 1048576K

Card table byte_map: [0x0000000014260000,0x0000000014660000] byte_map_base: 0x0000000013e56000

Marking Bits: (ParMarkBitMap*) 0x0000000065feb6d0
 Begin Bits: [0x0000000015110000, 0x00000000170c0000)
 End Bits:   [0x00000000170c0000, 0x0000000019070000)

Polling page: 0x00000000031b0000

CodeCache: size=245760Kb used=2581Kb max_used=2594Kb free=243178Kb
 bounds [0x0000000004ea0000, 0x0000000005130000, 0x0000000013ea0000]
 total_blobs=941 nmethods=628 adapters=226
 compilation: enabled

Compilation events (10 events):
Event: 58.826 Thread 0x000000001be11800  624       4       java.util.ArrayList::iterator (10 bytes)
Event: 58.827 Thread 0x000000001be11800 nmethod 624 0x000000000511c810 code [0x000000000511c960, 0x000000000511ca68]
Event: 58.934 Thread 0x000000001be12800  625       4       org.jsfml.graphics.RenderWindow::clear (9 bytes)
Event: 58.934 Thread 0x000000001be12800 nmethod 625 0x000000000511e290 code [0x000000000511e3e0, 0x000000000511e488]
Event: 58.935 Thread 0x000000001be15000  626       4       Hero::update (58 bytes)
Event: 58.935 Thread 0x000000001be12800  627       4       Hero::updateXPosition (120 bytes)
Event: 58.937 Thread 0x000000001be12800 nmethod 627 0x000000000511cdd0 code [0x000000000511cf60, 0x000000000511d1f8]
Event: 58.962 Thread 0x000000001be15000 nmethod 626 0x0000000005128550 code [0x00000000051287e0, 0x0000000005129ec8]
Event: 59.886 Thread 0x000000001be11800  628       4       org.jsfml.window.Window$1::iterator (9 bytes)
Event: 59.893 Thread 0x000000001be11800 nmethod 628 0x000000000511d3d0 code [0x000000000511d580, 0x000000000511d9f0]

GC Heap History (0 events):
No events

Deoptimization events (1 events):
Event: 13.753 Thread 0x0000000002d6e000 Uncommon trap: reason=unstable_if action=reinterpret pc=0x00000000050d362c method=java.lang.Math.min(FF)F @ 37

Internal exceptions (9 events):
Event: 0.094 Thread 0x0000000002d6e000 Exception <a 'java/lang/NoSuchMethodError': Method sun.misc.Unsafe.defineClass(Ljava/lang/String;[BII)Ljava/lang/Class; name or signature does not match> (0x00000000d5c07ca8) thrown at [C:\re\workspace\8-2-build-windows-amd64-cygwin\jdk8u121\8372\hotspot\
Event: 0.094 Thread 0x0000000002d6e000 Exception <a 'java/lang/NoSuchMethodError': Method sun.misc.Unsafe.prefetchRead(Ljava/lang/Object;J)V name or signature does not match> (0x00000000d5c07f90) thrown at [C:\re\workspace\8-2-build-windows-amd64-cygwin\jdk8u121\8372\hotspot\src\share\vm\prims
Event: 0.249 Thread 0x0000000002d6e000 Exception <a 'sun/nio/fs/WindowsException'> (0x00000000d5f4e500) thrown at [C:\re\workspace\8-2-build-windows-amd64-cygwin\jdk8u121\8372\hotspot\src\share\vm\prims\jni.cpp, line 709]
Event: 0.256 Thread 0x0000000002d6e000 Exception <a 'java/security/PrivilegedActionException'> (0x00000000d5f670a0) thrown at [C:\re\workspace\8-2-build-windows-amd64-cygwin\jdk8u121\8372\hotspot\src\share\vm\prims\jvm.cpp, line 1390]
Event: 0.256 Thread 0x0000000002d6e000 Exception <a 'java/security/PrivilegedActionException'> (0x00000000d5f672b0) thrown at [C:\re\workspace\8-2-build-windows-amd64-cygwin\jdk8u121\8372\hotspot\src\share\vm\prims\jvm.cpp, line 1390]
Event: 0.256 Thread 0x0000000002d6e000 Exception <a 'java/security/PrivilegedActionException'> (0x00000000d5f6b1c0) thrown at [C:\re\workspace\8-2-build-windows-amd64-cygwin\jdk8u121\8372\hotspot\src\share\vm\prims\jvm.cpp, line 1390]
Event: 0.256 Thread 0x0000000002d6e000 Exception <a 'java/security/PrivilegedActionException'> (0x00000000d5f6b3d0) thrown at [C:\re\workspace\8-2-build-windows-amd64-cygwin\jdk8u121\8372\hotspot\src\share\vm\prims\jvm.cpp, line 1390]
Event: 0.610 Thread 0x0000000002d6e000 Exception <a 'java/lang/NoSuchFieldError': method resolution failed> (0x00000000d60e6558) thrown at [C:\re\workspace\8-2-build-windows-amd64-cygwin\jdk8u121\8372\hotspot\src\share\vm\prims\methodHandles.cpp, line 1146]
Event: 0.612 Thread 0x0000000002d6e000 Exception <a 'java/lang/NoSuchFieldError': method resolution failed> (0x00000000d60f4400) thrown at [C:\re\workspace\8-2-build-windows-amd64-cygwin\jdk8u121\8372\hotspot\src\share\vm\prims\methodHandles.cpp, line 1146]

Events (10 events):
Event: 4.153 loading class sun/nio/cs/UTF_32 done
Event: 4.153 loading class sun/nio/cs/UTF_32Coder$Decoder
Event: 4.153 loading class sun/nio/cs/UTF_32Coder$Decoder done
Event: 4.249 Executing VM operation: EnableBiasedLocking
Event: 4.249 Executing VM operation: EnableBiasedLocking done
Event: 13.753 Thread 0x0000000002d6e000 Uncommon trap: trap_request=0xffffff65 fr.pc=0x00000000050d362c
Event: 13.753 Thread 0x0000000002d6e000 DEOPT PACKING pc=0x00000000050d362c sp=0x0000000004c0f190
Event: 13.753 Thread 0x0000000002d6e000 DEOPT UNPACKING pc=0x0000000004ee582a sp=0x0000000004c0f128 mode 2
Event: 15.191 loading class java/nio/DirectByteBuffer$1
Event: 15.191 loading class java/nio/DirectByteBuffer$1 done


Dynamic libraries:
0x00007ff616a90000 - 0x00007ff616ac7000 	C:\Program Files\Java\jdk1.8.0_121\bin\java.exe
0x00007ffa518c0000 - 0x00007ffa51aa0000 	C:\WINDOWS\SYSTEM32\ntdll.dll
0x00007ffa51280000 - 0x00007ffa5132e000 	C:\WINDOWS\System32\KERNEL32.DLL
0x00007ffa4eaa0000 - 0x00007ffa4ed06000 	C:\WINDOWS\System32\KERNELBASE.dll
0x00007ffa515e0000 - 0x00007ffa51681000 	C:\WINDOWS\System32\ADVAPI32.dll
0x00007ffa514e0000 - 0x00007ffa5157d000 	C:\WINDOWS\System32\msvcrt.dll
0x00007ffa50ee0000 - 0x00007ffa50f3b000 	C:\WINDOWS\System32\sechost.dll
0x00007ffa513c0000 - 0x00007ffa514df000 	C:\WINDOWS\System32\RPCRT4.dll
0x00007ffa510f0000 - 0x00007ffa5127f000 	C:\WINDOWS\System32\USER32.dll
0x00007ffa4e180000 - 0x00007ffa4e1a0000 	C:\WINDOWS\System32\win32u.dll
0x00007ffa4f1c0000 - 0x00007ffa4f1e8000 	C:\WINDOWS\System32\GDI32.dll
0x00007ffa4dee0000 - 0x00007ffa4e073000 	C:\WINDOWS\System32\gdi32full.dll
0x00007ffa4e1a0000 - 0x00007ffa4e23b000 	C:\WINDOWS\System32\msvcp_win.dll
0x00007ffa4e080000 - 0x00007ffa4e176000 	C:\WINDOWS\System32\ucrtbase.dll
0x00007ffa419a0000 - 0x00007ffa41c09000 	C:\WINDOWS\WinSxS\amd64_microsoft.windows.common-controls_6595b64144ccf1df_6.0.16299.125_none_15cbcf8893620c09\COMCTL32.dll
0x00007ffa4eeb0000 - 0x00007ffa4f1b8000 	C:\WINDOWS\System32\combase.dll
0x00007ffa4ed10000 - 0x00007ffa4ed82000 	C:\WINDOWS\System32\bcryptPrimitives.dll
0x00007ffa51010000 - 0x00007ffa5103d000 	C:\WINDOWS\System32\IMM32.DLL
0x00000000674a0000 - 0x0000000067572000 	C:\Program Files\Java\jdk1.8.0_121\jre\bin\msvcr100.dll
0x00000000657d0000 - 0x000000006606b000 	C:\Program Files\Java\jdk1.8.0_121\jre\bin\server\jvm.dll
0x00007ffa510e0000 - 0x00007ffa510e8000 	C:\WINDOWS\System32\PSAPI.DLL
0x00007ffa49ff0000 - 0x00007ffa49ff9000 	C:\WINDOWS\SYSTEM32\WSOCK32.dll
0x00007ffa49f30000 - 0x00007ffa49f53000 	C:\WINDOWS\SYSTEM32\WINMM.dll
0x00007ffa50690000 - 0x00007ffa506fc000 	C:\WINDOWS\System32\WS2_32.dll
0x00007ffa47cd0000 - 0x00007ffa47cda000 	C:\WINDOWS\SYSTEM32\VERSION.dll
0x00007ffa49ed0000 - 0x00007ffa49efa000 	C:\WINDOWS\SYSTEM32\winmmbase.dll
0x00007ffa4de90000 - 0x00007ffa4deda000 	C:\WINDOWS\System32\cfgmgr32.dll
0x0000000067490000 - 0x000000006749f000 	C:\Program Files\Java\jdk1.8.0_121\jre\bin\verify.dll
0x0000000067460000 - 0x0000000067489000 	C:\Program Files\Java\jdk1.8.0_121\jre\bin\java.dll
0x0000000067370000 - 0x0000000067393000 	C:\Program Files\Java\jdk1.8.0_121\jre\bin\instrument.dll
0x0000000067440000 - 0x0000000067456000 	C:\Program Files\Java\jdk1.8.0_121\jre\bin\zip.dll
0x00007ffa4f1f0000 - 0x00007ffa50626000 	C:\WINDOWS\System32\SHELL32.dll
0x00007ffa50e30000 - 0x00007ffa50ed6000 	C:\WINDOWS\System32\shcore.dll
0x00007ffa4e240000 - 0x00007ffa4e987000 	C:\WINDOWS\System32\windows.storage.dll
0x00007ffa51580000 - 0x00007ffa515d1000 	C:\WINDOWS\System32\shlwapi.dll
0x00007ffa4dc50000 - 0x00007ffa4dc61000 	C:\WINDOWS\System32\kernel.appcore.dll
0x00007ffa4dc70000 - 0x00007ffa4dcbc000 	C:\WINDOWS\System32\powrprof.dll
0x00007ffa4dc10000 - 0x00007ffa4dc2b000 	C:\WINDOWS\System32\profapi.dll
0x00007ffa34530000 - 0x00007ffa3454a000 	C:\Program Files\JetBrains\IntelliJ IDEA Community Edition 2017.2.5\bin\breakgen64.dll
0x0000000067420000 - 0x000000006743a000 	C:\Program Files\Java\jdk1.8.0_121\jre\bin\net.dll
0x00007ffa4d4a0000 - 0x00007ffa4d506000 	C:\WINDOWS\system32\mswsock.dll
0x0000000067400000 - 0x0000000067411000 	C:\Program Files\Java\jdk1.8.0_121\jre\bin\nio.dll
0x0000000070440000 - 0x0000000070682000 	C:\Users\LukePc\.jsfml\windows_x64\libsndfile-1.dll
0x00007ffa343f0000 - 0x00007ffa3445c000 	C:\Users\LukePc\.jsfml\windows_x64\openal32.dll
0x00007ffa40280000 - 0x00007ffa4028e000 	C:\Users\LukePc\.jsfml\windows_x64\sfml-system-2.dll
0x0000000067270000 - 0x0000000067308000 	C:\WINDOWS\SYSTEM32\MSVCP100.dll
0x00007ffa36380000 - 0x00007ffa36394000 	C:\Users\LukePc\.jsfml\windows_x64\sfml-window-2.dll
0x00007ffa28b20000 - 0x00007ffa28c3e000 	C:\WINDOWS\SYSTEM32\OPENGL32.dll
0x00007ffa486f0000 - 0x00007ffa4871c000 	C:\WINDOWS\SYSTEM32\GLU32.dll
0x00007ffa34550000 - 0x00007ffa34563000 	C:\Users\LukePc\.jsfml\windows_x64\sfml-audio-2.dll
0x00007ffa024b0000 - 0x00007ffa02599000 	C:\Users\LukePc\.jsfml\windows_x64\sfml-graphics-2.dll
0x00007ffa34070000 - 0x00007ffa340a5000 	C:\Users\LukePc\.jsfml\windows_x64\jsfml.dll
0x00007ffa4c0d0000 - 0x00007ffa4c165000 	C:\WINDOWS\system32\uxtheme.dll
0x00007ffa50ca0000 - 0x00007ffa50e07000 	C:\WINDOWS\System32\MSCTF.dll
0x00007ffa50f40000 - 0x00007ffa51005000 	C:\WINDOWS\System32\OLEAUT32.dll
0x00000000631a0000 - 0x0000000065482000 	C:\WINDOWS\SYSTEM32\nvoglv64.DLL
0x00007ffa50850000 - 0x00007ffa50c9e000 	C:\WINDOWS\System32\SETUPAPI.dll
0x00007ffa50700000 - 0x00007ffa50849000 	C:\WINDOWS\System32\ole32.dll
0x00007ffa49c20000 - 0x00007ffa49c33000 	C:\WINDOWS\SYSTEM32\WTSAPI32.dll
0x00007ffa4da20000 - 0x00007ffa4da47000 	C:\WINDOWS\SYSTEM32\DEVOBJ.dll
0x00007ffa4ea40000 - 0x00007ffa4ea98000 	C:\WINDOWS\System32\WINTRUST.dll
0x00007ffa4dc30000 - 0x00007ffa4dc42000 	C:\WINDOWS\System32\MSASN1.dll
0x00007ffa4dcc0000 - 0x00007ffa4de8e000 	C:\WINDOWS\System32\CRYPT32.dll
0x00007ffa4cd50000 - 0x00007ffa4cd81000 	C:\WINDOWS\SYSTEM32\ntmarta.dll
0x00007ffa4c3e0000 - 0x00007ffa4c40a000 	C:\WINDOWS\system32\dwmapi.dll
0x00007ffa2d7d0000 - 0x00007ffa2da24000 	C:\WINDOWS\system32\nvspcap64.dll
0x00007ffa4cdc0000 - 0x00007ffa4ce15000 	C:\WINDOWS\SYSTEM32\WINSTA.dll
0x00007ffa34040000 - 0x00007ffa3406d000 	C:\WINDOWS\SYSTEM32\DINPUT.DLL
0x00007ffa483f0000 - 0x00007ffa4841e000 	C:\WINDOWS\SYSTEM32\inputhost.dll
0x00007ffa4b9c0000 - 0x00007ffa4ba9d000 	C:\WINDOWS\SYSTEM32\CoreMessaging.dll
0x00007ffa48a90000 - 0x00007ffa48d7e000 	C:\WINDOWS\SYSTEM32\CoreUIComponents.dll
0x00007ffa4a3e0000 - 0x00007ffa4a516000 	C:\WINDOWS\SYSTEM32\wintypes.dll
0x00007ffa4c910000 - 0x00007ffa4c91c000 	C:\WINDOWS\SYSTEM32\HID.DLL
0x00007ffa3b9d0000 - 0x00007ffa3ba68000 	C:\WINDOWS\System32\TextInputFramework.dll
0x00007ffa4c970000 - 0x00007ffa4ca1f000 	C:\WINDOWS\system32\dxgi.dll
0x00007ffa4b110000 - 0x00007ffa4b3f1000 	C:\WINDOWS\system32\d3d11.dll
0x00007ffa0c6c0000 - 0x00007ffa0c7aa000 	C:\WINDOWS\System32\DriverStore\FileRepository\nvmii.inf_amd64_f3e7c8de3d3edd0c\nvldumdx.dll
0x00007ffa50e10000 - 0x00007ffa50e2d000 	C:\WINDOWS\System32\imagehlp.dll
0x00007ffa4d660000 - 0x00007ffa4d677000 	C:\WINDOWS\SYSTEM32\CRYPTSP.dll
0x00007ffa4d0b0000 - 0x00007ffa4d0e3000 	C:\WINDOWS\system32\rsaenh.dll
0x00007ffa4d770000 - 0x00007ffa4d795000 	C:\WINDOWS\SYSTEM32\bcrypt.dll
0x00007ffa4d680000 - 0x00007ffa4d68b000 	C:\WINDOWS\SYSTEM32\CRYPTBASE.dll
0x00007ff9f52b0000 - 0x00007ff9f6e19000 	C:\WINDOWS\System32\DriverStore\FileRepository\nvmii.inf_amd64_f3e7c8de3d3edd0c\nvwgf2umx.dll
0x00007ffa42000000 - 0x00007ffa42480000 	C:\WINDOWS\system32\nvapi64.dll
0x00007ffa4baa0000 - 0x00007ffa4bbe2000 	C:\WINDOWS\SYSTEM32\dcomp.dll
0x00007ffa461e0000 - 0x00007ffa4713d000 	C:\WINDOWS\SYSTEM32\igd10iumd64.dll
0x00007ffa4d740000 - 0x00007ffa4d766000 	C:\WINDOWS\SYSTEM32\ncrypt.dll
0x00007ffa4d700000 - 0x00007ffa4d736000 	C:\WINDOWS\SYSTEM32\NTASN1.dll
0x00007ffa454a0000 - 0x00007ffa45edf000 	C:\WINDOWS\SYSTEM32\igdusc64.dll
0x00007ffa47650000 - 0x00007ffa47818000 	C:\WINDOWS\SYSTEM32\dbghelp.dll

VM Arguments:
jvm_args: -javaagent:C:\Program Files\JetBrains\IntelliJ IDEA Community Edition 2017.2.5\lib\idea_rt.jar=51141:C:\Program Files\JetBrains\IntelliJ IDEA Community Edition 2017.2.5\bin -Dfile.encoding=UTF-8 
java_command: MainMenu
java_class_path (initial): C:\Program Files\Java\jdk1.8.0_121\jre\lib\charsets.jar;C:\Program Files\Java\jdk1.8.0_121\jre\lib\deploy.jar;C:\Program Files\Java\jdk1.8.0_121\jre\lib\ext\access-bridge-64.jar;C:\Program Files\Java\jdk1.8.0_121\jre\lib\ext\cldrdata.jar;C:\Program Files\Java\jdk1.8.0_121\jre\lib\ext\dnsns.jar;C:\Program Files\Java\jdk1.8.0_121\jre\lib\ext\jaccess.jar;C:\Program Files\Java\jdk1.8.0_121\jre\lib\ext\jfxrt.jar;C:\Program Files\Java\jdk1.8.0_121\jre\lib\ext\localedata.jar;C:\Program Files\Java\jdk1.8.0_121\jre\lib\ext\nashorn.jar;C:\Program Files\Java\jdk1.8.0_121\jre\lib\ext\sunec.jar;C:\Program Files\Java\jdk1.8.0_121\jre\lib\ext\sunjce_provider.jar;C:\Program Files\Java\jdk1.8.0_121\jre\lib\ext\sunmscapi.jar;C:\Program Files\Java\jdk1.8.0_121\jre\lib\ext\sunpkcs11.jar;C:\Program Files\Java\jdk1.8.0_121\jre\lib\ext\zipfs.jar;C:\Program Files\Java\jdk1.8.0_121\jre\lib\javaws.jar;C:\Program Files\Java\jdk1.8.0_121\jre\lib\jce.jar;C:\Program Files\Java\jdk1.8.0_121\jre\lib\jfr.jar;C:\Program Files\Java\jdk1.8.0_121\jre\lib\jfxswt.jar;C:\Program Files\Java\jdk1.8.0_121\jre\lib\jsse.jar;C:\Program Files\Java\jdk1.8.0_121\jre\lib\management-agent.jar;C:\Program Files\Java\jdk1.8.0_121\jre\lib\plugin.jar;C:\Program Files\Java\jdk1.8.0_121\jre\lib\resources.jar;C:\Program Files\Java\jdk1.8.0_121\jre\lib\rt.jar;C:\Users\LukePc\Desktop\BoomHere\out\production\BoomHere;C:\Users\LukePc\Desktop\BoomHere\src\jsfml.jar;C:\Program Files\JetBrains\IntelliJ IDEA Community Edition 2017.2.5\lib\idea_rt.jar
Launcher Type: SUN_STANDARD

Environment Variables:
PATH=C:\ProgramData\Oracle\Java\javapath;c:\windows\system32;c:\windows;c:\windows\system32\wbem;c:\windows\system32\windowspowershell\v1.0\;c:\program files (x86)\skype\phone\;C:\Program Files\Git\cmd;C:\Program Files\Git\mingw64\bin;C:\Program Files\Git\usr\bin;C:\Program Files (x86)\NVIDIA Corporation\PhysX\Common;%SystemRoot%\system32;%SystemRoot%;%SystemRoot%\System32\Wbem;%SYSTEMROOT%\System32\WindowsPowerShell\v1.0\;C:\Program Files\Java\jdk1.8.0_121\bin;C:\Users\LukePc\AppData\Local\Microsoft\WindowsApps;C:\Program Files\erl9.1\bin;
USERNAME=LukePc
OS=Windows_NT
PROCESSOR_IDENTIFIER=Intel64 Family 6 Model 60 Stepping 3, GenuineIntel



---------------  S Y S T E M  ---------------

OS: Windows 10.0 , 64 bit Build 16299 (10.0.16299.15)

CPU:total 8 (4 cores per cpu, 2 threads per core) family 6 model 60 stepping 3, cmov, cx8, fxsr, mmx, sse, sse2, sse3, ssse3, sse4.1, sse4.2, popcnt, avx, avx2, aes, clmul, erms, lzcnt, ht, tsc, tscinvbit, bmi1, bmi2

Memory: 4k page, physical 8305356k(948432k free), swap 14086916k(3040552k free)

vm_info: Java HotSpot(TM) 64-Bit Server VM (25.121-b13) for windows-amd64 JRE (1.8.0_121-b13), built on Dec 12 2016 18:21:36 by "java_re" with MS VC++ 10.0 (VS2010)

time: Sun Feb 04 16:51:51 2018
elapsed time: 61 seconds (0d 0h 1m 1s)

