#
# A fatal error has been detected by the Java Runtime Environment:
#
#  EXCEPTION_ACCESS_VIOLATION (0xc0000005) at pc=0x00007ffa8481a222, pid=11216, tid=0x0000000000001e68
#
# JRE version: Java(TM) SE Runtime Environment (8.0_121-b13) (build 1.8.0_121-b13)
# Java VM: Java HotSpot(TM) 64-Bit Server VM (25.121-b13 mixed mode windows-amd64 compressed oops)
# Problematic frame:
# C  [DINPUT.DLL+0x1a222]
#
# Failed to write core dump. Minidumps are not enabled by default on client versions of Windows
#
# If you would like to submit a bug report, please visit:
#   http://bugreport.java.com/bugreport/crash.jsp
# The crash happened outside the Java Virtual Machine in native code.
# See problematic frame for where to report the bug.
#

---------------  T H R E A D  ---------------

Current thread (0x0000000002d8e000):  JavaThread "main" [_thread_in_native, id=7784, stack(0x0000000004600000,0x0000000004700000)]

siginfo: ExceptionCode=0xc0000005, reading address 0x0000000000000004

Registers:
RAX=0x000000007ffffffe, RBX=0x0000000000000001, RCX=0x00000000247f6160, RDX=0x000000007ffffffd
RSP=0x00000000046fc8c0, RBP=0x0000000000000000, RSI=0x0000000024806c50, RDI=0xffffffffdb809ea4
R8 =0x0000000000000000, R9 =0x00000000247f6160, R10=0x00000000005c1140, R11=0x00000000046fc800
R12=0x0000000080004005, R13=0x0000000000000000, R14=0x0000000080004005, R15=0xffffffffffffffff
RIP=0x00007ffa8481a222, EFLAGS=0x0000000000010202

Top of Stack: (sp=0x00000000046fc8c0)
0x00000000046fc8c0:   0000000080004005 0000000024806a68
0x00000000046fc8d0:   0000000080004005 00000000241aa340
0x00000000046fc8e0:   0000000024806a68 00007ffa84814acb
0x00000000046fc8f0:   00000000241aa340 00000000046fc9f0
0x00000000046fc900:   0000000080004005 00007ffa9feec7eb
0x00000000046fc910:   0000000024806c58 0000000000000069
0x00000000046fc920:   00000000046fd082 00000000e90013fa
0x00000000046fc930:   00000000046fcee0 00007ffa02000002
0x00000000046fc940:   000015106e1d6c4f 0000000000000000
0x00000000046fc950:   00000000ffffffff 0000000030000030
0x00000000046fc960:   0000000000000073 00007ffae90013fa
0x00000000046fc970:   0000000000000000 0000000002000002
0x00000000046fc980:   00000000046fc9e4 00000000046fcaa0
0x00000000046fc990:   00000000046fc9f8 00007ffa06000006
0x00000000046fc9a0:   00000000046fd420 0000000006000006
0x00000000046fc9b0:   0000000000000001 0000000000000000 

Instructions: (pc=0x00007ffa8481a222)
0x00007ffa8481a202:   ba fe ff ff 7f 48 d1 eb 48 8d 43 ff 48 3b c2 77
0x00007ffa8481a212:   35 48 2b d3 48 2b f9 48 8d 04 1a 48 85 c0 74 16
0x00007ffa8481a222:   0f b7 04 0f 66 85 c0 74 0d 66 89 01 48 83 c1 02
0x00007ffa8481a232:   48 83 eb 01 75 e1 48 85 db 48 8d 41 fe 48 0f 45 


Register to memory mapping:

RAX=0x000000007ffffffe is an unknown value
RBX=0x0000000000000001 is an unknown value
RCX=0x00000000247f6160 is an unknown value
RDX=0x000000007ffffffd is an unknown value
RSP=0x00000000046fc8c0 is pointing into the stack for thread: 0x0000000002d8e000
RBP=0x0000000000000000 is an unknown value
RSI=0x0000000024806c50 is an unknown value
RDI=0xffffffffdb809ea4 is an unknown value
R8 =0x0000000000000000 is an unknown value
R9 =0x00000000247f6160 is an unknown value
R10=0x00000000005c1140 is an unknown value
R11=0x00000000046fc800 is pointing into the stack for thread: 0x0000000002d8e000
R12=0x0000000080004005 is an unknown value
R13=0x0000000000000000 is an unknown value
R14=0x0000000080004005 is an unknown value
R15=0xffffffffffffffff is an unknown value


Stack: [0x0000000004600000,0x0000000004700000],  sp=0x00000000046fc8c0,  free space=1010k
Native frames: (J=compiled Java code, j=interpreted, Vv=VM code, C=native code)

Java frames: (J=compiled Java code, j=interpreted, Vv=VM code)
J 466  org.jsfml.window.Window.nativePollEvent(Ljava/nio/Buffer;)V (0 bytes) @ 0x0000000004be7a4f [0x0000000004be7a00+0x4f]
J 535 C1 org.jsfml.window.Window$1.iterator()Ljava/util/Iterator; (9 bytes) @ 0x0000000004c0e364 [0x0000000004c0dea0+0x4c4]
j  Game.run(II)V+467
j  MainMenu.run()V+554
j  MainMenu.main([Ljava/lang/String;)V+9
v  ~StubRoutines::call_stub

---------------  P R O C E S S  ---------------

Java Threads: ( => current thread )
  0x000000001b9cb800 JavaThread "Service Thread" daemon [_thread_blocked, id=2924, stack(0x000000001c540000,0x000000001c640000)]
  0x000000001b92f000 JavaThread "C1 CompilerThread3" daemon [_thread_blocked, id=4348, stack(0x000000001c440000,0x000000001c540000)]
  0x000000001b91f000 JavaThread "C2 CompilerThread2" daemon [_thread_blocked, id=2404, stack(0x000000001c340000,0x000000001c440000)]
  0x000000001b91c800 JavaThread "C2 CompilerThread1" daemon [_thread_blocked, id=6624, stack(0x000000001c240000,0x000000001c340000)]
  0x000000001b922000 JavaThread "C2 CompilerThread0" daemon [_thread_blocked, id=10236, stack(0x000000001c140000,0x000000001c240000)]
  0x000000001b896800 JavaThread "Monitor Ctrl-Break" daemon [_thread_in_native, id=8964, stack(0x000000001c040000,0x000000001c140000)]
  0x000000001b880800 JavaThread "Attach Listener" daemon [_thread_blocked, id=7284, stack(0x000000001bf40000,0x000000001c040000)]
  0x000000001b87f000 JavaThread "Signal Dispatcher" daemon [_thread_blocked, id=3440, stack(0x000000001be40000,0x000000001bf40000)]
  0x000000001b871800 JavaThread "Finalizer" daemon [_thread_blocked, id=2480, stack(0x000000001bc50000,0x000000001bd50000)]
  0x000000001998d800 JavaThread "Reference Handler" daemon [_thread_blocked, id=6084, stack(0x000000001b750000,0x000000001b850000)]
=>0x0000000002d8e000 JavaThread "main" [_thread_in_native, id=7784, stack(0x0000000004600000,0x0000000004700000)]

Other Threads:
  0x0000000019989000 VMThread [stack: 0x000000001b650000,0x000000001b750000] [id=9676]
  0x000000001b9e3800 WatcherThread [stack: 0x000000001c640000,0x000000001c740000] [id=8132]

VM state:not at safepoint (normal execution)

VM Mutex/Monitor currently owned by a thread: None

Heap:
 PSYoungGen      total 38400K, used 17986K [0x00000000d5c00000, 0x00000000d8680000, 0x0000000100000000)
  eden space 33280K, 54% used [0x00000000d5c00000,0x00000000d6d909c0,0x00000000d7c80000)
  from space 5120K, 0% used [0x00000000d8180000,0x00000000d8180000,0x00000000d8680000)
  to   space 5120K, 0% used [0x00000000d7c80000,0x00000000d7c80000,0x00000000d8180000)
 ParOldGen       total 87552K, used 0K [0x0000000081400000, 0x0000000086980000, 0x00000000d5c00000)
  object space 87552K, 0% used [0x0000000081400000,0x0000000081400000,0x0000000086980000)
 Metaspace       used 5431K, capacity 5612K, committed 5888K, reserved 1056768K
  class space    used 610K, capacity 698K, committed 768K, reserved 1048576K

Card table byte_map: [0x0000000013d90000,0x0000000014190000] byte_map_base: 0x0000000013986000

Marking Bits: (ParMarkBitMap*) 0x0000000071d4b6d0
 Begin Bits: [0x0000000014c40000, 0x0000000016bf0000)
 End Bits:   [0x0000000016bf0000, 0x0000000018ba0000)

Polling page: 0x0000000002860000

CodeCache: size=245760Kb used=2491Kb max_used=2503Kb free=243268Kb
 bounds [0x00000000049d0000, 0x0000000004c50000, 0x00000000139d0000]
 total_blobs=910 nmethods=597 adapters=226
 compilation: enabled

Compilation events (10 events):
Event: 19.816 Thread 0x000000001b91f000  593       4       org.jsfml.window.Keyboard::isKeyPressed (10 bytes)
Event: 19.817 Thread 0x000000001b91f000 nmethod 593 0x0000000004c39950 code [0x0000000004c39aa0, 0x0000000004c39b08]
Event: 20.199 Thread 0x000000001b91c800  594   !   4       sun.nio.cs.StreamEncoder::flushBuffer (42 bytes)
Event: 20.207 Thread 0x000000001b91c800 nmethod 594 0x0000000004c40cd0 code [0x0000000004c40e60, 0x0000000004c41f68]
Event: 20.416 Thread 0x000000001b922000  595       4       java.io.OutputStreamWriter::write (11 bytes)
Event: 20.422 Thread 0x000000001b922000 nmethod 595 0x0000000004c3bd90 code [0x0000000004c3bf20, 0x0000000004c3c888]
Event: 20.452 Thread 0x000000001b92f000  596       3       Hero::moveRight (61 bytes)
Event: 20.453 Thread 0x000000001b92f000 nmethod 596 0x0000000004c3f610 code [0x0000000004c3f860, 0x0000000004c40578]
Event: 20.514 Thread 0x000000001b91f000  597       4       sun.nio.cs.UTF_8$Encoder::encodeArrayLoop (489 bytes)
Event: 20.518 Thread 0x000000001b91f000 nmethod 597 0x0000000004c37b90 code [0x0000000004c37ce0, 0x0000000004c38158]

GC Heap History (0 events):
No events

Deoptimization events (4 events):
Event: 8.452 Thread 0x0000000002d8e000 Uncommon trap: reason=unstable_if action=reinterpret pc=0x0000000004bf00d8 method=java.lang.Math.max(FF)F @ 37
Event: 13.051 Thread 0x0000000002d8e000 Uncommon trap: reason=unstable_if action=reinterpret pc=0x0000000004befd2c method=java.lang.Math.min(FF)F @ 37
Event: 16.670 Thread 0x0000000002d8e000 Uncommon trap: reason=unstable_if action=reinterpret pc=0x0000000004c2f324 method=java.lang.Math.min(FF)F @ 11
Event: 16.670 Thread 0x0000000002d8e000 Uncommon trap: reason=unstable_if action=reinterpret pc=0x0000000004c18620 method=java.lang.Math.max(FF)F @ 11

Internal exceptions (9 events):
Event: 0.052 Thread 0x0000000002d8e000 Exception <a 'java/lang/NoSuchMethodError': Method sun.misc.Unsafe.defineClass(Ljava/lang/String;[BII)Ljava/lang/Class; name or signature does not match> (0x00000000d5c07ca8) thrown at [C:\re\workspace\8-2-build-windows-amd64-cygwin\jdk8u121\8372\hotspot\
Event: 0.052 Thread 0x0000000002d8e000 Exception <a 'java/lang/NoSuchMethodError': Method sun.misc.Unsafe.prefetchRead(Ljava/lang/Object;J)V name or signature does not match> (0x00000000d5c07f90) thrown at [C:\re\workspace\8-2-build-windows-amd64-cygwin\jdk8u121\8372\hotspot\src\share\vm\prims
Event: 0.154 Thread 0x0000000002d8e000 Exception <a 'sun/nio/fs/WindowsException'> (0x00000000d5f4e500) thrown at [C:\re\workspace\8-2-build-windows-amd64-cygwin\jdk8u121\8372\hotspot\src\share\vm\prims\jni.cpp, line 709]
Event: 0.158 Thread 0x0000000002d8e000 Exception <a 'java/security/PrivilegedActionException'> (0x00000000d5f670a0) thrown at [C:\re\workspace\8-2-build-windows-amd64-cygwin\jdk8u121\8372\hotspot\src\share\vm\prims\jvm.cpp, line 1390]
Event: 0.158 Thread 0x0000000002d8e000 Exception <a 'java/security/PrivilegedActionException'> (0x00000000d5f672b0) thrown at [C:\re\workspace\8-2-build-windows-amd64-cygwin\jdk8u121\8372\hotspot\src\share\vm\prims\jvm.cpp, line 1390]
Event: 0.159 Thread 0x0000000002d8e000 Exception <a 'java/security/PrivilegedActionException'> (0x00000000d5f6b1c0) thrown at [C:\re\workspace\8-2-build-windows-amd64-cygwin\jdk8u121\8372\hotspot\src\share\vm\prims\jvm.cpp, line 1390]
Event: 0.159 Thread 0x0000000002d8e000 Exception <a 'java/security/PrivilegedActionException'> (0x00000000d5f6b3d0) thrown at [C:\re\workspace\8-2-build-windows-amd64-cygwin\jdk8u121\8372\hotspot\src\share\vm\prims\jvm.cpp, line 1390]
Event: 0.796 Thread 0x0000000002d8e000 Exception <a 'java/lang/NoSuchFieldError': method resolution failed> (0x00000000d60e6558) thrown at [C:\re\workspace\8-2-build-windows-amd64-cygwin\jdk8u121\8372\hotspot\src\share\vm\prims\methodHandles.cpp, line 1146]
Event: 0.799 Thread 0x0000000002d8e000 Exception <a 'java/lang/NoSuchFieldError': method resolution failed> (0x00000000d60f4400) thrown at [C:\re\workspace\8-2-build-windows-amd64-cygwin\jdk8u121\8372\hotspot\src\share\vm\prims\methodHandles.cpp, line 1146]

Events (10 events):
Event: 13.051 Thread 0x0000000002d8e000 DEOPT PACKING pc=0x0000000004befd2c sp=0x00000000046fef50
Event: 13.051 Thread 0x0000000002d8e000 DEOPT UNPACKING pc=0x0000000004a1582a sp=0x00000000046feee8 mode 2
Event: 14.649 loading class java/nio/DirectByteBuffer$1
Event: 14.649 loading class java/nio/DirectByteBuffer$1 done
Event: 16.670 Thread 0x0000000002d8e000 Uncommon trap: trap_request=0xffffff65 fr.pc=0x0000000004c2f324
Event: 16.670 Thread 0x0000000002d8e000 DEOPT PACKING pc=0x0000000004c2f324 sp=0x00000000046fee50
Event: 16.670 Thread 0x0000000002d8e000 DEOPT UNPACKING pc=0x0000000004a1582a sp=0x00000000046fede8 mode 2
Event: 16.670 Thread 0x0000000002d8e000 Uncommon trap: trap_request=0xffffff65 fr.pc=0x0000000004c18620
Event: 16.670 Thread 0x0000000002d8e000 DEOPT PACKING pc=0x0000000004c18620 sp=0x00000000046fee50
Event: 16.670 Thread 0x0000000002d8e000 DEOPT UNPACKING pc=0x0000000004a1582a sp=0x00000000046fede8 mode 2


Dynamic libraries:
0x00007ff67d980000 - 0x00007ff67d9b7000 	C:\Program Files\Java\jdk1.8.0_121\bin\java.exe
0x00007ffaa0840000 - 0x00007ffaa0a20000 	C:\WINDOWS\SYSTEM32\ntdll.dll
0x00007ffa9de90000 - 0x00007ffa9df3e000 	C:\WINDOWS\System32\KERNEL32.DLL
0x00007ffa9d860000 - 0x00007ffa9dac6000 	C:\WINDOWS\System32\KERNELBASE.dll
0x00007ffa9dd70000 - 0x00007ffa9de11000 	C:\WINDOWS\System32\ADVAPI32.dll
0x00007ffa9fea0000 - 0x00007ffa9ff3d000 	C:\WINDOWS\System32\msvcrt.dll
0x00007ffa9dd10000 - 0x00007ffa9dd6b000 	C:\WINDOWS\System32\sechost.dll
0x00007ffaa04f0000 - 0x00007ffaa060f000 	C:\WINDOWS\System32\RPCRT4.dll
0x00007ffaa0660000 - 0x00007ffaa07ef000 	C:\WINDOWS\System32\USER32.dll
0x00007ffa9db70000 - 0x00007ffa9db90000 	C:\WINDOWS\System32\win32u.dll
0x00007ffaa0630000 - 0x00007ffaa0658000 	C:\WINDOWS\System32\GDI32.dll
0x00007ffa9cc40000 - 0x00007ffa9cdd3000 	C:\WINDOWS\System32\gdi32full.dll
0x00007ffa9dad0000 - 0x00007ffa9db6b000 	C:\WINDOWS\System32\msvcp_win.dll
0x00007ffa9db90000 - 0x00007ffa9dc86000 	C:\WINDOWS\System32\ucrtbase.dll
0x00007ffa8e870000 - 0x00007ffa8ead9000 	C:\WINDOWS\WinSxS\amd64_microsoft.windows.common-controls_6595b64144ccf1df_6.0.16299.125_none_15cbcf8893620c09\COMCTL32.dll
0x00007ffa9ffe0000 - 0x00007ffaa02e8000 	C:\WINDOWS\System32\combase.dll
0x00007ffa9dc90000 - 0x00007ffa9dd02000 	C:\WINDOWS\System32\bcryptPrimitives.dll
0x00007ffa9f400000 - 0x00007ffa9f42d000 	C:\WINDOWS\System32\IMM32.DLL
0x0000000071dd0000 - 0x0000000071ea2000 	C:\Program Files\Java\jdk1.8.0_121\jre\bin\msvcr100.dll
0x0000000071530000 - 0x0000000071dcb000 	C:\Program Files\Java\jdk1.8.0_121\jre\bin\server\jvm.dll
0x00007ffa9de20000 - 0x00007ffa9de28000 	C:\WINDOWS\System32\PSAPI.DLL
0x00007ffa97910000 - 0x00007ffa9791a000 	C:\WINDOWS\SYSTEM32\VERSION.dll
0x00007ffa78f60000 - 0x00007ffa78f69000 	C:\WINDOWS\SYSTEM32\WSOCK32.dll
0x00007ffa998e0000 - 0x00007ffa99903000 	C:\WINDOWS\SYSTEM32\WINMM.dll
0x00007ffa9fcc0000 - 0x00007ffa9fd2c000 	C:\WINDOWS\System32\WS2_32.dll
0x00007ffa998b0000 - 0x00007ffa998da000 	C:\WINDOWS\SYSTEM32\winmmbase.dll
0x00007ffa9cde0000 - 0x00007ffa9ce2a000 	C:\WINDOWS\System32\cfgmgr32.dll
0x0000000071520000 - 0x000000007152f000 	C:\Program Files\Java\jdk1.8.0_121\jre\bin\verify.dll
0x00000000714f0000 - 0x0000000071519000 	C:\Program Files\Java\jdk1.8.0_121\jre\bin\java.dll
0x00000000714a0000 - 0x00000000714c3000 	C:\Program Files\Java\jdk1.8.0_121\jre\bin\instrument.dll
0x00000000714d0000 - 0x00000000714e6000 	C:\Program Files\Java\jdk1.8.0_121\jre\bin\zip.dll
0x00007ffa9df40000 - 0x00007ffa9f376000 	C:\WINDOWS\System32\SHELL32.dll
0x00007ffa9f580000 - 0x00007ffa9f626000 	C:\WINDOWS\System32\shcore.dll
0x00007ffa9d110000 - 0x00007ffa9d857000 	C:\WINDOWS\System32\windows.storage.dll
0x00007ffa9de30000 - 0x00007ffa9de81000 	C:\WINDOWS\System32\shlwapi.dll
0x00007ffa9cbb0000 - 0x00007ffa9cbc1000 	C:\WINDOWS\System32\kernel.appcore.dll
0x00007ffa9cbd0000 - 0x00007ffa9cc1c000 	C:\WINDOWS\System32\powrprof.dll
0x00007ffa9cc20000 - 0x00007ffa9cc3b000 	C:\WINDOWS\System32\profapi.dll
0x00007ffa99c50000 - 0x00007ffa99c6a000 	C:\Program Files\JetBrains\IntelliJ IDEA Community Edition 2017.2.5\bin\breakgen64.dll
0x0000000071480000 - 0x000000007149a000 	C:\Program Files\Java\jdk1.8.0_121\jre\bin\net.dll
0x00007ffa9c420000 - 0x00007ffa9c486000 	C:\WINDOWS\system32\mswsock.dll
0x0000000071460000 - 0x0000000071471000 	C:\Program Files\Java\jdk1.8.0_121\jre\bin\nio.dll
0x0000000070440000 - 0x0000000070682000 	C:\Users\LukePc\.jsfml\windows_x64\libsndfile-1.dll
0x00007ffa92560000 - 0x00007ffa925cc000 	C:\Users\LukePc\.jsfml\windows_x64\openal32.dll
0x00007ffa99940000 - 0x00007ffa9994e000 	C:\Users\LukePc\.jsfml\windows_x64\sfml-system-2.dll
0x00000000713c0000 - 0x0000000071458000 	C:\WINDOWS\SYSTEM32\MSVCP100.dll
0x00007ffa92540000 - 0x00007ffa92554000 	C:\Users\LukePc\.jsfml\windows_x64\sfml-window-2.dll
0x00007ffa6d920000 - 0x00007ffa6da3e000 	C:\WINDOWS\SYSTEM32\OPENGL32.dll
0x00007ffa6d8b0000 - 0x00007ffa6d8dc000 	C:\WINDOWS\SYSTEM32\GLU32.dll
0x00007ffa92520000 - 0x00007ffa92533000 	C:\Users\LukePc\.jsfml\windows_x64\sfml-audio-2.dll
0x00007ffa84870000 - 0x00007ffa84959000 	C:\Users\LukePc\.jsfml\windows_x64\sfml-graphics-2.dll
0x00007ffa84830000 - 0x00007ffa84865000 	C:\Users\LukePc\.jsfml\windows_x64\jsfml.dll
0x00007ffa9b0f0000 - 0x00007ffa9b185000 	C:\WINDOWS\system32\uxtheme.dll
0x00007ffa9fb50000 - 0x00007ffa9fcb7000 	C:\WINDOWS\System32\MSCTF.dll
0x00007ffa9fa80000 - 0x00007ffa9fb45000 	C:\WINDOWS\System32\OLEAUT32.dll
0x000000001ce10000 - 0x000000001f0f2000 	C:\WINDOWS\SYSTEM32\nvoglv64.DLL
0x00007ffa9f630000 - 0x00007ffa9fa7e000 	C:\WINDOWS\System32\SETUPAPI.dll
0x00007ffa9f430000 - 0x00007ffa9f579000 	C:\WINDOWS\System32\ole32.dll
0x00007ffa99410000 - 0x00007ffa99423000 	C:\WINDOWS\SYSTEM32\WTSAPI32.dll
0x00007ffa9c9a0000 - 0x00007ffa9c9c7000 	C:\WINDOWS\SYSTEM32\DEVOBJ.dll
0x00007ffa9d000000 - 0x00007ffa9d058000 	C:\WINDOWS\System32\WINTRUST.dll
0x00007ffa9cb90000 - 0x00007ffa9cba2000 	C:\WINDOWS\System32\MSASN1.dll
0x00007ffa9ce30000 - 0x00007ffa9cffe000 	C:\WINDOWS\System32\CRYPT32.dll
0x00007ffa9bcd0000 - 0x00007ffa9bd01000 	C:\WINDOWS\SYSTEM32\ntmarta.dll
0x00007ffa9b360000 - 0x00007ffa9b38a000 	C:\WINDOWS\system32\dwmapi.dll
0x00007ffa5efb0000 - 0x00007ffa5f204000 	C:\WINDOWS\system32\nvspcap64.dll
0x00007ffa9bd40000 - 0x00007ffa9bd95000 	C:\WINDOWS\SYSTEM32\WINSTA.dll
0x00007ffa84800000 - 0x00007ffa8482d000 	C:\WINDOWS\SYSTEM32\DINPUT.DLL
0x00007ffa98200000 - 0x00007ffa9822e000 	C:\WINDOWS\SYSTEM32\inputhost.dll
0x00007ffa9a960000 - 0x00007ffa9aa3d000 	C:\WINDOWS\SYSTEM32\CoreMessaging.dll
0x00007ffa98450000 - 0x00007ffa9873e000 	C:\WINDOWS\SYSTEM32\CoreUIComponents.dll
0x00007ffa98f20000 - 0x00007ffa99056000 	C:\WINDOWS\SYSTEM32\wintypes.dll
0x00007ffa9b950000 - 0x00007ffa9b95c000 	C:\WINDOWS\SYSTEM32\HID.DLL
0x00007ffa907b0000 - 0x00007ffa90848000 	C:\WINDOWS\System32\TextInputFramework.dll
0x00007ffa9b9b0000 - 0x00007ffa9ba5f000 	C:\WINDOWS\system32\dxgi.dll
0x00007ffa99c80000 - 0x00007ffa99f61000 	C:\WINDOWS\system32\d3d11.dll
0x00007ffa5fde0000 - 0x00007ffa5feca000 	C:\WINDOWS\System32\DriverStore\FileRepository\nvmii.inf_amd64_f3e7c8de3d3edd0c\nvldumdx.dll
0x00007ffaa0610000 - 0x00007ffaa062d000 	C:\WINDOWS\System32\imagehlp.dll
0x00007ffa9c5e0000 - 0x00007ffa9c5f7000 	C:\WINDOWS\SYSTEM32\CRYPTSP.dll
0x00007ffa9c030000 - 0x00007ffa9c063000 	C:\WINDOWS\system32\rsaenh.dll
0x00007ffa9c6f0000 - 0x00007ffa9c715000 	C:\WINDOWS\SYSTEM32\bcrypt.dll
0x00007ffa9c600000 - 0x00007ffa9c60b000 	C:\WINDOWS\SYSTEM32\CRYPTBASE.dll
0x00007ffa4e770000 - 0x00007ffa502d9000 	C:\WINDOWS\System32\DriverStore\FileRepository\nvmii.inf_amd64_f3e7c8de3d3edd0c\nvwgf2umx.dll
0x00007ffa90ab0000 - 0x00007ffa90f30000 	C:\WINDOWS\system32\nvapi64.dll
0x00007ffa9aa40000 - 0x00007ffa9ab82000 	C:\WINDOWS\SYSTEM32\dcomp.dll
0x00007ffa93ea0000 - 0x00007ffa94dfd000 	C:\WINDOWS\SYSTEM32\igd10iumd64.dll
0x00007ffa9c6c0000 - 0x00007ffa9c6e6000 	C:\WINDOWS\SYSTEM32\ncrypt.dll
0x00007ffa9c680000 - 0x00007ffa9c6b6000 	C:\WINDOWS\SYSTEM32\NTASN1.dll
0x00007ffa93460000 - 0x00007ffa93e9f000 	C:\WINDOWS\SYSTEM32\igdusc64.dll
0x00007ffa976d0000 - 0x00007ffa97898000 	C:\WINDOWS\SYSTEM32\dbghelp.dll

VM Arguments:
jvm_args: -javaagent:C:\Program Files\JetBrains\IntelliJ IDEA Community Edition 2017.2.5\lib\idea_rt.jar=50652:C:\Program Files\JetBrains\IntelliJ IDEA Community Edition 2017.2.5\bin -Dfile.encoding=UTF-8 
java_command: MainMenu
java_class_path (initial): C:\Program Files\Java\jdk1.8.0_121\jre\lib\charsets.jar;C:\Program Files\Java\jdk1.8.0_121\jre\lib\deploy.jar;C:\Program Files\Java\jdk1.8.0_121\jre\lib\ext\access-bridge-64.jar;C:\Program Files\Java\jdk1.8.0_121\jre\lib\ext\cldrdata.jar;C:\Program Files\Java\jdk1.8.0_121\jre\lib\ext\dnsns.jar;C:\Program Files\Java\jdk1.8.0_121\jre\lib\ext\jaccess.jar;C:\Program Files\Java\jdk1.8.0_121\jre\lib\ext\jfxrt.jar;C:\Program Files\Java\jdk1.8.0_121\jre\lib\ext\localedata.jar;C:\Program Files\Java\jdk1.8.0_121\jre\lib\ext\nashorn.jar;C:\Program Files\Java\jdk1.8.0_121\jre\lib\ext\sunec.jar;C:\Program Files\Java\jdk1.8.0_121\jre\lib\ext\sunjce_provider.jar;C:\Program Files\Java\jdk1.8.0_121\jre\lib\ext\sunmscapi.jar;C:\Program Files\Java\jdk1.8.0_121\jre\lib\ext\sunpkcs11.jar;C:\Program Files\Java\jdk1.8.0_121\jre\lib\ext\zipfs.jar;C:\Program Files\Java\jdk1.8.0_121\jre\lib\javaws.jar;C:\Program Files\Java\jdk1.8.0_121\jre\lib\jce.jar;C:\Program Files\Java\jdk1.8.0_121\jre\lib\jfr.jar;C:\Program Files\Java\jdk1.8.0_121\jre\lib\jfxswt.jar;C:\Program Files\Java\jdk1.8.0_121\jre\lib\jsse.jar;C:\Program Files\Java\jdk1.8.0_121\jre\lib\management-agent.jar;C:\Program Files\Java\jdk1.8.0_121\jre\lib\plugin.jar;C:\Program Files\Java\jdk1.8.0_121\jre\lib\resources.jar;C:\Program Files\Java\jdk1.8.0_121\jre\lib\rt.jar;C:\Users\LukePc\Desktop\BoomHere\out\production\BoomHere;C:\Users\LukePc\Desktop\BoomHere\src\jsfml.jar;C:\Program Files\JetBrains\IntelliJ IDEA Community Edition 2017.2.5\lib\idea_rt.jar
Launcher Type: SUN_STANDARD

Environment Variables:
PATH=C:\ProgramData\Oracle\Java\javapath;c:\windows\system32;c:\windows;c:\windows\system32\wbem;c:\windows\system32\windowspowershell\v1.0\;c:\program files (x86)\skype\phone\;C:\Program Files\Git\cmd;C:\Program Files\Git\mingw64\bin;C:\Program Files\Git\usr\bin;C:\Program Files (x86)\NVIDIA Corporation\PhysX\Common;%SystemRoot%\system32;%SystemRoot%;%SystemRoot%\System32\Wbem;%SYSTEMROOT%\System32\WindowsPowerShell\v1.0\;C:\Program Files\Java\jdk1.8.0_121\bin;C:\Users\LukePc\AppData\Local\Microsoft\WindowsApps;C:\Program Files\erl9.1\bin;
USERNAME=LukePc
OS=Windows_NT
PROCESSOR_IDENTIFIER=Intel64 Family 6 Model 60 Stepping 3, GenuineIntel



---------------  S Y S T E M  ---------------

OS: Windows 10.0 , 64 bit Build 16299 (10.0.16299.15)

CPU:total 8 (4 cores per cpu, 2 threads per core) family 6 model 60 stepping 3, cmov, cx8, fxsr, mmx, sse, sse2, sse3, ssse3, sse4.1, sse4.2, popcnt, avx, avx2, aes, clmul, erms, lzcnt, ht, tsc, tscinvbit, bmi1, bmi2

Memory: 4k page, physical 8305356k(2676656k free), swap 13023948k(4729876k free)

vm_info: Java HotSpot(TM) 64-Bit Server VM (25.121-b13) for windows-amd64 JRE (1.8.0_121-b13), built on Dec 12 2016 18:21:36 by "java_re" with MS VC++ 10.0 (VS2010)

time: Sun Feb 04 21:37:39 2018
elapsed time: 21 seconds (0d 0h 0m 21s)

