#
# A fatal error has been detected by the Java Runtime Environment:
#
#  EXCEPTION_ACCESS_VIOLATION (0xc0000005) at pc=0x00007ffa33faa222, pid=10588, tid=0x0000000000000260
#
# JRE version: Java(TM) SE Runtime Environment (8.0_121-b13) (build 1.8.0_121-b13)
# Java VM: Java HotSpot(TM) 64-Bit Server VM (25.121-b13 mixed mode windows-amd64 compressed oops)
# Problematic frame:
# C  [DINPUT.DLL+0x1a222]
#
# Failed to write core dump. Minidumps are not enabled by default on client versions of Windows
#
# If you would like to submit a bug report, please visit:
#   http://bugreport.java.com/bugreport/crash.jsp
# The crash happened outside the Java Virtual Machine in native code.
# See problematic frame for where to report the bug.
#

---------------  T H R E A D  ---------------

Current thread (0x00000000025ae000):  JavaThread "main" [_thread_in_native, id=608, stack(0x00000000029b0000,0x0000000002ab0000)]

siginfo: ExceptionCode=0xc0000005, reading address 0x0000000000000004

Registers:
RAX=0x000000007ffffffe, RBX=0x0000000000000001, RCX=0x00000000295d50d0, RDX=0x000000007ffffffd
RSP=0x0000000002aace10, RBP=0x0000000000000000, RSI=0x0000000156b694f0, RDI=0xffffffffd6a2af34
R8 =0x0000000000000000, R9 =0x00000000295d50d0, R10=0x00000000001a1140, R11=0x0000000002aacd50
R12=0x0000000080004005, R13=0x0000000000000000, R14=0x0000000080004005, R15=0xffffffffffffffff
RIP=0x00007ffa33faa222, EFLAGS=0x0000000000010202

Top of Stack: (sp=0x0000000002aace10)
0x0000000002aace10:   0000000080004005 0000000156b69308
0x0000000002aace20:   0000000080004005 00000000222e4460
0x0000000002aace30:   0000000156b69308 00007ffa33fa4acb
0x0000000002aace40:   00000000222e4460 0000000002aacf40
0x0000000002aace50:   0000000080004005 00007ffa5152c7eb
0x0000000002aace60:   0000000156b694f8 0000000000000000
0x0000000002aace70:   00000000001a0000 0000000000000290
0x0000000002aace80:   0000000156b69010 00007ffa518e97e4
0x0000000002aace90:   0000000000001000 000000003354c730
0x0000000002aacea0:   000000003354c730 00000000001a0344
0x0000000002aaceb0:   0000000000001000 0000000100020006
0x0000000002aacec0:   00000000001a6300 0000000000000000
0x0000000002aaced0:   00000000001a0000 000000000036c000
0x0000000002aacee0:   0000000000000000 00007ffa00000000
0x0000000002aacef0:   0000000000000000 0000000100000028
0x0000000002aacf00:   000000000000000d 00000000001a0cc0 

Instructions: (pc=0x00007ffa33faa222)
0x00007ffa33faa202:   ba fe ff ff 7f 48 d1 eb 48 8d 43 ff 48 3b c2 77
0x00007ffa33faa212:   35 48 2b d3 48 2b f9 48 8d 04 1a 48 85 c0 74 16
0x00007ffa33faa222:   0f b7 04 0f 66 85 c0 74 0d 66 89 01 48 83 c1 02
0x00007ffa33faa232:   48 83 eb 01 75 e1 48 85 db 48 8d 41 fe 48 0f 45 


Register to memory mapping:

RAX=0x000000007ffffffe is an unknown value
RBX=0x0000000000000001 is an unknown value
RCX=0x00000000295d50d0 is an unknown value
RDX=0x000000007ffffffd is an unknown value
RSP=0x0000000002aace10 is pointing into the stack for thread: 0x00000000025ae000
RBP=0x0000000000000000 is an unknown value
RSI=0x0000000156b694f0 is an unknown value
RDI=0xffffffffd6a2af34 is an unknown value
R8 =0x0000000000000000 is an unknown value
R9 =0x00000000295d50d0 is an unknown value
R10=0x00000000001a1140 is an unknown value
R11=0x0000000002aacd50 is pointing into the stack for thread: 0x00000000025ae000
R12=0x0000000080004005 is an unknown value
R13=0x0000000000000000 is an unknown value
R14=0x0000000080004005 is an unknown value
R15=0xffffffffffffffff is an unknown value


Stack: [0x00000000029b0000,0x0000000002ab0000],  sp=0x0000000002aace10,  free space=1011k
Native frames: (J=compiled Java code, j=interpreted, Vv=VM code, C=native code)

Java frames: (J=compiled Java code, j=interpreted, Vv=VM code)
J 506  org.jsfml.window.Window.nativePollEvent(Ljava/nio/Buffer;)V (0 bytes) @ 0x000000000483b8cf [0x000000000483b880+0x4f]
J 684% C2 Game.run(II)V (517 bytes) @ 0x00000000048d1a54 [0x00000000048d0aa0+0xfb4]
j  MainMenu.run()V+554
j  MainMenu.main([Ljava/lang/String;)V+9
v  ~StubRoutines::call_stub

---------------  P R O C E S S  ---------------

Java Threads: ( => current thread )
  0x000000001b651800 JavaThread "Service Thread" daemon [_thread_blocked, id=11052, stack(0x000000001c100000,0x000000001c200000)]
  0x000000001b5b7000 JavaThread "C1 CompilerThread3" daemon [_thread_blocked, id=8424, stack(0x000000001c000000,0x000000001c100000)]
  0x000000001b5a0000 JavaThread "C2 CompilerThread2" daemon [_thread_blocked, id=5396, stack(0x000000001bf00000,0x000000001c000000)]
  0x000000001b59d000 JavaThread "C2 CompilerThread1" daemon [_thread_blocked, id=5912, stack(0x000000001be00000,0x000000001bf00000)]
  0x000000001b59c800 JavaThread "C2 CompilerThread0" daemon [_thread_blocked, id=6292, stack(0x000000001bd00000,0x000000001be00000)]
  0x000000001b5a1800 JavaThread "Monitor Ctrl-Break" daemon [_thread_in_native, id=8688, stack(0x000000001bc00000,0x000000001bd00000)]
  0x000000001b501000 JavaThread "Attach Listener" daemon [_thread_blocked, id=1356, stack(0x000000001baf0000,0x000000001bbf0000)]
  0x000000001b500800 JavaThread "Signal Dispatcher" daemon [_thread_blocked, id=9256, stack(0x000000001b9f0000,0x000000001baf0000)]
  0x000000001b4f1800 JavaThread "Finalizer" daemon [_thread_blocked, id=5252, stack(0x000000001b8d0000,0x000000001b9d0000)]
  0x00000000195cd800 JavaThread "Reference Handler" daemon [_thread_blocked, id=5988, stack(0x000000001b3d0000,0x000000001b4d0000)]
=>0x00000000025ae000 JavaThread "main" [_thread_in_native, id=608, stack(0x00000000029b0000,0x0000000002ab0000)]

Other Threads:
  0x00000000195c8800 VMThread [stack: 0x000000001b2d0000,0x000000001b3d0000] [id=10868]
  0x000000001b679000 WatcherThread [stack: 0x000000001c200000,0x000000001c300000] [id=11244]

VM state:not at safepoint (normal execution)

VM Mutex/Monitor currently owned by a thread: None

Heap:
 PSYoungGen      total 32768K, used 16656K [0x00000000d5c00000, 0x00000000d9500000, 0x0000000100000000)
  eden space 23552K, 31% used [0x00000000d5c00000,0x00000000d635c288,0x00000000d7300000)
  from space 9216K, 98% used [0x00000000d7300000,0x00000000d7be8000,0x00000000d7c00000)
  to   space 17408K, 0% used [0x00000000d8400000,0x00000000d8400000,0x00000000d9500000)
 ParOldGen       total 82432K, used 45255K [0x0000000081400000, 0x0000000086480000, 0x00000000d5c00000)
  object space 82432K, 54% used [0x0000000081400000,0x0000000084031e38,0x0000000086480000)
 Metaspace       used 5442K, capacity 5666K, committed 5888K, reserved 1056768K
  class space    used 608K, capacity 693K, committed 768K, reserved 1048576K

Card table byte_map: [0x00000000139d0000,0x0000000013dd0000] byte_map_base: 0x00000000135c6000

Marking Bits: (ParMarkBitMap*) 0x0000000065feb6d0
 Begin Bits: [0x0000000014880000, 0x0000000016830000)
 End Bits:   [0x0000000016830000, 0x00000000187e0000)

Polling page: 0x00000000001f0000

CodeCache: size=245760Kb used=2912Kb max_used=2926Kb free=242847Kb
 bounds [0x0000000004610000, 0x00000000048f0000, 0x0000000013610000]
 total_blobs=1010 nmethods=697 adapters=226
 compilation: enabled

Compilation events (10 events):
Event: 717.202 Thread 0x000000001b59c800  693       4       java.nio.DirectByteBuffer::asLongBuffer (151 bytes)
Event: 717.205 Thread 0x000000001b59c800 nmethod 693 0x00000000048ae290 code [0x00000000048ae3e0, 0x00000000048ae578]
Event: 728.037 Thread 0x000000001b5a0000  694       4       org.jsfml.internal.SFMLNativeObject::<init> (78 bytes)
Event: 728.046 Thread 0x000000001b5a0000 nmethod 694 0x00000000048e0750 code [0x00000000048e0940, 0x00000000048e12d0]
Event: 1077.277 Thread 0x000000001b5b7000  695 %     3       Game::run @ 309 (517 bytes)
Event: 1077.281 Thread 0x000000001b5b7000 nmethod 695% 0x00000000048e3dd0 code [0x00000000048e4640, 0x00000000048e9b78]
Event: 2114.745 Thread 0x000000001b5b7000  696   !   3       java.lang.ref.Reference::tryHandlePending (115 bytes)
Event: 2114.746 Thread 0x000000001b5b7000 nmethod 696 0x00000000048d6410 code [0x00000000048d6640, 0x00000000048d72c8]
Event: 2114.747 Thread 0x000000001b59d000  697   !   4       java.lang.ref.Reference::tryHandlePending (115 bytes)
Event: 2114.753 Thread 0x000000001b59d000 nmethod 697 0x00000000048e2850 code [0x00000000048e2a20, 0x00000000048e36f0]

GC Heap History (10 events):
Event: 2039.440 GC heap before
{Heap before GC invocations=25 (full 1):
 PSYoungGen      total 43008K, used 33344K [0x00000000d5c00000, 0x00000000d9880000, 0x0000000100000000)
  eden space 24064K, 100% used [0x00000000d5c00000,0x00000000d7380000,0x00000000d7380000)
  from space 18944K, 48% used [0x00000000d7380000,0x00000000d7c90000,0x00000000d8600000)
  to   space 18944K, 0% used [0x00000000d8600000,0x00000000d8600000,0x00000000d9880000)
 ParOldGen       total 113152K, used 98572K [0x0000000081400000, 0x0000000088280000, 0x00000000d5c00000)
  object space 113152K, 87% used [0x0000000081400000,0x00000000874432f0,0x0000000088280000)
 Metaspace       used 5448K, capacity 5676K, committed 5888K, reserved 1056768K
  class space    used 611K, capacity 698K, committed 768K, reserved 1048576K
Event: 2039.466 GC heap after
Heap after GC invocations=25 (full 1):
 PSYoungGen      total 41984K, used 9312K [0x00000000d5c00000, 0x00000000d9780000, 0x0000000100000000)
  eden space 24064K, 0% used [0x00000000d5c00000,0x00000000d5c00000,0x00000000d7380000)
  from space 17920K, 51% used [0x00000000d8600000,0x00000000d8f18000,0x00000000d9780000)
  to   space 18432K, 0% used [0x00000000d7380000,0x00000000d7380000,0x00000000d8580000)
 ParOldGen       total 113152K, used 102164K [0x0000000081400000, 0x0000000088280000, 0x00000000d5c00000)
  object space 113152K, 90% used [0x0000000081400000,0x00000000877c52f0,0x0000000088280000)
 Metaspace       used 5448K, capacity 5676K, committed 5888K, reserved 1056768K
  class space    used 611K, capacity 698K, committed 768K, reserved 1048576K
}
Event: 2114.431 GC heap before
{Heap before GC invocations=26 (full 1):
 PSYoungGen      total 41984K, used 33376K [0x00000000d5c00000, 0x00000000d9780000, 0x0000000100000000)
  eden space 24064K, 100% used [0x00000000d5c00000,0x00000000d7380000,0x00000000d7380000)
  from space 17920K, 51% used [0x00000000d8600000,0x00000000d8f18000,0x00000000d9780000)
  to   space 18432K, 0% used [0x00000000d7380000,0x00000000d7380000,0x00000000d8580000)
 ParOldGen       total 113152K, used 102164K [0x0000000081400000, 0x0000000088280000, 0x00000000d5c00000)
  object space 113152K, 90% used [0x0000000081400000,0x00000000877c52f0,0x0000000088280000)
 Metaspace       used 5448K, capacity 5676K, committed 5888K, reserved 1056768K
  class space    used 611K, capacity 698K, committed 768K, reserved 1048576K
Event: 2114.461 GC heap after
Heap after GC invocations=26 (full 1):
 PSYoungGen      total 33792K, used 9312K [0x00000000d5c00000, 0x00000000d9680000, 0x0000000100000000)
  eden space 24064K, 0% used [0x00000000d5c00000,0x00000000d5c00000,0x00000000d7380000)
  from space 9728K, 95% used [0x00000000d7380000,0x00000000d7c98000,0x00000000d7d00000)
  to   space 17920K, 0% used [0x00000000d8500000,0x00000000d8500000,0x00000000d9680000)
 ParOldGen       total 113152K, used 105756K [0x0000000081400000, 0x0000000088280000, 0x00000000d5c00000)
  object space 113152K, 93% used [0x0000000081400000,0x0000000087b472f0,0x0000000088280000)
 Metaspace       used 5448K, capacity 5676K, committed 5888K, reserved 1056768K
  class space    used 611K, capacity 698K, committed 768K, reserved 1048576K
}
Event: 2114.462 GC heap before
{Heap before GC invocations=27 (full 2):
 PSYoungGen      total 33792K, used 9312K [0x00000000d5c00000, 0x00000000d9680000, 0x0000000100000000)
  eden space 24064K, 0% used [0x00000000d5c00000,0x00000000d5c00000,0x00000000d7380000)
  from space 9728K, 95% used [0x00000000d7380000,0x00000000d7c98000,0x00000000d7d00000)
  to   space 17920K, 0% used [0x00000000d8500000,0x00000000d8500000,0x00000000d9680000)
 ParOldGen       total 113152K, used 105756K [0x0000000081400000, 0x0000000088280000, 0x00000000d5c00000)
  object space 113152K, 93% used [0x0000000081400000,0x0000000087b472f0,0x0000000088280000)
 Metaspace       used 5448K, capacity 5676K, committed 5888K, reserved 1056768K
  class space    used 611K, capacity 698K, committed 768K, reserved 1048576K
Event: 2114.693 GC heap after
Heap after GC invocations=27 (full 2):
 PSYoungGen      total 33792K, used 0K [0x00000000d5c00000, 0x00000000d9680000, 0x0000000100000000)
  eden space 24064K, 0% used [0x00000000d5c00000,0x00000000d5c00000,0x00000000d7380000)
  from space 9728K, 0% used [0x00000000d7380000,0x00000000d7380000,0x00000000d7d00000)
  to   space 17920K, 0% used [0x00000000d8500000,0x00000000d8500000,0x00000000d9680000)
 ParOldGen       total 82432K, used 41655K [0x0000000081400000, 0x0000000086480000, 0x00000000d5c00000)
  object space 82432K, 50% used [0x0000000081400000,0x0000000083cade38,0x0000000086480000)
 Metaspace       used 5442K, capacity 5666K, committed 5888K, reserved 1056768K
  class space    used 608K, capacity 693K, committed 768K, reserved 1048576K
}
Event: 2189.401 GC heap before
{Heap before GC invocations=28 (full 2):
 PSYoungGen      total 33792K, used 24064K [0x00000000d5c00000, 0x00000000d9680000, 0x0000000100000000)
  eden space 24064K, 100% used [0x00000000d5c00000,0x00000000d7380000,0x00000000d7380000)
  from space 9728K, 0% used [0x00000000d7380000,0x00000000d7380000,0x00000000d7d00000)
  to   space 17920K, 0% used [0x00000000d8500000,0x00000000d8500000,0x00000000d9680000)
 ParOldGen       total 82432K, used 41655K [0x0000000081400000, 0x0000000086480000, 0x00000000d5c00000)
  object space 82432K, 50% used [0x0000000081400000,0x0000000083cade38,0x0000000086480000)
 Metaspace       used 5442K, capacity 5666K, committed 5888K, reserved 1056768K
  class space    used 608K, capacity 693K, committed 768K, reserved 1048576K
Event: 2189.435 GC heap after
Heap after GC invocations=28 (full 2):
 PSYoungGen      total 40960K, used 9280K [0x00000000d5c00000, 0x00000000d9600000, 0x0000000100000000)
  eden space 23552K, 0% used [0x00000000d5c00000,0x00000000d5c00000,0x00000000d7300000)
  from space 17408K, 53% used [0x00000000d8500000,0x00000000d8e10000,0x00000000d9600000)
  to   space 17920K, 0% used [0x00000000d7300000,0x00000000d7300000,0x00000000d8480000)
 ParOldGen       total 82432K, used 41655K [0x0000000081400000, 0x0000000086480000, 0x00000000d5c00000)
  object space 82432K, 50% used [0x0000000081400000,0x0000000083cade38,0x0000000086480000)
 Metaspace       used 5442K, capacity 5666K, committed 5888K, reserved 1056768K
  class space    used 608K, capacity 693K, committed 768K, reserved 1048576K
}
Event: 2262.793 GC heap before
{Heap before GC invocations=29 (full 2):
 PSYoungGen      total 40960K, used 32832K [0x00000000d5c00000, 0x00000000d9600000, 0x0000000100000000)
  eden space 23552K, 100% used [0x00000000d5c00000,0x00000000d7300000,0x00000000d7300000)
  from space 17408K, 53% used [0x00000000d8500000,0x00000000d8e10000,0x00000000d9600000)
  to   space 17920K, 0% used [0x00000000d7300000,0x00000000d7300000,0x00000000d8480000)
 ParOldGen       total 82432K, used 41655K [0x0000000081400000, 0x0000000086480000, 0x00000000d5c00000)
  object space 82432K, 50% used [0x0000000081400000,0x0000000083cade38,0x0000000086480000)
 Metaspace       used 5442K, capacity 5666K, committed 5888K, reserved 1056768K
  class space    used 608K, capacity 693K, committed 768K, reserved 1048576K
Event: 2262.818 GC heap after
Heap after GC invocations=29 (full 2):
 PSYoungGen      total 32768K, used 9120K [0x00000000d5c00000, 0x00000000d9500000, 0x0000000100000000)
  eden space 23552K, 0% used [0x00000000d5c00000,0x00000000d5c00000,0x00000000d7300000)
  from space 9216K, 98% used [0x00000000d7300000,0x00000000d7be8000,0x00000000d7c00000)
  to   space 17408K, 0% used [0x00000000d8400000,0x00000000d8400000,0x00000000d9500000)
 ParOldGen       total 82432K, used 45255K [0x0000000081400000, 0x0000000086480000, 0x00000000d5c00000)
  object space 82432K, 54% used [0x0000000081400000,0x0000000084031e38,0x0000000086480000)
 Metaspace       used 5442K, capacity 5666K, committed 5888K, reserved 1056768K
  class space    used 608K, capacity 693K, committed 768K, reserved 1048576K
}

Deoptimization events (10 events):
Event: 64.123 Thread 0x00000000195cd800 Uncommon trap: reason=class_check action=maybe_recompile pc=0x000000000489b6ac method=java.lang.ref.ReferenceQueue.enqueue(Ljava/lang/ref/Reference;)Z @ 91
Event: 64.123 Thread 0x00000000195cd800 Uncommon trap: reason=class_check action=maybe_recompile pc=0x000000000489b6ac method=java.lang.ref.ReferenceQueue.enqueue(Ljava/lang/ref/Reference;)Z @ 91
Event: 64.123 Thread 0x00000000195cd800 Uncommon trap: reason=class_check action=maybe_recompile pc=0x000000000489b6ac method=java.lang.ref.ReferenceQueue.enqueue(Ljava/lang/ref/Reference;)Z @ 91
Event: 64.123 Thread 0x00000000195cd800 Uncommon trap: reason=class_check action=maybe_recompile pc=0x000000000489b6ac method=java.lang.ref.ReferenceQueue.enqueue(Ljava/lang/ref/Reference;)Z @ 91
Event: 64.166 Thread 0x000000001b4f1800 Uncommon trap: reason=unstable_if action=reinterpret pc=0x00000000048a1fe4 method=java.lang.ref.ReferenceQueue.reallyPoll()Ljava/lang/ref/Reference; @ 15
Event: 64.180 Thread 0x000000001b4f1800 Uncommon trap: reason=unstable_if action=reinterpret pc=0x00000000048a0618 method=java.lang.ref.ReferenceQueue.reallyPoll()Ljava/lang/ref/Reference; @ 15
Event: 64.180 Thread 0x000000001b4f1800 Uncommon trap: reason=unstable_if action=reinterpret pc=0x00000000048a3434 method=java.lang.ref.ReferenceQueue.reallyPoll()Ljava/lang/ref/Reference; @ 6
Event: 714.520 Thread 0x00000000025ae000 Uncommon trap: reason=unstable_if action=reinterpret pc=0x000000000486df7c method=java.nio.Bits.tryReserveMemory(JI)Z @ 29
Event: 1073.503 Thread 0x00000000025ae000 Uncommon trap: reason=unstable_if action=reinterpret pc=0x00000000048db0bc method=Game.run(II)V @ 180
Event: 2114.745 Thread 0x00000000195cd800 Uncommon trap: reason=unstable_if action=reinterpret pc=0x00000000048aae7c method=java.lang.ref.Reference.tryHandlePending(Z)Z @ 104

Internal exceptions (10 events):
Event: 0.025 Thread 0x00000000025ae000 Exception <a 'java/lang/NoSuchMethodError': Method sun.misc.Unsafe.defineClass(Ljava/lang/String;[BII)Ljava/lang/Class; name or signature does not match> (0x00000000d5c07ca8) thrown at [C:\re\workspace\8-2-build-windows-amd64-cygwin\jdk8u121\8372\hotspot\
Event: 0.025 Thread 0x00000000025ae000 Exception <a 'java/lang/NoSuchMethodError': Method sun.misc.Unsafe.prefetchRead(Ljava/lang/Object;J)V name or signature does not match> (0x00000000d5c07f90) thrown at [C:\re\workspace\8-2-build-windows-amd64-cygwin\jdk8u121\8372\hotspot\src\share\vm\prims
Event: 0.122 Thread 0x00000000025ae000 Exception <a 'sun/nio/fs/WindowsException'> (0x00000000d5f4e500) thrown at [C:\re\workspace\8-2-build-windows-amd64-cygwin\jdk8u121\8372\hotspot\src\share\vm\prims\jni.cpp, line 709]
Event: 0.127 Thread 0x00000000025ae000 Exception <a 'java/security/PrivilegedActionException'> (0x00000000d5f670a0) thrown at [C:\re\workspace\8-2-build-windows-amd64-cygwin\jdk8u121\8372\hotspot\src\share\vm\prims\jvm.cpp, line 1390]
Event: 0.127 Thread 0x00000000025ae000 Exception <a 'java/security/PrivilegedActionException'> (0x00000000d5f672b0) thrown at [C:\re\workspace\8-2-build-windows-amd64-cygwin\jdk8u121\8372\hotspot\src\share\vm\prims\jvm.cpp, line 1390]
Event: 0.127 Thread 0x00000000025ae000 Exception <a 'java/security/PrivilegedActionException'> (0x00000000d5f6b1c0) thrown at [C:\re\workspace\8-2-build-windows-amd64-cygwin\jdk8u121\8372\hotspot\src\share\vm\prims\jvm.cpp, line 1390]
Event: 0.128 Thread 0x00000000025ae000 Exception <a 'java/security/PrivilegedActionException'> (0x00000000d5f6b3d0) thrown at [C:\re\workspace\8-2-build-windows-amd64-cygwin\jdk8u121\8372\hotspot\src\share\vm\prims\jvm.cpp, line 1390]
Event: 0.364 Thread 0x00000000025ae000 Exception <a 'java/lang/NoSuchFieldError': method resolution failed> (0x00000000d60e6558) thrown at [C:\re\workspace\8-2-build-windows-amd64-cygwin\jdk8u121\8372\hotspot\src\share\vm\prims\methodHandles.cpp, line 1146]
Event: 0.365 Thread 0x00000000025ae000 Exception <a 'java/lang/NoSuchFieldError': method resolution failed> (0x00000000d60f4400) thrown at [C:\re\workspace\8-2-build-windows-amd64-cygwin\jdk8u121\8372\hotspot\src\share\vm\prims\methodHandles.cpp, line 1146]
Event: 64.180 Thread 0x000000001b4f1800 Implicit null exception at 0x00000000048a3181 to 0x00000000048a3415

Events (10 events):
Event: 2039.466 Executing VM operation: ParallelGCFailedAllocation done
Event: 2114.431 Executing VM operation: ParallelGCFailedAllocation
Event: 2114.693 Executing VM operation: ParallelGCFailedAllocation done
Event: 2114.745 Thread 0x00000000195cd800 Uncommon trap: trap_request=0xffffff65 fr.pc=0x00000000048aae7c
Event: 2114.745 Thread 0x00000000195cd800 DEOPT PACKING pc=0x00000000048aae7c sp=0x000000001b4cf610
Event: 2114.745 Thread 0x00000000195cd800 DEOPT UNPACKING pc=0x000000000465582a sp=0x000000001b4cf5b8 mode 2
Event: 2189.401 Executing VM operation: ParallelGCFailedAllocation
Event: 2189.435 Executing VM operation: ParallelGCFailedAllocation done
Event: 2262.793 Executing VM operation: ParallelGCFailedAllocation
Event: 2262.818 Executing VM operation: ParallelGCFailedAllocation done


Dynamic libraries:
0x00007ff616a90000 - 0x00007ff616ac7000 	C:\Program Files\Java\jdk1.8.0_121\bin\java.exe
0x00007ffa518c0000 - 0x00007ffa51aa0000 	C:\WINDOWS\SYSTEM32\ntdll.dll
0x00007ffa51280000 - 0x00007ffa5132e000 	C:\WINDOWS\System32\KERNEL32.DLL
0x00007ffa4eaa0000 - 0x00007ffa4ed06000 	C:\WINDOWS\System32\KERNELBASE.dll
0x00007ffa515e0000 - 0x00007ffa51681000 	C:\WINDOWS\System32\ADVAPI32.dll
0x00007ffa514e0000 - 0x00007ffa5157d000 	C:\WINDOWS\System32\msvcrt.dll
0x00007ffa50ee0000 - 0x00007ffa50f3b000 	C:\WINDOWS\System32\sechost.dll
0x00007ffa513c0000 - 0x00007ffa514df000 	C:\WINDOWS\System32\RPCRT4.dll
0x00007ffa510f0000 - 0x00007ffa5127f000 	C:\WINDOWS\System32\USER32.dll
0x00007ffa4e180000 - 0x00007ffa4e1a0000 	C:\WINDOWS\System32\win32u.dll
0x00007ffa4f1c0000 - 0x00007ffa4f1e8000 	C:\WINDOWS\System32\GDI32.dll
0x00007ffa4dee0000 - 0x00007ffa4e073000 	C:\WINDOWS\System32\gdi32full.dll
0x00007ffa4e1a0000 - 0x00007ffa4e23b000 	C:\WINDOWS\System32\msvcp_win.dll
0x00007ffa4e080000 - 0x00007ffa4e176000 	C:\WINDOWS\System32\ucrtbase.dll
0x00007ffa419a0000 - 0x00007ffa41c09000 	C:\WINDOWS\WinSxS\amd64_microsoft.windows.common-controls_6595b64144ccf1df_6.0.16299.125_none_15cbcf8893620c09\COMCTL32.dll
0x00007ffa4eeb0000 - 0x00007ffa4f1b8000 	C:\WINDOWS\System32\combase.dll
0x00007ffa4ed10000 - 0x00007ffa4ed82000 	C:\WINDOWS\System32\bcryptPrimitives.dll
0x00007ffa51010000 - 0x00007ffa5103d000 	C:\WINDOWS\System32\IMM32.DLL
0x00000000674a0000 - 0x0000000067572000 	C:\Program Files\Java\jdk1.8.0_121\jre\bin\msvcr100.dll
0x00000000657d0000 - 0x000000006606b000 	C:\Program Files\Java\jdk1.8.0_121\jre\bin\server\jvm.dll
0x00007ffa510e0000 - 0x00007ffa510e8000 	C:\WINDOWS\System32\PSAPI.DLL
0x00007ffa49ff0000 - 0x00007ffa49ff9000 	C:\WINDOWS\SYSTEM32\WSOCK32.dll
0x00007ffa47cd0000 - 0x00007ffa47cda000 	C:\WINDOWS\SYSTEM32\VERSION.dll
0x00007ffa49f30000 - 0x00007ffa49f53000 	C:\WINDOWS\SYSTEM32\WINMM.dll
0x00007ffa50690000 - 0x00007ffa506fc000 	C:\WINDOWS\System32\WS2_32.dll
0x00007ffa49ed0000 - 0x00007ffa49efa000 	C:\WINDOWS\SYSTEM32\winmmbase.dll
0x00007ffa4de90000 - 0x00007ffa4deda000 	C:\WINDOWS\System32\cfgmgr32.dll
0x0000000067490000 - 0x000000006749f000 	C:\Program Files\Java\jdk1.8.0_121\jre\bin\verify.dll
0x0000000067460000 - 0x0000000067489000 	C:\Program Files\Java\jdk1.8.0_121\jre\bin\java.dll
0x0000000067410000 - 0x0000000067433000 	C:\Program Files\Java\jdk1.8.0_121\jre\bin\instrument.dll
0x0000000067440000 - 0x0000000067456000 	C:\Program Files\Java\jdk1.8.0_121\jre\bin\zip.dll
0x00007ffa4f1f0000 - 0x00007ffa50626000 	C:\WINDOWS\System32\SHELL32.dll
0x00007ffa50e30000 - 0x00007ffa50ed6000 	C:\WINDOWS\System32\shcore.dll
0x00007ffa4e240000 - 0x00007ffa4e987000 	C:\WINDOWS\System32\windows.storage.dll
0x00007ffa51580000 - 0x00007ffa515d1000 	C:\WINDOWS\System32\shlwapi.dll
0x00007ffa4dc50000 - 0x00007ffa4dc61000 	C:\WINDOWS\System32\kernel.appcore.dll
0x00007ffa4dc70000 - 0x00007ffa4dcbc000 	C:\WINDOWS\System32\powrprof.dll
0x00007ffa4dc10000 - 0x00007ffa4dc2b000 	C:\WINDOWS\System32\profapi.dll
0x00007ffa34410000 - 0x00007ffa3442a000 	C:\Program Files\JetBrains\IntelliJ IDEA Community Edition 2017.2.5\bin\breakgen64.dll
0x00000000673f0000 - 0x000000006740a000 	C:\Program Files\Java\jdk1.8.0_121\jre\bin\net.dll
0x00007ffa4d4a0000 - 0x00007ffa4d506000 	C:\WINDOWS\system32\mswsock.dll
0x00000000673d0000 - 0x00000000673e1000 	C:\Program Files\Java\jdk1.8.0_121\jre\bin\nio.dll
0x0000000070440000 - 0x0000000070682000 	C:\Users\LukePc\.jsfml\windows_x64\libsndfile-1.dll
0x00007ffa19080000 - 0x00007ffa190ec000 	C:\Users\LukePc\.jsfml\windows_x64\openal32.dll
0x00007ffa34510000 - 0x00007ffa3451e000 	C:\Users\LukePc\.jsfml\windows_x64\sfml-system-2.dll
0x0000000067330000 - 0x00000000673c8000 	C:\WINDOWS\SYSTEM32\MSVCP100.dll
0x00007ffa343f0000 - 0x00007ffa34404000 	C:\Users\LukePc\.jsfml\windows_x64\sfml-window-2.dll
0x00007ffa28b20000 - 0x00007ffa28c3e000 	C:\WINDOWS\SYSTEM32\OPENGL32.dll
0x00007ffa486f0000 - 0x00007ffa4871c000 	C:\WINDOWS\SYSTEM32\GLU32.dll
0x00007ffa34090000 - 0x00007ffa340a3000 	C:\Users\LukePc\.jsfml\windows_x64\sfml-audio-2.dll
0x00007ffa023e0000 - 0x00007ffa024c9000 	C:\Users\LukePc\.jsfml\windows_x64\sfml-graphics-2.dll
0x00007ffa33f30000 - 0x00007ffa33f65000 	C:\Users\LukePc\.jsfml\windows_x64\jsfml.dll
0x00007ffa4c0d0000 - 0x00007ffa4c165000 	C:\WINDOWS\system32\uxtheme.dll
0x00007ffa50ca0000 - 0x00007ffa50e07000 	C:\WINDOWS\System32\MSCTF.dll
0x00007ffa50f40000 - 0x00007ffa51005000 	C:\WINDOWS\System32\OLEAUT32.dll
0x00000000631a0000 - 0x0000000065482000 	C:\WINDOWS\SYSTEM32\nvoglv64.DLL
0x00007ffa50850000 - 0x00007ffa50c9e000 	C:\WINDOWS\System32\SETUPAPI.dll
0x00007ffa50700000 - 0x00007ffa50849000 	C:\WINDOWS\System32\ole32.dll
0x00007ffa49c20000 - 0x00007ffa49c33000 	C:\WINDOWS\SYSTEM32\WTSAPI32.dll
0x00007ffa4da20000 - 0x00007ffa4da47000 	C:\WINDOWS\SYSTEM32\DEVOBJ.dll
0x00007ffa4ea40000 - 0x00007ffa4ea98000 	C:\WINDOWS\System32\WINTRUST.dll
0x00007ffa4dc30000 - 0x00007ffa4dc42000 	C:\WINDOWS\System32\MSASN1.dll
0x00007ffa4dcc0000 - 0x00007ffa4de8e000 	C:\WINDOWS\System32\CRYPT32.dll
0x00007ffa4cd50000 - 0x00007ffa4cd81000 	C:\WINDOWS\SYSTEM32\ntmarta.dll
0x00007ffa4c3e0000 - 0x00007ffa4c40a000 	C:\WINDOWS\system32\dwmapi.dll
0x00007ffa2d7d0000 - 0x00007ffa2da24000 	C:\WINDOWS\system32\nvspcap64.dll
0x00007ffa4cdc0000 - 0x00007ffa4ce15000 	C:\WINDOWS\SYSTEM32\WINSTA.dll
0x00007ffa33f90000 - 0x00007ffa33fbd000 	C:\WINDOWS\SYSTEM32\DINPUT.DLL
0x00007ffa483f0000 - 0x00007ffa4841e000 	C:\WINDOWS\SYSTEM32\inputhost.dll
0x00007ffa4b9c0000 - 0x00007ffa4ba9d000 	C:\WINDOWS\SYSTEM32\CoreMessaging.dll
0x00007ffa48a90000 - 0x00007ffa48d7e000 	C:\WINDOWS\SYSTEM32\CoreUIComponents.dll
0x00007ffa4a3e0000 - 0x00007ffa4a516000 	C:\WINDOWS\SYSTEM32\wintypes.dll
0x00007ffa4c910000 - 0x00007ffa4c91c000 	C:\WINDOWS\SYSTEM32\HID.DLL
0x00007ffa3b9d0000 - 0x00007ffa3ba68000 	C:\WINDOWS\System32\TextInputFramework.dll
0x00007ffa4c970000 - 0x00007ffa4ca1f000 	C:\WINDOWS\system32\dxgi.dll
0x00007ffa4b110000 - 0x00007ffa4b3f1000 	C:\WINDOWS\system32\d3d11.dll
0x00007ffa0c6c0000 - 0x00007ffa0c7aa000 	C:\WINDOWS\System32\DriverStore\FileRepository\nvmii.inf_amd64_f3e7c8de3d3edd0c\nvldumdx.dll
0x00007ffa50e10000 - 0x00007ffa50e2d000 	C:\WINDOWS\System32\imagehlp.dll
0x00007ffa4d660000 - 0x00007ffa4d677000 	C:\WINDOWS\SYSTEM32\CRYPTSP.dll
0x00007ffa4d0b0000 - 0x00007ffa4d0e3000 	C:\WINDOWS\system32\rsaenh.dll
0x00007ffa4d770000 - 0x00007ffa4d795000 	C:\WINDOWS\SYSTEM32\bcrypt.dll
0x00007ffa4d680000 - 0x00007ffa4d68b000 	C:\WINDOWS\SYSTEM32\CRYPTBASE.dll
0x00007ff9f52b0000 - 0x00007ff9f6e19000 	C:\WINDOWS\System32\DriverStore\FileRepository\nvmii.inf_amd64_f3e7c8de3d3edd0c\nvwgf2umx.dll
0x00007ffa42000000 - 0x00007ffa42480000 	C:\WINDOWS\system32\nvapi64.dll
0x00007ffa4baa0000 - 0x00007ffa4bbe2000 	C:\WINDOWS\SYSTEM32\dcomp.dll
0x00007ffa461e0000 - 0x00007ffa4713d000 	C:\WINDOWS\SYSTEM32\igd10iumd64.dll
0x00007ffa4d740000 - 0x00007ffa4d766000 	C:\WINDOWS\SYSTEM32\ncrypt.dll
0x00007ffa4d700000 - 0x00007ffa4d736000 	C:\WINDOWS\SYSTEM32\NTASN1.dll
0x00007ffa454a0000 - 0x00007ffa45edf000 	C:\WINDOWS\SYSTEM32\igdusc64.dll
0x00007ffa47650000 - 0x00007ffa47818000 	C:\WINDOWS\SYSTEM32\dbghelp.dll

VM Arguments:
jvm_args: -javaagent:C:\Program Files\JetBrains\IntelliJ IDEA Community Edition 2017.2.5\lib\idea_rt.jar=52117:C:\Program Files\JetBrains\IntelliJ IDEA Community Edition 2017.2.5\bin -Dfile.encoding=UTF-8 
java_command: MainMenu
java_class_path (initial): C:\Program Files\Java\jdk1.8.0_121\jre\lib\charsets.jar;C:\Program Files\Java\jdk1.8.0_121\jre\lib\deploy.jar;C:\Program Files\Java\jdk1.8.0_121\jre\lib\ext\access-bridge-64.jar;C:\Program Files\Java\jdk1.8.0_121\jre\lib\ext\cldrdata.jar;C:\Program Files\Java\jdk1.8.0_121\jre\lib\ext\dnsns.jar;C:\Program Files\Java\jdk1.8.0_121\jre\lib\ext\jaccess.jar;C:\Program Files\Java\jdk1.8.0_121\jre\lib\ext\jfxrt.jar;C:\Program Files\Java\jdk1.8.0_121\jre\lib\ext\localedata.jar;C:\Program Files\Java\jdk1.8.0_121\jre\lib\ext\nashorn.jar;C:\Program Files\Java\jdk1.8.0_121\jre\lib\ext\sunec.jar;C:\Program Files\Java\jdk1.8.0_121\jre\lib\ext\sunjce_provider.jar;C:\Program Files\Java\jdk1.8.0_121\jre\lib\ext\sunmscapi.jar;C:\Program Files\Java\jdk1.8.0_121\jre\lib\ext\sunpkcs11.jar;C:\Program Files\Java\jdk1.8.0_121\jre\lib\ext\zipfs.jar;C:\Program Files\Java\jdk1.8.0_121\jre\lib\javaws.jar;C:\Program Files\Java\jdk1.8.0_121\jre\lib\jce.jar;C:\Program Files\Java\jdk1.8.0_121\jre\lib\jfr.jar;C:\Program Files\Java\jdk1.8.0_121\jre\lib\jfxswt.jar;C:\Program Files\Java\jdk1.8.0_121\jre\lib\jsse.jar;C:\Program Files\Java\jdk1.8.0_121\jre\lib\management-agent.jar;C:\Program Files\Java\jdk1.8.0_121\jre\lib\plugin.jar;C:\Program Files\Java\jdk1.8.0_121\jre\lib\resources.jar;C:\Program Files\Java\jdk1.8.0_121\jre\lib\rt.jar;C:\Users\LukePc\Desktop\BoomHere\out\production\BoomHere;C:\Users\LukePc\Desktop\BoomHere\src\jsfml.jar;C:\Program Files\JetBrains\IntelliJ IDEA Community Edition 2017.2.5\lib\idea_rt.jar
Launcher Type: SUN_STANDARD

Environment Variables:
PATH=C:\ProgramData\Oracle\Java\javapath;c:\windows\system32;c:\windows;c:\windows\system32\wbem;c:\windows\system32\windowspowershell\v1.0\;c:\program files (x86)\skype\phone\;C:\Program Files\Git\cmd;C:\Program Files\Git\mingw64\bin;C:\Program Files\Git\usr\bin;C:\Program Files (x86)\NVIDIA Corporation\PhysX\Common;%SystemRoot%\system32;%SystemRoot%;%SystemRoot%\System32\Wbem;%SYSTEMROOT%\System32\WindowsPowerShell\v1.0\;C:\Program Files\Java\jdk1.8.0_121\bin;C:\Users\LukePc\AppData\Local\Microsoft\WindowsApps;C:\Program Files\erl9.1\bin;
USERNAME=LukePc
OS=Windows_NT
PROCESSOR_IDENTIFIER=Intel64 Family 6 Model 60 Stepping 3, GenuineIntel



---------------  S Y S T E M  ---------------

OS: Windows 10.0 , 64 bit Build 16299 (10.0.16299.15)

CPU:total 8 (4 cores per cpu, 2 threads per core) family 6 model 60 stepping 3, cmov, cx8, fxsr, mmx, sse, sse2, sse3, ssse3, sse4.1, sse4.2, popcnt, avx, avx2, aes, clmul, erms, lzcnt, ht, tsc, tscinvbit, bmi1, bmi2

Memory: 4k page, physical 8305356k(1028776k free), swap 14086916k(2846276k free)

vm_info: Java HotSpot(TM) 64-Bit Server VM (25.121-b13) for windows-amd64 JRE (1.8.0_121-b13), built on Dec 12 2016 18:21:36 by "java_re" with MS VC++ 10.0 (VS2010)

time: Sun Feb 04 18:54:51 2018
elapsed time: 2285 seconds (0d 0h 38m 5s)

