#
# A fatal error has been detected by the Java Runtime Environment:
#
#  EXCEPTION_ACCESS_VIOLATION (0xc0000005) at pc=0x00007ffac842a222, pid=6492, tid=0x0000000000001654
#
# JRE version: Java(TM) SE Runtime Environment (8.0_121-b13) (build 1.8.0_121-b13)
# Java VM: Java HotSpot(TM) 64-Bit Server VM (25.121-b13 mixed mode windows-amd64 compressed oops)
# Problematic frame:
# C  [DINPUT.DLL+0x1a222]
#
# Failed to write core dump. Minidumps are not enabled by default on client versions of Windows
#
# If you would like to submit a bug report, please visit:
#   http://bugreport.java.com/bugreport/crash.jsp
# The crash happened outside the Java Virtual Machine in native code.
# See problematic frame for where to report the bug.
#

---------------  T H R E A D  ---------------

Current thread (0x00000000050ce000):  JavaThread "main" [_thread_in_native, id=5716, stack(0x00000000051c0000,0x00000000052c0000)]

siginfo: ExceptionCode=0xc0000005, reading address 0x0000000000000004

Registers:
RAX=0x000000007ffffffe, RBX=0x0000000000000001, RCX=0x00000000236a8270, RDX=0x000000007ffffffd
RSP=0x00000000052bc8a0, RBP=0x0000000000000000, RSI=0x0000000020544a90, RDI=0xffffffffdc957d94
R8 =0x0000000000000000, R9 =0x00000000236a8270, R10=0x0000000003421200, R11=0x00000000052bc7e0
R12=0x0000000080004005, R13=0x0000000000000000, R14=0x0000000080004005, R15=0xffffffffffffffff
RIP=0x00007ffac842a222, EFLAGS=0x0000000000010202

Top of Stack: (sp=0x00000000052bc8a0)
0x00000000052bc8a0:   0000000080004005 00000000205448a8
0x00000000052bc8b0:   0000000080004005 00000000232bb060
0x00000000052bc8c0:   00000000205448a8 00007ffac8424acb
0x00000000052bc8d0:   00000000232bb060 00000000052bc9d0
0x00000000052bc8e0:   0000000080004005 00007ffae416c7eb
0x00000000052bc8f0:   0000000020544a98 0000000000000040
0x00000000052bc900:   00000000052bd062 00000000f7000bfc
0x00000000052bc910:   00000000052bcec0 00007ffa02000002
0x00000000052bc920:   0000b80272124c99 0000000000000000
0x00000000052bc930:   00000000ffffffff 0000000032000032
0x00000000052bc940:   0000000000000073 00007ffaf7000bfc
0x00000000052bc950:   0000000000000000 0000000002000002
0x00000000052bc960:   00000000052bc9c4 00000000052bca80
0x00000000052bc970:   00000000052bc9d8 00007ffa04000004
0x00000000052bc980:   00000000052bd400 0000000004000004
0x00000000052bc990:   0000000000000001 0000000000000000 

Instructions: (pc=0x00007ffac842a222)
0x00007ffac842a202:   ba fe ff ff 7f 48 d1 eb 48 8d 43 ff 48 3b c2 77
0x00007ffac842a212:   35 48 2b d3 48 2b f9 48 8d 04 1a 48 85 c0 74 16
0x00007ffac842a222:   0f b7 04 0f 66 85 c0 74 0d 66 89 01 48 83 c1 02
0x00007ffac842a232:   48 83 eb 01 75 e1 48 85 db 48 8d 41 fe 48 0f 45 


Register to memory mapping:

RAX=0x000000007ffffffe is an unknown value
RBX=0x0000000000000001 is an unknown value
RCX=0x00000000236a8270 is an unknown value
RDX=0x000000007ffffffd is an unknown value
RSP=0x00000000052bc8a0 is pointing into the stack for thread: 0x00000000050ce000
RBP=0x0000000000000000 is an unknown value
RSI=0x0000000020544a90 is an unknown value
RDI=0xffffffffdc957d94 is an unknown value
R8 =0x0000000000000000 is an unknown value
R9 =0x00000000236a8270 is an unknown value
R10=0x0000000003421200 is an unknown value
R11=0x00000000052bc7e0 is pointing into the stack for thread: 0x00000000050ce000
R12=0x0000000080004005 is an unknown value
R13=0x0000000000000000 is an unknown value
R14=0x0000000080004005 is an unknown value
R15=0xffffffffffffffff is an unknown value


Stack: [0x00000000051c0000,0x00000000052c0000],  sp=0x00000000052bc8a0,  free space=1010k
Native frames: (J=compiled Java code, j=interpreted, Vv=VM code, C=native code)

Java frames: (J=compiled Java code, j=interpreted, Vv=VM code)
J 500  org.jsfml.window.Window.nativePollEvent(Ljava/nio/Buffer;)V (0 bytes) @ 0x00000000056e6c0f [0x00000000056e6bc0+0x4f]
J 545 C1 org.jsfml.window.Window$1.iterator()Ljava/util/Iterator; (9 bytes) @ 0x00000000057047a4 [0x00000000057042e0+0x4c4]
j  Game.run(II)V+370
j  MainMenu.run()V+554
j  MainMenu.main([Ljava/lang/String;)V+9
v  ~StubRoutines::call_stub

---------------  P R O C E S S  ---------------

Java Threads: ( => current thread )
  0x000000001c4da000 JavaThread "Service Thread" daemon [_thread_blocked, id=2532, stack(0x000000001d080000,0x000000001d180000)]
  0x000000001c43e800 JavaThread "C1 CompilerThread3" daemon [_thread_blocked, id=11000, stack(0x000000001cf80000,0x000000001d080000)]
  0x000000001c432800 JavaThread "C2 CompilerThread2" daemon [_thread_blocked, id=10996, stack(0x000000001ce80000,0x000000001cf80000)]
  0x000000001c430000 JavaThread "C2 CompilerThread1" daemon [_thread_blocked, id=3052, stack(0x000000001cd80000,0x000000001ce80000)]
  0x000000001c435000 JavaThread "C2 CompilerThread0" daemon [_thread_blocked, id=4388, stack(0x000000001cc80000,0x000000001cd80000)]
  0x000000001c3d7000 JavaThread "Monitor Ctrl-Break" daemon [_thread_in_native, id=8328, stack(0x000000001cb80000,0x000000001cc80000)]
  0x000000001c38f800 JavaThread "Attach Listener" daemon [_thread_blocked, id=3048, stack(0x000000001ca70000,0x000000001cb70000)]
  0x000000001c38e000 JavaThread "Signal Dispatcher" daemon [_thread_blocked, id=1528, stack(0x000000001c970000,0x000000001ca70000)]
  0x000000001c380800 JavaThread "Finalizer" daemon [_thread_blocked, id=5656, stack(0x000000001c760000,0x000000001c860000)]
  0x000000001a47d800 JavaThread "Reference Handler" daemon [_thread_blocked, id=7944, stack(0x000000001c260000,0x000000001c360000)]
=>0x00000000050ce000 JavaThread "main" [_thread_in_native, id=5716, stack(0x00000000051c0000,0x00000000052c0000)]

Other Threads:
  0x000000001a478800 VMThread [stack: 0x000000001c160000,0x000000001c260000] [id=2828]
  0x000000001c4ea000 WatcherThread [stack: 0x000000001d180000,0x000000001d280000] [id=10412]

VM state:not at safepoint (normal execution)

VM Mutex/Monitor currently owned by a thread: None

Heap:
 PSYoungGen      total 38400K, used 21314K [0x00000000d5c00000, 0x00000000d8680000, 0x0000000100000000)
  eden space 33280K, 64% used [0x00000000d5c00000,0x00000000d70d0b20,0x00000000d7c80000)
  from space 5120K, 0% used [0x00000000d8180000,0x00000000d8180000,0x00000000d8680000)
  to   space 5120K, 0% used [0x00000000d7c80000,0x00000000d7c80000,0x00000000d8180000)
 ParOldGen       total 87552K, used 0K [0x0000000081400000, 0x0000000086980000, 0x00000000d5c00000)
  object space 87552K, 0% used [0x0000000081400000,0x0000000081400000,0x0000000086980000)
 Metaspace       used 5442K, capacity 5612K, committed 5888K, reserved 1056768K
  class space    used 609K, capacity 698K, committed 768K, reserved 1048576K

Card table byte_map: [0x0000000014880000,0x0000000014c80000] byte_map_base: 0x0000000014476000

Marking Bits: (ParMarkBitMap*) 0x000000006241b6d0
 Begin Bits: [0x0000000015730000, 0x00000000176e0000)
 End Bits:   [0x00000000176e0000, 0x0000000019690000)

Polling page: 0x00000000034c0000

CodeCache: size=245760Kb used=2533Kb max_used=2545Kb free=243226Kb
 bounds [0x00000000054c0000, 0x0000000005740000, 0x00000000144c0000]
 total_blobs=905 nmethods=590 adapters=228
 compilation: enabled

Compilation events (10 events):
Event: 28.438 Thread 0x000000001c432800  586       4       sun.misc.FloatingDecimal::getBinaryToASCIIConverter (163 bytes)
Event: 28.440 Thread 0x000000001c432800 nmethod 586 0x0000000005735d50 code [0x0000000005735ec0, 0x0000000005736188]
Event: 29.090 Thread 0x000000001c435000  587       4       sun.misc.FloatingDecimal$BinaryToASCIIBuffer::dtoa (1509 bytes)
Event: 29.096 Thread 0x000000001c435000 nmethod 587 0x0000000005739150 code [0x00000000057392a0, 0x00000000057397f8]
Event: 29.738 Thread 0x000000001c430000  588       4       sun.misc.FloatingDecimal$BinaryToASCIIBuffer::appendTo (72 bytes)
Event: 29.743 Thread 0x000000001c430000 nmethod 588 0x0000000005729b90 code [0x0000000005729d00, 0x000000000572a188]
Event: 30.482 Thread 0x000000001c432800  589   !   4       org.jsfml.internal.SFMLNative::loadNativeLibraries (1207 bytes)
Event: 30.483 Thread 0x000000001c432800 nmethod 589 0x0000000005729310 code [0x0000000005729440, 0x0000000005729498]
Event: 35.030 Thread 0x000000001c435000  590       4       sun.misc.FloatingDecimal$BinaryToASCIIBuffer::getChars (502 bytes)
Event: 35.032 Thread 0x000000001c435000 nmethod 590 0x0000000005738890 code [0x00000000057389e0, 0x0000000005738d98]

GC Heap History (0 events):
No events

Deoptimization events (0 events):
No events

Internal exceptions (9 events):
Event: 0.033 Thread 0x00000000050ce000 Exception <a 'java/lang/NoSuchMethodError': Method sun.misc.Unsafe.defineClass(Ljava/lang/String;[BII)Ljava/lang/Class; name or signature does not match> (0x00000000d5c07ca8) thrown at [C:\re\workspace\8-2-build-windows-amd64-cygwin\jdk8u121\8372\hotspot\
Event: 0.033 Thread 0x00000000050ce000 Exception <a 'java/lang/NoSuchMethodError': Method sun.misc.Unsafe.prefetchRead(Ljava/lang/Object;J)V name or signature does not match> (0x00000000d5c07f90) thrown at [C:\re\workspace\8-2-build-windows-amd64-cygwin\jdk8u121\8372\hotspot\src\share\vm\prims
Event: 0.142 Thread 0x00000000050ce000 Exception <a 'sun/nio/fs/WindowsException'> (0x00000000d5f4e500) thrown at [C:\re\workspace\8-2-build-windows-amd64-cygwin\jdk8u121\8372\hotspot\src\share\vm\prims\jni.cpp, line 709]
Event: 0.146 Thread 0x00000000050ce000 Exception <a 'java/security/PrivilegedActionException'> (0x00000000d5f670a0) thrown at [C:\re\workspace\8-2-build-windows-amd64-cygwin\jdk8u121\8372\hotspot\src\share\vm\prims\jvm.cpp, line 1390]
Event: 0.146 Thread 0x00000000050ce000 Exception <a 'java/security/PrivilegedActionException'> (0x00000000d5f672b0) thrown at [C:\re\workspace\8-2-build-windows-amd64-cygwin\jdk8u121\8372\hotspot\src\share\vm\prims\jvm.cpp, line 1390]
Event: 0.146 Thread 0x00000000050ce000 Exception <a 'java/security/PrivilegedActionException'> (0x00000000d5f6b1c0) thrown at [C:\re\workspace\8-2-build-windows-amd64-cygwin\jdk8u121\8372\hotspot\src\share\vm\prims\jvm.cpp, line 1390]
Event: 0.146 Thread 0x00000000050ce000 Exception <a 'java/security/PrivilegedActionException'> (0x00000000d5f6b3d0) thrown at [C:\re\workspace\8-2-build-windows-amd64-cygwin\jdk8u121\8372\hotspot\src\share\vm\prims\jvm.cpp, line 1390]
Event: 0.404 Thread 0x00000000050ce000 Exception <a 'java/lang/NoSuchFieldError': method resolution failed> (0x00000000d60e6558) thrown at [C:\re\workspace\8-2-build-windows-amd64-cygwin\jdk8u121\8372\hotspot\src\share\vm\prims\methodHandles.cpp, line 1146]
Event: 0.405 Thread 0x00000000050ce000 Exception <a 'java/lang/NoSuchFieldError': method resolution failed> (0x00000000d60f4400) thrown at [C:\re\workspace\8-2-build-windows-amd64-cygwin\jdk8u121\8372\hotspot\src\share\vm\prims\methodHandles.cpp, line 1146]

Events (10 events):
Event: 1.328 loading class Enemy
Event: 1.328 loading class Enemy done
Event: 1.329 loading class java/util/Random
Event: 1.329 loading class java/util/Random done
Event: 1.331 loading class sun/misc/FDBigInteger
Event: 1.331 loading class sun/misc/FDBigInteger done
Event: 4.160 Executing VM operation: EnableBiasedLocking
Event: 4.160 Executing VM operation: EnableBiasedLocking done
Event: 25.889 loading class java/nio/DirectByteBuffer$1
Event: 25.889 loading class java/nio/DirectByteBuffer$1 done


Dynamic libraries:
0x00007ff7e1b60000 - 0x00007ff7e1b97000 	C:\Program Files\Java\jdk1.8.0_121\bin\java.exe
0x00007ffae4b70000 - 0x00007ffae4d50000 	C:\WINDOWS\SYSTEM32\ntdll.dll
0x00007ffae29b0000 - 0x00007ffae2a5e000 	C:\WINDOWS\System32\KERNEL32.DLL
0x00007ffae1ad0000 - 0x00007ffae1d36000 	C:\WINDOWS\System32\KERNELBASE.dll
0x00007ffae4330000 - 0x00007ffae43d1000 	C:\WINDOWS\System32\ADVAPI32.dll
0x00007ffae4120000 - 0x00007ffae41bd000 	C:\WINDOWS\System32\msvcrt.dll
0x00007ffae4580000 - 0x00007ffae45db000 	C:\WINDOWS\System32\sechost.dll
0x00007ffae3f80000 - 0x00007ffae409f000 	C:\WINDOWS\System32\RPCRT4.dll
0x00007ffae2600000 - 0x00007ffae278f000 	C:\WINDOWS\System32\USER32.dll
0x00007ffae0ff0000 - 0x00007ffae1010000 	C:\WINDOWS\System32\win32u.dll
0x00007ffae2790000 - 0x00007ffae27b8000 	C:\WINDOWS\System32\GDI32.dll
0x00007ffae1e50000 - 0x00007ffae1fe3000 	C:\WINDOWS\System32\gdi32full.dll
0x00007ffae1860000 - 0x00007ffae18fb000 	C:\WINDOWS\System32\msvcp_win.dll
0x00007ffae1760000 - 0x00007ffae1856000 	C:\WINDOWS\System32\ucrtbase.dll
0x00007ffad6020000 - 0x00007ffad6289000 	C:\WINDOWS\WinSxS\amd64_microsoft.windows.common-controls_6595b64144ccf1df_6.0.16299.125_none_15cbcf8893620c09\COMCTL32.dll
0x00007ffae21e0000 - 0x00007ffae24e8000 	C:\WINDOWS\System32\combase.dll
0x00007ffae0f70000 - 0x00007ffae0fe2000 	C:\WINDOWS\System32\bcryptPrimitives.dll
0x00007ffae25b0000 - 0x00007ffae25dd000 	C:\WINDOWS\System32\IMM32.DLL
0x0000000063550000 - 0x0000000063622000 	C:\Program Files\Java\jdk1.8.0_121\jre\bin\msvcr100.dll
0x0000000061c00000 - 0x000000006249b000 	C:\Program Files\Java\jdk1.8.0_121\jre\bin\server\jvm.dll
0x00007ffae3f70000 - 0x00007ffae3f78000 	C:\WINDOWS\System32\PSAPI.DLL
0x00007ffadcd10000 - 0x00007ffadcd33000 	C:\WINDOWS\SYSTEM32\WINMM.dll
0x00007ffaddf70000 - 0x00007ffaddf79000 	C:\WINDOWS\SYSTEM32\WSOCK32.dll
0x00007ffadc270000 - 0x00007ffadc27a000 	C:\WINDOWS\SYSTEM32\VERSION.dll
0x00007ffae3f00000 - 0x00007ffae3f6c000 	C:\WINDOWS\System32\WS2_32.dll
0x00007ffadcce0000 - 0x00007ffadcd0a000 	C:\WINDOWS\SYSTEM32\WINMMBASE.dll
0x00007ffae1ff0000 - 0x00007ffae203a000 	C:\WINDOWS\System32\cfgmgr32.dll
0x0000000063540000 - 0x000000006354f000 	C:\Program Files\Java\jdk1.8.0_121\jre\bin\verify.dll
0x0000000063510000 - 0x0000000063539000 	C:\Program Files\Java\jdk1.8.0_121\jre\bin\java.dll
0x00000000634e0000 - 0x0000000063503000 	C:\Program Files\Java\jdk1.8.0_121\jre\bin\instrument.dll
0x00000000634c0000 - 0x00000000634d6000 	C:\Program Files\Java\jdk1.8.0_121\jre\bin\zip.dll
0x00007ffae2a60000 - 0x00007ffae3e96000 	C:\WINDOWS\System32\SHELL32.dll
0x00007ffae24f0000 - 0x00007ffae2596000 	C:\WINDOWS\System32\shcore.dll
0x00007ffae1010000 - 0x00007ffae1757000 	C:\WINDOWS\System32\windows.storage.dll
0x00007ffae2180000 - 0x00007ffae21d1000 	C:\WINDOWS\System32\shlwapi.dll
0x00007ffae0f30000 - 0x00007ffae0f41000 	C:\WINDOWS\System32\kernel.appcore.dll
0x00007ffae0ee0000 - 0x00007ffae0f2c000 	C:\WINDOWS\System32\powrprof.dll
0x00007ffae0ec0000 - 0x00007ffae0edb000 	C:\WINDOWS\System32\profapi.dll
0x00007fface220000 - 0x00007fface23a000 	C:\Program Files\JetBrains\IntelliJ IDEA Community Edition 2017.2.5\bin\breakgen64.dll
0x00000000634a0000 - 0x00000000634ba000 	C:\Program Files\Java\jdk1.8.0_121\jre\bin\net.dll
0x00007ffae0750000 - 0x00007ffae07b6000 	C:\WINDOWS\system32\mswsock.dll
0x0000000063480000 - 0x0000000063491000 	C:\Program Files\Java\jdk1.8.0_121\jre\bin\nio.dll
0x0000000070440000 - 0x0000000070682000 	C:\Users\LukePc\.jsfml\windows_x64\libsndfile-1.dll
0x00007ffac80a0000 - 0x00007ffac810c000 	C:\Users\LukePc\.jsfml\windows_x64\openal32.dll
0x00007ffaddf80000 - 0x00007ffaddf8e000 	C:\Users\LukePc\.jsfml\windows_x64\sfml-system-2.dll
0x00000000633c0000 - 0x0000000063458000 	C:\WINDOWS\SYSTEM32\MSVCP100.dll
0x00007ffacce40000 - 0x00007ffacce54000 	C:\Users\LukePc\.jsfml\windows_x64\sfml-window-2.dll
0x00007ffac0b90000 - 0x00007ffac0cae000 	C:\WINDOWS\SYSTEM32\OPENGL32.dll
0x00007ffac1720000 - 0x00007ffac174c000 	C:\WINDOWS\SYSTEM32\GLU32.dll
0x00007ffac8690000 - 0x00007ffac86a3000 	C:\Users\LukePc\.jsfml\windows_x64\sfml-audio-2.dll
0x00007ffaa54c0000 - 0x00007ffaa55a9000 	C:\Users\LukePc\.jsfml\windows_x64\sfml-graphics-2.dll
0x00007ffac8600000 - 0x00007ffac8635000 	C:\Users\LukePc\.jsfml\windows_x64\jsfml.dll
0x00007ffadf380000 - 0x00007ffadf415000 	C:\WINDOWS\system32\uxtheme.dll
0x00007ffae41c0000 - 0x00007ffae4327000 	C:\WINDOWS\System32\MSCTF.dll
0x00007ffae2040000 - 0x00007ffae2105000 	C:\WINDOWS\System32\OLEAUT32.dll
0x000000005f320000 - 0x0000000061602000 	C:\WINDOWS\SYSTEM32\nvoglv64.DLL
0x00007ffae46f0000 - 0x00007ffae4b3e000 	C:\WINDOWS\System32\SETUPAPI.dll
0x00007ffae27c0000 - 0x00007ffae2909000 	C:\WINDOWS\System32\ole32.dll
0x00007ffadc8f0000 - 0x00007ffadc903000 	C:\WINDOWS\SYSTEM32\WTSAPI32.dll
0x00007ffae0cd0000 - 0x00007ffae0cf7000 	C:\WINDOWS\SYSTEM32\DEVOBJ.dll
0x00007ffae1df0000 - 0x00007ffae1e48000 	C:\WINDOWS\System32\WINTRUST.dll
0x00007ffae0f50000 - 0x00007ffae0f62000 	C:\WINDOWS\System32\MSASN1.dll
0x00007ffae1900000 - 0x00007ffae1ace000 	C:\WINDOWS\System32\CRYPT32.dll
0x00007ffae0000000 - 0x00007ffae0031000 	C:\WINDOWS\SYSTEM32\ntmarta.dll
0x00007ffadf970000 - 0x00007ffadf99a000 	C:\WINDOWS\system32\dwmapi.dll
0x00007ffaa4700000 - 0x00007ffaa4954000 	C:\WINDOWS\system32\nvspcap64.dll
0x00007ffae0070000 - 0x00007ffae00c5000 	C:\WINDOWS\SYSTEM32\WINSTA.dll
0x00007ffac8410000 - 0x00007ffac843d000 	C:\WINDOWS\SYSTEM32\DINPUT.DLL
0x00007ffad9080000 - 0x00007ffad90ae000 	C:\WINDOWS\SYSTEM32\inputhost.dll
0x00007ffadec70000 - 0x00007ffaded4d000 	C:\WINDOWS\SYSTEM32\CoreMessaging.dll
0x00007ffadaec0000 - 0x00007ffadb1ae000 	C:\WINDOWS\SYSTEM32\CoreUIComponents.dll
0x00007ffadd790000 - 0x00007ffadd8c6000 	C:\WINDOWS\SYSTEM32\wintypes.dll
0x00007ffadfbc0000 - 0x00007ffadfbcc000 	C:\WINDOWS\SYSTEM32\HID.DLL
0x00007fface2f0000 - 0x00007fface388000 	C:\WINDOWS\System32\TextInputFramework.dll
0x00007ffadfc20000 - 0x00007ffadfccf000 	C:\WINDOWS\system32\dxgi.dll
0x00007ffaddf90000 - 0x00007ffade271000 	C:\WINDOWS\system32\d3d11.dll
0x00007ffa983e0000 - 0x00007ffa984ca000 	C:\WINDOWS\System32\DriverStore\FileRepository\nvmii.inf_amd64_f3e7c8de3d3edd0c\nvldumdx.dll
0x00007ffae25e0000 - 0x00007ffae25fd000 	C:\WINDOWS\System32\imagehlp.dll
0x00007ffae0910000 - 0x00007ffae0927000 	C:\WINDOWS\SYSTEM32\CRYPTSP.dll
0x00007ffae0360000 - 0x00007ffae0393000 	C:\WINDOWS\system32\rsaenh.dll
0x00007ffae0a20000 - 0x00007ffae0a45000 	C:\WINDOWS\SYSTEM32\bcrypt.dll
0x00007ffae0930000 - 0x00007ffae093b000 	C:\WINDOWS\SYSTEM32\CRYPTBASE.dll
0x00007ffa9e8f0000 - 0x00007ffaa0459000 	C:\WINDOWS\System32\DriverStore\FileRepository\nvmii.inf_amd64_f3e7c8de3d3edd0c\nvwgf2umx.dll
0x00007ffad75b0000 - 0x00007ffad7a30000 	C:\WINDOWS\system32\nvapi64.dll
0x00007ffadf020000 - 0x00007ffadf162000 	C:\WINDOWS\SYSTEM32\dcomp.dll
0x00007ffad7ad0000 - 0x00007ffad8a2d000 	C:\WINDOWS\SYSTEM32\igd10iumd64.dll
0x00007ffae09f0000 - 0x00007ffae0a16000 	C:\WINDOWS\SYSTEM32\ncrypt.dll
0x00007ffae09b0000 - 0x00007ffae09e6000 	C:\WINDOWS\SYSTEM32\NTASN1.dll
0x00007ffad6b70000 - 0x00007ffad75af000 	C:\WINDOWS\SYSTEM32\igdusc64.dll
0x00007ffadc030000 - 0x00007ffadc1f8000 	C:\WINDOWS\SYSTEM32\dbghelp.dll

VM Arguments:
jvm_args: -javaagent:C:\Program Files\JetBrains\IntelliJ IDEA Community Edition 2017.2.5\lib\idea_rt.jar=52964:C:\Program Files\JetBrains\IntelliJ IDEA Community Edition 2017.2.5\bin -Dfile.encoding=UTF-8 
java_command: MainMenu
java_class_path (initial): C:\Program Files\Java\jdk1.8.0_121\jre\lib\charsets.jar;C:\Program Files\Java\jdk1.8.0_121\jre\lib\deploy.jar;C:\Program Files\Java\jdk1.8.0_121\jre\lib\ext\access-bridge-64.jar;C:\Program Files\Java\jdk1.8.0_121\jre\lib\ext\cldrdata.jar;C:\Program Files\Java\jdk1.8.0_121\jre\lib\ext\dnsns.jar;C:\Program Files\Java\jdk1.8.0_121\jre\lib\ext\jaccess.jar;C:\Program Files\Java\jdk1.8.0_121\jre\lib\ext\jfxrt.jar;C:\Program Files\Java\jdk1.8.0_121\jre\lib\ext\localedata.jar;C:\Program Files\Java\jdk1.8.0_121\jre\lib\ext\nashorn.jar;C:\Program Files\Java\jdk1.8.0_121\jre\lib\ext\sunec.jar;C:\Program Files\Java\jdk1.8.0_121\jre\lib\ext\sunjce_provider.jar;C:\Program Files\Java\jdk1.8.0_121\jre\lib\ext\sunmscapi.jar;C:\Program Files\Java\jdk1.8.0_121\jre\lib\ext\sunpkcs11.jar;C:\Program Files\Java\jdk1.8.0_121\jre\lib\ext\zipfs.jar;C:\Program Files\Java\jdk1.8.0_121\jre\lib\javaws.jar;C:\Program Files\Java\jdk1.8.0_121\jre\lib\jce.jar;C:\Program Files\Java\jdk1.8.0_121\jre\lib\jfr.jar;C:\Program Files\Java\jdk1.8.0_121\jre\lib\jfxswt.jar;C:\Program Files\Java\jdk1.8.0_121\jre\lib\jsse.jar;C:\Program Files\Java\jdk1.8.0_121\jre\lib\management-agent.jar;C:\Program Files\Java\jdk1.8.0_121\jre\lib\plugin.jar;C:\Program Files\Java\jdk1.8.0_121\jre\lib\resources.jar;C:\Program Files\Java\jdk1.8.0_121\jre\lib\rt.jar;C:\Users\LukePc\Desktop\BoomHere\out\production\BoomHere;C:\Users\LukePc\Desktop\BoomHere\src\jsfml.jar;C:\Program Files\JetBrains\IntelliJ IDEA Community Edition 2017.2.5\lib\idea_rt.jar
Launcher Type: SUN_STANDARD

Environment Variables:
PATH=C:\ProgramData\Oracle\Java\javapath;c:\windows\system32;c:\windows;c:\windows\system32\wbem;c:\windows\system32\windowspowershell\v1.0\;c:\program files (x86)\skype\phone\;C:\Program Files\Git\cmd;C:\Program Files\Git\mingw64\bin;C:\Program Files\Git\usr\bin;C:\Program Files (x86)\NVIDIA Corporation\PhysX\Common;%SystemRoot%\system32;%SystemRoot%;%SystemRoot%\System32\Wbem;%SYSTEMROOT%\System32\WindowsPowerShell\v1.0\;C:\Program Files\Java\jdk1.8.0_121\bin;C:\Users\LukePc\AppData\Local\Microsoft\WindowsApps;C:\Program Files\erl9.1\bin;
USERNAME=LukePc
OS=Windows_NT
PROCESSOR_IDENTIFIER=Intel64 Family 6 Model 60 Stepping 3, GenuineIntel



---------------  S Y S T E M  ---------------

OS: Windows 10.0 , 64 bit Build 16299 (10.0.16299.15)

CPU:total 8 (4 cores per cpu, 2 threads per core) family 6 model 60 stepping 3, cmov, cx8, fxsr, mmx, sse, sse2, sse3, ssse3, sse4.1, sse4.2, popcnt, avx, avx2, aes, clmul, erms, lzcnt, ht, tsc, tscinvbit, bmi1, bmi2

Memory: 4k page, physical 8305356k(1927892k free), swap 20294052k(10249276k free)

vm_info: Java HotSpot(TM) 64-Bit Server VM (25.121-b13) for windows-amd64 JRE (1.8.0_121-b13), built on Dec 12 2016 18:21:36 by "java_re" with MS VC++ 10.0 (VS2010)

time: Sun Feb 04 03:40:53 2018
elapsed time: 41 seconds (0d 0h 0m 41s)

