#
# A fatal error has been detected by the Java Runtime Environment:
#
#  EXCEPTION_ACCESS_VIOLATION (0xc0000005) at pc=0x00007ffac818a222, pid=7108, tid=0x00000000000026f8
#
# JRE version: Java(TM) SE Runtime Environment (8.0_121-b13) (build 1.8.0_121-b13)
# Java VM: Java HotSpot(TM) 64-Bit Server VM (25.121-b13 mixed mode windows-amd64 compressed oops)
# Problematic frame:
# C  [DINPUT.DLL+0x1a222]
#
# Failed to write core dump. Minidumps are not enabled by default on client versions of Windows
#
# If you would like to submit a bug report, please visit:
#   http://bugreport.java.com/bugreport/crash.jsp
# The crash happened outside the Java Virtual Machine in native code.
# See problematic frame for where to report the bug.
#

---------------  T H R E A D  ---------------

Current thread (0x000000000540e000):  JavaThread "main" [_thread_in_native, id=9976, stack(0x00000000050e0000,0x00000000051e0000)]

siginfo: ExceptionCode=0xc0000005, reading address 0x0000000000000004

Registers:
RAX=0x000000007ffffffe, RBX=0x0000000000000001, RCX=0x0000000023639220, RDX=0x000000007ffffffd
RSP=0x00000000051dcde0, RBP=0x0000000000000000, RSI=0x00000000239de590, RDI=0xffffffffdc9c6de4
R8 =0x0000000000000000, R9 =0x0000000023639220, R10=0x0000000003701140, R11=0x00000000051dcd20
R12=0x0000000080004005, R13=0x0000000000000000, R14=0x0000000080004005, R15=0xffffffffffffffff
RIP=0x00007ffac818a222, EFLAGS=0x0000000000010202

Top of Stack: (sp=0x00000000051dcde0)
0x00000000051dcde0:   0000000080004005 00000000239de3a8
0x00000000051dcdf0:   0000000080004005 0000000023231b10
0x00000000051dce00:   00000000239de3a8 00007ffac8184acb
0x00000000051dce10:   0000000023231b10 00000000051dcf10
0x00000000051dce20:   0000000080004005 00007ffae416c7eb
0x00000000051dce30:   00000000239de598 0000000000000000
0x00000000051dce40:   00000000051dd5a2 00000000051dd400
0x00000000051dce50:   00000000051dd400 00007ffae4b997e4
0x00000000051dce60:   0000249ccd37ef30 0000000000000000
0x00000000051dce70:   00000000ffffffff 00000000051dd400
0x00000000051dce80:   0000000000000073 00007ffae1b10223
0x00000000051dce90:   0000000003703f00 0000000000000000
0x00000000051dcea0:   0000000003700000 0000000001067000
0x00000000051dceb0:   00000000051dcf18 00007ffae417557d
0x00000000051dcec0:   00000000051dd940 0000000000000478
0x00000000051dced0:   0000000000000001 0000000003700cc0 

Instructions: (pc=0x00007ffac818a222)
0x00007ffac818a202:   ba fe ff ff 7f 48 d1 eb 48 8d 43 ff 48 3b c2 77
0x00007ffac818a212:   35 48 2b d3 48 2b f9 48 8d 04 1a 48 85 c0 74 16
0x00007ffac818a222:   0f b7 04 0f 66 85 c0 74 0d 66 89 01 48 83 c1 02
0x00007ffac818a232:   48 83 eb 01 75 e1 48 85 db 48 8d 41 fe 48 0f 45 


Register to memory mapping:

RAX=0x000000007ffffffe is an unknown value
RBX=0x0000000000000001 is an unknown value
RCX=0x0000000023639220 is an unknown value
RDX=0x000000007ffffffd is an unknown value
RSP=0x00000000051dcde0 is pointing into the stack for thread: 0x000000000540e000
RBP=0x0000000000000000 is an unknown value
RSI=0x00000000239de590 is an unknown value
RDI=0xffffffffdc9c6de4 is an unknown value
R8 =0x0000000000000000 is an unknown value
R9 =0x0000000023639220 is an unknown value
R10=0x0000000003701140 is an unknown value
R11=0x00000000051dcd20 is pointing into the stack for thread: 0x000000000540e000
R12=0x0000000080004005 is an unknown value
R13=0x0000000000000000 is an unknown value
R14=0x0000000080004005 is an unknown value
R15=0xffffffffffffffff is an unknown value


Stack: [0x00000000050e0000,0x00000000051e0000],  sp=0x00000000051dcde0,  free space=1011k
Native frames: (J=compiled Java code, j=interpreted, Vv=VM code, C=native code)

Java frames: (J=compiled Java code, j=interpreted, Vv=VM code)
J 419  org.jsfml.window.Window.nativePollEvent(Ljava/nio/Buffer;)V (0 bytes) @ 0x000000000570c74f [0x000000000570c700+0x4f]
J 522 C2 org.jsfml.window.Window$1.iterator()Ljava/util/Iterator; (9 bytes) @ 0x0000000005751a88 [0x00000000057518c0+0x1c8]
j  Game.run(II)V+329
j  MainMenu.run()V+554
j  MainMenu.main([Ljava/lang/String;)V+9
v  ~StubRoutines::call_stub

---------------  P R O C E S S  ---------------

Java Threads: ( => current thread )
  0x000000001c52c000 JavaThread "Service Thread" daemon [_thread_blocked, id=8600, stack(0x000000001d0a0000,0x000000001d1a0000)]
  0x000000001c48e800 JavaThread "C1 CompilerThread3" daemon [_thread_blocked, id=3728, stack(0x000000001cfa0000,0x000000001d0a0000)]
  0x000000001c48b000 JavaThread "C2 CompilerThread2" daemon [_thread_blocked, id=9180, stack(0x000000001cea0000,0x000000001cfa0000)]
  0x000000001c488000 JavaThread "C2 CompilerThread1" daemon [_thread_blocked, id=10396, stack(0x000000001cda0000,0x000000001cea0000)]
  0x000000001c483800 JavaThread "C2 CompilerThread0" daemon [_thread_blocked, id=9652, stack(0x000000001cca0000,0x000000001cda0000)]
  0x000000001c427800 JavaThread "Monitor Ctrl-Break" daemon [_thread_in_native, id=5640, stack(0x000000001cba0000,0x000000001cca0000)]
  0x000000001c3e1800 JavaThread "Attach Listener" daemon [_thread_blocked, id=7560, stack(0x000000001caa0000,0x000000001cba0000)]
  0x000000001c3e0800 JavaThread "Signal Dispatcher" daemon [_thread_blocked, id=10224, stack(0x000000001c9a0000,0x000000001caa0000)]
  0x000000001c3d0800 JavaThread "Finalizer" daemon [_thread_blocked, id=10112, stack(0x000000001c7b0000,0x000000001c8b0000)]
  0x000000000550a000 JavaThread "Reference Handler" daemon [_thread_blocked, id=10244, stack(0x000000001c2b0000,0x000000001c3b0000)]
=>0x000000000540e000 JavaThread "main" [_thread_in_native, id=9976, stack(0x00000000050e0000,0x00000000051e0000)]

Other Threads:
  0x000000001a4c9000 VMThread [stack: 0x000000001c1b0000,0x000000001c2b0000] [id=4964]
  0x000000001c554000 WatcherThread [stack: 0x000000001d1a0000,0x000000001d2a0000] [id=3052]

VM state:not at safepoint (normal execution)

VM Mutex/Monitor currently owned by a thread: None

Heap:
 PSYoungGen      total 38400K, used 14907K [0x00000000d5c00000, 0x00000000d8680000, 0x0000000100000000)
  eden space 33280K, 29% used [0x00000000d5c00000,0x00000000d65947c8,0x00000000d7c80000)
  from space 5120K, 99% used [0x00000000d7c80000,0x00000000d817a6f8,0x00000000d8180000)
  to   space 5120K, 0% used [0x00000000d8180000,0x00000000d8180000,0x00000000d8680000)
 ParOldGen       total 87552K, used 4181K [0x0000000081400000, 0x0000000086980000, 0x00000000d5c00000)
  object space 87552K, 4% used [0x0000000081400000,0x00000000818157c8,0x0000000086980000)
 Metaspace       used 5381K, capacity 5548K, committed 5632K, reserved 1056768K
  class space    used 608K, capacity 698K, committed 768K, reserved 1048576K

Card table byte_map: [0x00000000148d0000,0x0000000014cd0000] byte_map_base: 0x00000000144c6000

Marking Bits: (ParMarkBitMap*) 0x000000006241b6d0
 Begin Bits: [0x0000000015780000, 0x0000000017730000)
 End Bits:   [0x0000000017730000, 0x00000000196e0000)

Polling page: 0x00000000033e0000

CodeCache: size=245760Kb used=2386Kb max_used=2398Kb free=243374Kb
 bounds [0x0000000005510000, 0x0000000005780000, 0x0000000014510000]
 total_blobs=876 nmethods=563 adapters=226
 compilation: enabled

Compilation events (10 events):
Event: 234.103 Thread 0x000000001c483800  561   !   4       java.lang.ref.Finalizer::runFinalizer (62 bytes)
Event: 234.105 Thread 0x000000001c48e800  562       3       java.lang.ref.ReferenceQueue::reallyPoll (66 bytes)
Event: 234.105 Thread 0x000000001c48e800 nmethod 562 0x00000000057626d0 code [0x0000000005762840, 0x0000000005762cb0]
Event: 234.106 Thread 0x000000001c48b000 nmethod 558 0x0000000005762010 code [0x0000000005762160, 0x00000000057624d8]
Event: 234.106 Thread 0x000000001c48b000  563   !   4       java.lang.ref.Finalizer::remove (94 bytes)
Event: 234.107 Thread 0x000000001c488000 nmethod 559 0x0000000005764210 code [0x0000000005764360, 0x00000000057646f8]
Event: 234.107 Thread 0x000000001c488000  560       4       java.lang.ref.Finalizer::access$100 (6 bytes)
Event: 234.108 Thread 0x000000001c48b000 nmethod 563 0x0000000005761ad0 code [0x0000000005761c20, 0x0000000005761ef8]
Event: 234.109 Thread 0x000000001c483800 nmethod 561 0x00000000057637d0 code [0x0000000005763940, 0x0000000005763f18]
Event: 234.112 Thread 0x000000001c488000 nmethod 560 0x00000000057650d0 code [0x0000000005765240, 0x00000000057657f8]

GC Heap History (2 events):
Event: 234.030 GC heap before
{Heap before GC invocations=1 (full 0):
 PSYoungGen      total 38400K, used 33280K [0x00000000d5c00000, 0x00000000d8680000, 0x0000000100000000)
  eden space 33280K, 100% used [0x00000000d5c00000,0x00000000d7c80000,0x00000000d7c80000)
  from space 5120K, 0% used [0x00000000d8180000,0x00000000d8180000,0x00000000d8680000)
  to   space 5120K, 0% used [0x00000000d7c80000,0x00000000d7c80000,0x00000000d8180000)
 ParOldGen       total 87552K, used 0K [0x0000000081400000, 0x0000000086980000, 0x00000000d5c00000)
  object space 87552K, 0% used [0x0000000081400000,0x0000000081400000,0x0000000086980000)
 Metaspace       used 5372K, capacity 5548K, committed 5632K, reserved 1056768K
  class space    used 608K, capacity 698K, committed 768K, reserved 1048576K
Event: 234.055 GC heap after
Heap after GC invocations=1 (full 0):
 PSYoungGen      total 38400K, used 5097K [0x00000000d5c00000, 0x00000000d8680000, 0x0000000100000000)
  eden space 33280K, 0% used [0x00000000d5c00000,0x00000000d5c00000,0x00000000d7c80000)
  from space 5120K, 99% used [0x00000000d7c80000,0x00000000d817a6f8,0x00000000d8180000)
  to   space 5120K, 0% used [0x00000000d8180000,0x00000000d8180000,0x00000000d8680000)
 ParOldGen       total 87552K, used 4181K [0x0000000081400000, 0x0000000086980000, 0x00000000d5c00000)
  object space 87552K, 4% used [0x0000000081400000,0x00000000818157c8,0x0000000086980000)
 Metaspace       used 5372K, capacity 5548K, committed 5632K, reserved 1056768K
  class space    used 608K, capacity 698K, committed 768K, reserved 1048576K
}

Deoptimization events (8 events):
Event: 234.064 Thread 0x000000000550a000 Uncommon trap: reason=unstable_if action=reinterpret pc=0x000000000575c118 method=java.lang.ref.ReferenceQueue.enqueue(Ljava/lang/ref/Reference;)Z @ 61
Event: 234.064 Thread 0x000000000550a000 Uncommon trap: reason=class_check action=maybe_recompile pc=0x000000000575e12c method=java.lang.ref.ReferenceQueue.enqueue(Ljava/lang/ref/Reference;)Z @ 91
Event: 234.064 Thread 0x000000000550a000 Uncommon trap: reason=class_check action=maybe_recompile pc=0x000000000575e12c method=java.lang.ref.ReferenceQueue.enqueue(Ljava/lang/ref/Reference;)Z @ 91
Event: 234.064 Thread 0x000000000550a000 Uncommon trap: reason=class_check action=maybe_recompile pc=0x000000000575e12c method=java.lang.ref.ReferenceQueue.enqueue(Ljava/lang/ref/Reference;)Z @ 91
Event: 234.064 Thread 0x000000000550a000 Uncommon trap: reason=class_check action=maybe_recompile pc=0x000000000575e12c method=java.lang.ref.ReferenceQueue.enqueue(Ljava/lang/ref/Reference;)Z @ 91
Event: 234.105 Thread 0x000000001c3d0800 Uncommon trap: reason=unstable_if action=reinterpret pc=0x0000000005767ae4 method=java.lang.ref.ReferenceQueue.reallyPoll()Ljava/lang/ref/Reference; @ 15
Event: 234.114 Thread 0x000000001c3d0800 Uncommon trap: reason=unstable_if action=reinterpret pc=0x0000000005762458 method=java.lang.ref.ReferenceQueue.reallyPoll()Ljava/lang/ref/Reference; @ 15
Event: 234.114 Thread 0x000000001c3d0800 Uncommon trap: reason=unstable_if action=reinterpret pc=0x00000000057646c8 method=java.lang.ref.ReferenceQueue.reallyPoll()Ljava/lang/ref/Reference; @ 6

Internal exceptions (10 events):
Event: 0.030 Thread 0x000000000540e000 Exception <a 'java/lang/NoSuchMethodError': Method sun.misc.Unsafe.defineClass(Ljava/lang/String;[BII)Ljava/lang/Class; name or signature does not match> (0x00000000d5c07ca8) thrown at [C:\re\workspace\8-2-build-windows-amd64-cygwin\jdk8u121\8372\hotspot\
Event: 0.031 Thread 0x000000000540e000 Exception <a 'java/lang/NoSuchMethodError': Method sun.misc.Unsafe.prefetchRead(Ljava/lang/Object;J)V name or signature does not match> (0x00000000d5c07f90) thrown at [C:\re\workspace\8-2-build-windows-amd64-cygwin\jdk8u121\8372\hotspot\src\share\vm\prims
Event: 0.132 Thread 0x000000000540e000 Exception <a 'sun/nio/fs/WindowsException'> (0x00000000d5f4e500) thrown at [C:\re\workspace\8-2-build-windows-amd64-cygwin\jdk8u121\8372\hotspot\src\share\vm\prims\jni.cpp, line 709]
Event: 0.137 Thread 0x000000000540e000 Exception <a 'java/security/PrivilegedActionException'> (0x00000000d5f670a0) thrown at [C:\re\workspace\8-2-build-windows-amd64-cygwin\jdk8u121\8372\hotspot\src\share\vm\prims\jvm.cpp, line 1390]
Event: 0.137 Thread 0x000000000540e000 Exception <a 'java/security/PrivilegedActionException'> (0x00000000d5f672b0) thrown at [C:\re\workspace\8-2-build-windows-amd64-cygwin\jdk8u121\8372\hotspot\src\share\vm\prims\jvm.cpp, line 1390]
Event: 0.138 Thread 0x000000000540e000 Exception <a 'java/security/PrivilegedActionException'> (0x00000000d5f6b1c0) thrown at [C:\re\workspace\8-2-build-windows-amd64-cygwin\jdk8u121\8372\hotspot\src\share\vm\prims\jvm.cpp, line 1390]
Event: 0.138 Thread 0x000000000540e000 Exception <a 'java/security/PrivilegedActionException'> (0x00000000d5f6b3d0) thrown at [C:\re\workspace\8-2-build-windows-amd64-cygwin\jdk8u121\8372\hotspot\src\share\vm\prims\jvm.cpp, line 1390]
Event: 0.823 Thread 0x000000000540e000 Exception <a 'java/lang/NoSuchFieldError': method resolution failed> (0x00000000d60e6558) thrown at [C:\re\workspace\8-2-build-windows-amd64-cygwin\jdk8u121\8372\hotspot\src\share\vm\prims\methodHandles.cpp, line 1146]
Event: 0.824 Thread 0x000000000540e000 Exception <a 'java/lang/NoSuchFieldError': method resolution failed> (0x00000000d60f4400) thrown at [C:\re\workspace\8-2-build-windows-amd64-cygwin\jdk8u121\8372\hotspot\src\share\vm\prims\methodHandles.cpp, line 1146]
Event: 234.114 Thread 0x000000001c3d0800 Implicit null exception at 0x00000000057643fc to 0x00000000057646a1

Events (10 events):
Event: 234.064 Thread 0x000000000550a000 DEOPT UNPACKING pc=0x000000000555582a sp=0x000000001c3af250 mode 2
Event: 234.105 Thread 0x000000001c3d0800 Uncommon trap: trap_request=0xffffff65 fr.pc=0x0000000005767ae4
Event: 234.105 Thread 0x000000001c3d0800 DEOPT PACKING pc=0x0000000005767ae4 sp=0x000000001c8af0e0
Event: 234.105 Thread 0x000000001c3d0800 DEOPT UNPACKING pc=0x000000000555582a sp=0x000000001c8af078 mode 2
Event: 234.114 Thread 0x000000001c3d0800 Uncommon trap: trap_request=0xffffff65 fr.pc=0x0000000005762458
Event: 234.114 Thread 0x000000001c3d0800 DEOPT PACKING pc=0x0000000005762458 sp=0x000000001c8af430
Event: 234.114 Thread 0x000000001c3d0800 DEOPT UNPACKING pc=0x000000000555582a sp=0x000000001c8af2f8 mode 2
Event: 234.114 Thread 0x000000001c3d0800 Uncommon trap: trap_request=0xffffff65 fr.pc=0x00000000057646c8
Event: 234.114 Thread 0x000000001c3d0800 DEOPT PACKING pc=0x00000000057646c8 sp=0x000000001c8af3b0
Event: 234.114 Thread 0x000000001c3d0800 DEOPT UNPACKING pc=0x000000000555582a sp=0x000000001c8af300 mode 2


Dynamic libraries:
0x00007ff625dd0000 - 0x00007ff625e07000 	C:\Program Files\Java\jdk1.8.0_121\bin\java.exe
0x00007ffae4b70000 - 0x00007ffae4d50000 	C:\WINDOWS\SYSTEM32\ntdll.dll
0x00007ffae29b0000 - 0x00007ffae2a5e000 	C:\WINDOWS\System32\KERNEL32.DLL
0x00007ffae1ad0000 - 0x00007ffae1d36000 	C:\WINDOWS\System32\KERNELBASE.dll
0x00007ffae4330000 - 0x00007ffae43d1000 	C:\WINDOWS\System32\ADVAPI32.dll
0x00007ffae4120000 - 0x00007ffae41bd000 	C:\WINDOWS\System32\msvcrt.dll
0x00007ffae4580000 - 0x00007ffae45db000 	C:\WINDOWS\System32\sechost.dll
0x00007ffae3f80000 - 0x00007ffae409f000 	C:\WINDOWS\System32\RPCRT4.dll
0x00007ffae2600000 - 0x00007ffae278f000 	C:\WINDOWS\System32\USER32.dll
0x00007ffae0ff0000 - 0x00007ffae1010000 	C:\WINDOWS\System32\win32u.dll
0x00007ffae2790000 - 0x00007ffae27b8000 	C:\WINDOWS\System32\GDI32.dll
0x00007ffae1e50000 - 0x00007ffae1fe3000 	C:\WINDOWS\System32\gdi32full.dll
0x00007ffae1860000 - 0x00007ffae18fb000 	C:\WINDOWS\System32\msvcp_win.dll
0x00007ffae1760000 - 0x00007ffae1856000 	C:\WINDOWS\System32\ucrtbase.dll
0x00007ffad6020000 - 0x00007ffad6289000 	C:\WINDOWS\WinSxS\amd64_microsoft.windows.common-controls_6595b64144ccf1df_6.0.16299.125_none_15cbcf8893620c09\COMCTL32.dll
0x00007ffae21e0000 - 0x00007ffae24e8000 	C:\WINDOWS\System32\combase.dll
0x00007ffae0f70000 - 0x00007ffae0fe2000 	C:\WINDOWS\System32\bcryptPrimitives.dll
0x00007ffae25b0000 - 0x00007ffae25dd000 	C:\WINDOWS\System32\IMM32.DLL
0x0000000063600000 - 0x00000000636d2000 	C:\Program Files\Java\jdk1.8.0_121\jre\bin\msvcr100.dll
0x0000000061c00000 - 0x000000006249b000 	C:\Program Files\Java\jdk1.8.0_121\jre\bin\server\jvm.dll
0x00007ffae3f70000 - 0x00007ffae3f78000 	C:\WINDOWS\System32\PSAPI.DLL
0x00007ffadc270000 - 0x00007ffadc27a000 	C:\WINDOWS\SYSTEM32\VERSION.dll
0x00007ffadcd10000 - 0x00007ffadcd33000 	C:\WINDOWS\SYSTEM32\WINMM.dll
0x00007ffadde50000 - 0x00007ffadde59000 	C:\WINDOWS\SYSTEM32\WSOCK32.dll
0x00007ffadcce0000 - 0x00007ffadcd0a000 	C:\WINDOWS\SYSTEM32\WINMMBASE.dll
0x00007ffae3f00000 - 0x00007ffae3f6c000 	C:\WINDOWS\System32\WS2_32.dll
0x00007ffae1ff0000 - 0x00007ffae203a000 	C:\WINDOWS\System32\cfgmgr32.dll
0x00000000635f0000 - 0x00000000635ff000 	C:\Program Files\Java\jdk1.8.0_121\jre\bin\verify.dll
0x00000000635c0000 - 0x00000000635e9000 	C:\Program Files\Java\jdk1.8.0_121\jre\bin\java.dll
0x0000000063480000 - 0x00000000634a3000 	C:\Program Files\Java\jdk1.8.0_121\jre\bin\instrument.dll
0x00000000635a0000 - 0x00000000635b6000 	C:\Program Files\Java\jdk1.8.0_121\jre\bin\zip.dll
0x00007ffae2a60000 - 0x00007ffae3e96000 	C:\WINDOWS\System32\SHELL32.dll
0x00007ffae24f0000 - 0x00007ffae2596000 	C:\WINDOWS\System32\shcore.dll
0x00007ffae1010000 - 0x00007ffae1757000 	C:\WINDOWS\System32\windows.storage.dll
0x00007ffae2180000 - 0x00007ffae21d1000 	C:\WINDOWS\System32\shlwapi.dll
0x00007ffae0f30000 - 0x00007ffae0f41000 	C:\WINDOWS\System32\kernel.appcore.dll
0x00007ffae0ee0000 - 0x00007ffae0f2c000 	C:\WINDOWS\System32\powrprof.dll
0x00007ffae0ec0000 - 0x00007ffae0edb000 	C:\WINDOWS\System32\profapi.dll
0x00007ffad5280000 - 0x00007ffad529a000 	C:\Program Files\JetBrains\IntelliJ IDEA Community Edition 2017.2.5\bin\breakgen64.dll
0x0000000063580000 - 0x000000006359a000 	C:\Program Files\Java\jdk1.8.0_121\jre\bin\net.dll
0x00007ffae0750000 - 0x00007ffae07b6000 	C:\WINDOWS\system32\mswsock.dll
0x0000000063560000 - 0x0000000063571000 	C:\Program Files\Java\jdk1.8.0_121\jre\bin\nio.dll
0x0000000070440000 - 0x0000000070682000 	C:\Users\LukePc\.jsfml\windows_x64\libsndfile-1.dll
0x00007ffac8490000 - 0x00007ffac84fc000 	C:\Users\LukePc\.jsfml\windows_x64\openal32.dll
0x00007ffad3c50000 - 0x00007ffad3c5e000 	C:\Users\LukePc\.jsfml\windows_x64\sfml-system-2.dll
0x00000000633c0000 - 0x0000000063458000 	C:\WINDOWS\SYSTEM32\MSVCP100.dll
0x00007ffad3c30000 - 0x00007ffad3c44000 	C:\Users\LukePc\.jsfml\windows_x64\sfml-window-2.dll
0x00007ffac0b90000 - 0x00007ffac0cae000 	C:\WINDOWS\SYSTEM32\OPENGL32.dll
0x00007ffac1720000 - 0x00007ffac174c000 	C:\WINDOWS\SYSTEM32\GLU32.dll
0x00007ffad3c10000 - 0x00007ffad3c23000 	C:\Users\LukePc\.jsfml\windows_x64\sfml-audio-2.dll
0x00007ffac7c40000 - 0x00007ffac7d29000 	C:\Users\LukePc\.jsfml\windows_x64\sfml-graphics-2.dll
0x00007ffac81a0000 - 0x00007ffac81d5000 	C:\Users\LukePc\.jsfml\windows_x64\jsfml.dll
0x00007ffadf380000 - 0x00007ffadf415000 	C:\WINDOWS\system32\uxtheme.dll
0x00007ffae41c0000 - 0x00007ffae4327000 	C:\WINDOWS\System32\MSCTF.dll
0x00007ffae2040000 - 0x00007ffae2105000 	C:\WINDOWS\System32\OLEAUT32.dll
0x000000005f320000 - 0x0000000061602000 	C:\WINDOWS\SYSTEM32\nvoglv64.DLL
0x00007ffae46f0000 - 0x00007ffae4b3e000 	C:\WINDOWS\System32\SETUPAPI.dll
0x00007ffae27c0000 - 0x00007ffae2909000 	C:\WINDOWS\System32\ole32.dll
0x00007ffadc8f0000 - 0x00007ffadc903000 	C:\WINDOWS\SYSTEM32\WTSAPI32.dll
0x00007ffae0cd0000 - 0x00007ffae0cf7000 	C:\WINDOWS\SYSTEM32\DEVOBJ.dll
0x00007ffae1df0000 - 0x00007ffae1e48000 	C:\WINDOWS\System32\WINTRUST.dll
0x00007ffae0f50000 - 0x00007ffae0f62000 	C:\WINDOWS\System32\MSASN1.dll
0x00007ffae1900000 - 0x00007ffae1ace000 	C:\WINDOWS\System32\CRYPT32.dll
0x00007ffae0000000 - 0x00007ffae0031000 	C:\WINDOWS\SYSTEM32\ntmarta.dll
0x00007ffadf970000 - 0x00007ffadf99a000 	C:\WINDOWS\system32\dwmapi.dll
0x00007ffaa4700000 - 0x00007ffaa4954000 	C:\WINDOWS\system32\nvspcap64.dll
0x00007ffae0070000 - 0x00007ffae00c5000 	C:\WINDOWS\SYSTEM32\WINSTA.dll
0x00007ffac8170000 - 0x00007ffac819d000 	C:\WINDOWS\SYSTEM32\DINPUT.DLL
0x00007ffad9080000 - 0x00007ffad90ae000 	C:\WINDOWS\SYSTEM32\inputhost.dll
0x00007ffadec70000 - 0x00007ffaded4d000 	C:\WINDOWS\SYSTEM32\CoreMessaging.dll
0x00007ffadaec0000 - 0x00007ffadb1ae000 	C:\WINDOWS\SYSTEM32\CoreUIComponents.dll
0x00007ffadd790000 - 0x00007ffadd8c6000 	C:\WINDOWS\SYSTEM32\wintypes.dll
0x00007ffadfbc0000 - 0x00007ffadfbcc000 	C:\WINDOWS\SYSTEM32\HID.DLL
0x00007fface2f0000 - 0x00007fface388000 	C:\WINDOWS\System32\TextInputFramework.dll
0x00007ffadfc20000 - 0x00007ffadfccf000 	C:\WINDOWS\system32\dxgi.dll
0x00007ffaddf90000 - 0x00007ffade271000 	C:\WINDOWS\system32\d3d11.dll
0x00007ffa983e0000 - 0x00007ffa984ca000 	C:\WINDOWS\System32\DriverStore\FileRepository\nvmii.inf_amd64_f3e7c8de3d3edd0c\nvldumdx.dll
0x00007ffae25e0000 - 0x00007ffae25fd000 	C:\WINDOWS\System32\imagehlp.dll
0x00007ffae0910000 - 0x00007ffae0927000 	C:\WINDOWS\SYSTEM32\CRYPTSP.dll
0x00007ffae0360000 - 0x00007ffae0393000 	C:\WINDOWS\system32\rsaenh.dll
0x00007ffae0a20000 - 0x00007ffae0a45000 	C:\WINDOWS\SYSTEM32\bcrypt.dll
0x00007ffae0930000 - 0x00007ffae093b000 	C:\WINDOWS\SYSTEM32\CRYPTBASE.dll
0x00007ffa916f0000 - 0x00007ffa93259000 	C:\WINDOWS\System32\DriverStore\FileRepository\nvmii.inf_amd64_f3e7c8de3d3edd0c\nvwgf2umx.dll
0x00007ffad75b0000 - 0x00007ffad7a30000 	C:\WINDOWS\system32\nvapi64.dll
0x00007ffadf020000 - 0x00007ffadf162000 	C:\WINDOWS\SYSTEM32\dcomp.dll
0x00007ffad7ad0000 - 0x00007ffad8a2d000 	C:\WINDOWS\SYSTEM32\igd10iumd64.dll
0x00007ffae09f0000 - 0x00007ffae0a16000 	C:\WINDOWS\SYSTEM32\ncrypt.dll
0x00007ffae09b0000 - 0x00007ffae09e6000 	C:\WINDOWS\SYSTEM32\NTASN1.dll
0x00007ffad6b70000 - 0x00007ffad75af000 	C:\WINDOWS\SYSTEM32\igdusc64.dll
0x00007ffadc030000 - 0x00007ffadc1f8000 	C:\WINDOWS\SYSTEM32\dbghelp.dll

VM Arguments:
jvm_args: -javaagent:C:\Program Files\JetBrains\IntelliJ IDEA Community Edition 2017.2.5\lib\idea_rt.jar=51938:C:\Program Files\JetBrains\IntelliJ IDEA Community Edition 2017.2.5\bin -Dfile.encoding=UTF-8 
java_command: MainMenu
java_class_path (initial): C:\Program Files\Java\jdk1.8.0_121\jre\lib\charsets.jar;C:\Program Files\Java\jdk1.8.0_121\jre\lib\deploy.jar;C:\Program Files\Java\jdk1.8.0_121\jre\lib\ext\access-bridge-64.jar;C:\Program Files\Java\jdk1.8.0_121\jre\lib\ext\cldrdata.jar;C:\Program Files\Java\jdk1.8.0_121\jre\lib\ext\dnsns.jar;C:\Program Files\Java\jdk1.8.0_121\jre\lib\ext\jaccess.jar;C:\Program Files\Java\jdk1.8.0_121\jre\lib\ext\jfxrt.jar;C:\Program Files\Java\jdk1.8.0_121\jre\lib\ext\localedata.jar;C:\Program Files\Java\jdk1.8.0_121\jre\lib\ext\nashorn.jar;C:\Program Files\Java\jdk1.8.0_121\jre\lib\ext\sunec.jar;C:\Program Files\Java\jdk1.8.0_121\jre\lib\ext\sunjce_provider.jar;C:\Program Files\Java\jdk1.8.0_121\jre\lib\ext\sunmscapi.jar;C:\Program Files\Java\jdk1.8.0_121\jre\lib\ext\sunpkcs11.jar;C:\Program Files\Java\jdk1.8.0_121\jre\lib\ext\zipfs.jar;C:\Program Files\Java\jdk1.8.0_121\jre\lib\javaws.jar;C:\Program Files\Java\jdk1.8.0_121\jre\lib\jce.jar;C:\Program Files\Java\jdk1.8.0_121\jre\lib\jfr.jar;C:\Program Files\Java\jdk1.8.0_121\jre\lib\jfxswt.jar;C:\Program Files\Java\jdk1.8.0_121\jre\lib\jsse.jar;C:\Program Files\Java\jdk1.8.0_121\jre\lib\management-agent.jar;C:\Program Files\Java\jdk1.8.0_121\jre\lib\plugin.jar;C:\Program Files\Java\jdk1.8.0_121\jre\lib\resources.jar;C:\Program Files\Java\jdk1.8.0_121\jre\lib\rt.jar;C:\Users\LukePc\Desktop\BoomHere\out\production\BoomHere;C:\Users\LukePc\Desktop\BoomHere\src\jsfml.jar;C:\Program Files\JetBrains\IntelliJ IDEA Community Edition 2017.2.5\lib\idea_rt.jar
Launcher Type: SUN_STANDARD

Environment Variables:
PATH=C:\ProgramData\Oracle\Java\javapath;c:\windows\system32;c:\windows;c:\windows\system32\wbem;c:\windows\system32\windowspowershell\v1.0\;c:\program files (x86)\skype\phone\;C:\Program Files\Git\cmd;C:\Program Files\Git\mingw64\bin;C:\Program Files\Git\usr\bin;C:\Program Files (x86)\NVIDIA Corporation\PhysX\Common;%SystemRoot%\system32;%SystemRoot%;%SystemRoot%\System32\Wbem;%SYSTEMROOT%\System32\WindowsPowerShell\v1.0\;C:\Program Files\Java\jdk1.8.0_121\bin;C:\Users\LukePc\AppData\Local\Microsoft\WindowsApps;C:\Program Files\erl9.1\bin;
USERNAME=LukePc
OS=Windows_NT
PROCESSOR_IDENTIFIER=Intel64 Family 6 Model 60 Stepping 3, GenuineIntel



---------------  S Y S T E M  ---------------

OS: Windows 10.0 , 64 bit Build 16299 (10.0.16299.15)

CPU:total 8 (4 cores per cpu, 2 threads per core) family 6 model 60 stepping 3, cmov, cx8, fxsr, mmx, sse, sse2, sse3, ssse3, sse4.1, sse4.2, popcnt, avx, avx2, aes, clmul, erms, lzcnt, ht, tsc, tscinvbit, bmi1, bmi2

Memory: 4k page, physical 8305356k(3449260k free), swap 20453468k(11804152k free)

vm_info: Java HotSpot(TM) 64-Bit Server VM (25.121-b13) for windows-amd64 JRE (1.8.0_121-b13), built on Dec 12 2016 18:21:36 by "java_re" with MS VC++ 10.0 (VS2010)

time: Sat Feb 03 16:35:03 2018
elapsed time: 306 seconds (0d 0h 5m 6s)

