#
# A fatal error has been detected by the Java Runtime Environment:
#
#  EXCEPTION_ACCESS_VIOLATION (0xc0000005) at pc=0x00007ffa91a1a222, pid=8532, tid=0x0000000000002374
#
# JRE version: Java(TM) SE Runtime Environment (8.0_121-b13) (build 1.8.0_121-b13)
# Java VM: Java HotSpot(TM) 64-Bit Server VM (25.121-b13 mixed mode windows-amd64 compressed oops)
# Problematic frame:
# C  [DINPUT.DLL+0x1a222]
#
# Failed to write core dump. Minidumps are not enabled by default on client versions of Windows
#
# If you would like to submit a bug report, please visit:
#   http://bugreport.java.com/bugreport/crash.jsp
# The crash happened outside the Java Virtual Machine in native code.
# See problematic frame for where to report the bug.
#

---------------  T H R E A D  ---------------

Current thread (0x0000000004d3e000):  JavaThread "main" [_thread_in_native, id=9076, stack(0x0000000004b40000,0x0000000004c40000)]

siginfo: ExceptionCode=0xc0000005, reading address 0x0000000000000004

Registers:
RAX=0x000000007ffffffe, RBX=0x0000000000000001, RCX=0x000000002ffe98a0, RDX=0x000000007ffffffd
RSP=0x0000000004c3cda0, RBP=0x0000000000000000, RSI=0x0000000049ecf470, RDI=0xffffffffd0016764
R8 =0x0000000000000000, R9 =0x000000002ffe98a0, R10=0x0000000000981140, R11=0x0000000004c3cce0
R12=0x0000000080004005, R13=0x0000000000000000, R14=0x0000000080004005, R15=0xffffffffffffffff
RIP=0x00007ffa91a1a222, EFLAGS=0x0000000000010202

Top of Stack: (sp=0x0000000004c3cda0)
0x0000000004c3cda0:   0000000080004005 0000000049ecf288
0x0000000004c3cdb0:   0000000080004005 00000000220f36b0
0x0000000004c3cdc0:   0000000049ecf288 00007ffa91a14acb
0x0000000004c3cdd0:   00000000220f36b0 0000000004c3ced0
0x0000000004c3cde0:   0000000080004005 00007ffa9feec7eb
0x0000000004c3cdf0:   0000000049ecf478 0000000000000000
0x0000000004c3ce00:   0000000004c3d562 0000000004c3d3c0
0x0000000004c3ce10:   0000000004c3d3c0 00007ffaa08697e4
0x0000000004c3ce20:   00007636e9ae1b47 0000000000000000
0x0000000004c3ce30:   00000000ffffffff 0000000004c3d3c0
0x0000000004c3ce40:   0000000000000073 00007ffa9d8a0223
0x0000000004c3ce50:   0000000000985280 0000000000000000
0x0000000004c3ce60:   0000000000980000 0000000000b4c000
0x0000000004c3ce70:   0000000004c3ced8 00007ffa9fef557d
0x0000000004c3ce80:   0000000004c3d900 0000000000000488
0x0000000004c3ce90:   0000000000000001 0000000000980cc0 

Instructions: (pc=0x00007ffa91a1a222)
0x00007ffa91a1a202:   ba fe ff ff 7f 48 d1 eb 48 8d 43 ff 48 3b c2 77
0x00007ffa91a1a212:   35 48 2b d3 48 2b f9 48 8d 04 1a 48 85 c0 74 16
0x00007ffa91a1a222:   0f b7 04 0f 66 85 c0 74 0d 66 89 01 48 83 c1 02
0x00007ffa91a1a232:   48 83 eb 01 75 e1 48 85 db 48 8d 41 fe 48 0f 45 


Register to memory mapping:

RAX=0x000000007ffffffe is an unknown value
RBX=0x0000000000000001 is an unknown value
RCX=0x000000002ffe98a0 is an unknown value
RDX=0x000000007ffffffd is an unknown value
RSP=0x0000000004c3cda0 is pointing into the stack for thread: 0x0000000004d3e000
RBP=0x0000000000000000 is an unknown value
RSI=0x0000000049ecf470 is an unknown value
RDI=0xffffffffd0016764 is an unknown value
R8 =0x0000000000000000 is an unknown value
R9 =0x000000002ffe98a0 is an unknown value
R10=0x0000000000981140 is an unknown value
R11=0x0000000004c3cce0 is pointing into the stack for thread: 0x0000000004d3e000
R12=0x0000000080004005 is an unknown value
R13=0x0000000000000000 is an unknown value
R14=0x0000000080004005 is an unknown value
R15=0xffffffffffffffff is an unknown value


Stack: [0x0000000004b40000,0x0000000004c40000],  sp=0x0000000004c3cda0,  free space=1011k
Native frames: (J=compiled Java code, j=interpreted, Vv=VM code, C=native code)

Java frames: (J=compiled Java code, j=interpreted, Vv=VM code)
J 497  org.jsfml.window.Window.nativePollEvent(Ljava/nio/Buffer;)V (0 bytes) @ 0x0000000005157c0f [0x0000000005157bc0+0x4f]
J 703% C1 Game.run(II)V (517 bytes) @ 0x0000000005216bcc [0x0000000005212be0+0x3fec]
j  MainMenu.run()V+554
j  MainMenu.main([Ljava/lang/String;)V+9
v  ~StubRoutines::call_stub

---------------  P R O C E S S  ---------------

Java Threads: ( => current thread )
  0x000000001bf4a800 JavaThread "Service Thread" daemon [_thread_blocked, id=9880, stack(0x000000001c9d0000,0x000000001cad0000)]
  0x000000001bea9000 JavaThread "C1 CompilerThread3" daemon [_thread_blocked, id=10064, stack(0x000000001c8d0000,0x000000001c9d0000)]
  0x000000001be9f800 JavaThread "C2 CompilerThread2" daemon [_thread_blocked, id=12268, stack(0x000000001c7d0000,0x000000001c8d0000)]
  0x000000001be9d000 JavaThread "C2 CompilerThread1" daemon [_thread_blocked, id=3604, stack(0x000000001c6d0000,0x000000001c7d0000)]
  0x000000001bea2800 JavaThread "C2 CompilerThread0" daemon [_thread_blocked, id=11812, stack(0x000000001c5d0000,0x000000001c6d0000)]
  0x000000001be4d800 JavaThread "Monitor Ctrl-Break" daemon [_thread_in_native, id=11656, stack(0x000000001c4d0000,0x000000001c5d0000)]
  0x000000001be00000 JavaThread "Attach Listener" daemon [_thread_blocked, id=11144, stack(0x000000001c3d0000,0x000000001c4d0000)]
  0x000000001bdff000 JavaThread "Signal Dispatcher" daemon [_thread_blocked, id=9600, stack(0x000000001c2d0000,0x000000001c3d0000)]
  0x000000001bdf0800 JavaThread "Finalizer" daemon [_thread_blocked, id=12148, stack(0x000000001c1d0000,0x000000001c2d0000)]
  0x0000000004f39000 JavaThread "Reference Handler" daemon [_thread_blocked, id=2700, stack(0x000000001bcd0000,0x000000001bdd0000)]
=>0x0000000004d3e000 JavaThread "main" [_thread_in_native, id=9076, stack(0x0000000004b40000,0x0000000004c40000)]

Other Threads:
  0x0000000019ef9800 VMThread [stack: 0x000000001bbd0000,0x000000001bcd0000] [id=11664]
  0x000000001bf72800 WatcherThread [stack: 0x000000001cad0000,0x000000001cbd0000] [id=10516]

VM state:not at safepoint (normal execution)

VM Mutex/Monitor currently owned by a thread: None

Heap:
 PSYoungGen      total 38400K, used 7713K [0x00000000d5c00000, 0x00000000d8680000, 0x0000000100000000)
  eden space 33280K, 7% used [0x00000000d5c00000,0x00000000d5e8de60,0x00000000d7c80000)
  from space 5120K, 99% used [0x00000000d7c80000,0x00000000d817a718,0x00000000d8180000)
  to   space 5120K, 0% used [0x00000000d8180000,0x00000000d8180000,0x00000000d8680000)
 ParOldGen       total 87552K, used 28978K [0x0000000081400000, 0x0000000086980000, 0x00000000d5c00000)
  object space 87552K, 33% used [0x0000000081400000,0x000000008304cad8,0x0000000086980000)
 Metaspace       used 5481K, capacity 5676K, committed 5888K, reserved 1056768K
  class space    used 612K, capacity 698K, committed 768K, reserved 1048576K

Card table byte_map: [0x0000000014300000,0x0000000014700000] byte_map_base: 0x0000000013ef6000

Marking Bits: (ParMarkBitMap*) 0x0000000071d4b6d0
 Begin Bits: [0x00000000151b0000, 0x0000000017160000)
 End Bits:   [0x0000000017160000, 0x0000000019110000)

Polling page: 0x0000000003380000

CodeCache: size=245760Kb used=2946Kb max_used=2958Kb free=242813Kb
 bounds [0x0000000004f40000, 0x0000000005230000, 0x0000000013f40000]
 total_blobs=1020 nmethods=705 adapters=228
 compilation: enabled

Compilation events (10 events):
Event: 144.939 Thread 0x000000001be9f800 nmethod 699 0x0000000005207510 code [0x0000000005207680, 0x0000000005207c10]
Event: 144.942 Thread 0x000000001be9d000 nmethod 701 0x0000000005207f10 code [0x00000000052080a0, 0x00000000052087d0]
Event: 206.958 Thread 0x000000001bea9000  702 %     3       Game::run @ 131 (517 bytes)
Event: 206.962 Thread 0x000000001bea9000 nmethod 702% 0x0000000005208ad0 code [0x0000000005209360, 0x000000000520e9d8]
Event: 210.606 Thread 0x000000001bea9000  703 %     3       Game::run @ 309 (517 bytes)
Event: 210.610 Thread 0x000000001bea9000 nmethod 703% 0x0000000005212350 code [0x0000000005212be0, 0x0000000005218298]
Event: 214.018 Thread 0x000000001bea9000  704       3       Game::run (517 bytes)
Event: 214.021 Thread 0x000000001bea9000 nmethod 704 0x000000000521bcd0 code [0x000000000521c560, 0x0000000005221ad8]
Event: 214.239 Thread 0x000000001be9f800  705   !   4       Hero::changeImg (35 bytes)
Event: 214.241 Thread 0x000000001be9f800 nmethod 705 0x0000000005205350 code [0x00000000052054e0, 0x00000000052057a0]

GC Heap History (6 events):
Event: 63.581 GC heap before
{Heap before GC invocations=1 (full 0):
 PSYoungGen      total 38400K, used 33280K [0x00000000d5c00000, 0x00000000d8680000, 0x0000000100000000)
  eden space 33280K, 100% used [0x00000000d5c00000,0x00000000d7c80000,0x00000000d7c80000)
  from space 5120K, 0% used [0x00000000d8180000,0x00000000d8180000,0x00000000d8680000)
  to   space 5120K, 0% used [0x00000000d7c80000,0x00000000d7c80000,0x00000000d8180000)
 ParOldGen       total 87552K, used 0K [0x0000000081400000, 0x0000000086980000, 0x00000000d5c00000)
  object space 87552K, 0% used [0x0000000081400000,0x0000000081400000,0x0000000086980000)
 Metaspace       used 5462K, capacity 5612K, committed 5888K, reserved 1056768K
  class space    used 612K, capacity 698K, committed 768K, reserved 1048576K
Event: 63.603 GC heap after
Heap after GC invocations=1 (full 0):
 PSYoungGen      total 38400K, used 5113K [0x00000000d5c00000, 0x00000000d8680000, 0x0000000100000000)
  eden space 33280K, 0% used [0x00000000d5c00000,0x00000000d5c00000,0x00000000d7c80000)
  from space 5120K, 99% used [0x00000000d7c80000,0x00000000d817e708,0x00000000d8180000)
  to   space 5120K, 0% used [0x00000000d8180000,0x00000000d8180000,0x00000000d8680000)
 ParOldGen       total 87552K, used 5794K [0x0000000081400000, 0x0000000086980000, 0x00000000d5c00000)
  object space 87552K, 6% used [0x0000000081400000,0x00000000819a8ad8,0x0000000086980000)
 Metaspace       used 5462K, capacity 5612K, committed 5888K, reserved 1056768K
  class space    used 612K, capacity 698K, committed 768K, reserved 1048576K
}
Event: 144.894 GC heap before
{Heap before GC invocations=2 (full 0):
 PSYoungGen      total 38400K, used 38393K [0x00000000d5c00000, 0x00000000d8680000, 0x0000000100000000)
  eden space 33280K, 100% used [0x00000000d5c00000,0x00000000d7c80000,0x00000000d7c80000)
  from space 5120K, 99% used [0x00000000d7c80000,0x00000000d817e708,0x00000000d8180000)
  to   space 5120K, 0% used [0x00000000d8180000,0x00000000d8180000,0x00000000d8680000)
 ParOldGen       total 87552K, used 5794K [0x0000000081400000, 0x0000000086980000, 0x00000000d5c00000)
  object space 87552K, 6% used [0x0000000081400000,0x00000000819a8ad8,0x0000000086980000)
 Metaspace       used 5473K, capacity 5612K, committed 5888K, reserved 1056768K
  class space    used 612K, capacity 698K, committed 768K, reserved 1048576K
Event: 144.923 GC heap after
Heap after GC invocations=2 (full 0):
 PSYoungGen      total 38400K, used 5097K [0x00000000d5c00000, 0x00000000d8680000, 0x0000000100000000)
  eden space 33280K, 0% used [0x00000000d5c00000,0x00000000d5c00000,0x00000000d7c80000)
  from space 5120K, 99% used [0x00000000d8180000,0x00000000d867a718,0x00000000d8680000)
  to   space 5120K, 0% used [0x00000000d7c80000,0x00000000d7c80000,0x00000000d8180000)
 ParOldGen       total 87552K, used 16466K [0x0000000081400000, 0x0000000086980000, 0x00000000d5c00000)
  object space 87552K, 18% used [0x0000000081400000,0x0000000082414ad8,0x0000000086980000)
 Metaspace       used 5473K, capacity 5612K, committed 5888K, reserved 1056768K
  class space    used 612K, capacity 698K, committed 768K, reserved 1048576K
}
Event: 237.547 GC heap before
{Heap before GC invocations=3 (full 0):
 PSYoungGen      total 38400K, used 38377K [0x00000000d5c00000, 0x00000000d8680000, 0x0000000100000000)
  eden space 33280K, 100% used [0x00000000d5c00000,0x00000000d7c80000,0x00000000d7c80000)
  from space 5120K, 99% used [0x00000000d8180000,0x00000000d867a718,0x00000000d8680000)
  to   space 5120K, 0% used [0x00000000d7c80000,0x00000000d7c80000,0x00000000d8180000)
 ParOldGen       total 87552K, used 16466K [0x0000000081400000, 0x0000000086980000, 0x00000000d5c00000)
  object space 87552K, 18% used [0x0000000081400000,0x0000000082414ad8,0x0000000086980000)
 Metaspace       used 5481K, capacity 5676K, committed 5888K, reserved 1056768K
  class space    used 612K, capacity 698K, committed 768K, reserved 1048576K
Event: 237.564 GC heap after
Heap after GC invocations=3 (full 0):
 PSYoungGen      total 38400K, used 5097K [0x00000000d5c00000, 0x00000000d8680000, 0x0000000100000000)
  eden space 33280K, 0% used [0x00000000d5c00000,0x00000000d5c00000,0x00000000d7c80000)
  from space 5120K, 99% used [0x00000000d7c80000,0x00000000d817a718,0x00000000d8180000)
  to   space 5120K, 0% used [0x00000000d8180000,0x00000000d8180000,0x00000000d8680000)
 ParOldGen       total 87552K, used 28978K [0x0000000081400000, 0x0000000086980000, 0x00000000d5c00000)
  object space 87552K, 33% used [0x0000000081400000,0x000000008304cad8,0x0000000086980000)
 Metaspace       used 5481K, capacity 5676K, committed 5888K, reserved 1056768K
  class space    used 612K, capacity 698K, committed 768K, reserved 1048576K
}

Deoptimization events (9 events):
Event: 63.609 Thread 0x0000000004f39000 Uncommon trap: reason=unstable_if action=reinterpret pc=0x00000000051d5acc method=java.lang.ref.ReferenceQueue.enqueue(Ljava/lang/ref/Reference;)Z @ 61
Event: 63.610 Thread 0x0000000004f39000 Uncommon trap: reason=class_check action=maybe_recompile pc=0x00000000051d4a44 method=java.lang.ref.ReferenceQueue.enqueue(Ljava/lang/ref/Reference;)Z @ 91
Event: 63.610 Thread 0x0000000004f39000 Uncommon trap: reason=class_check action=maybe_recompile pc=0x00000000051d4a44 method=java.lang.ref.ReferenceQueue.enqueue(Ljava/lang/ref/Reference;)Z @ 91
Event: 63.610 Thread 0x0000000004f39000 Uncommon trap: reason=class_check action=maybe_recompile pc=0x00000000051d4a44 method=java.lang.ref.ReferenceQueue.enqueue(Ljava/lang/ref/Reference;)Z @ 91
Event: 63.610 Thread 0x0000000004f39000 Uncommon trap: reason=class_check action=maybe_recompile pc=0x00000000051d4a44 method=java.lang.ref.ReferenceQueue.enqueue(Ljava/lang/ref/Reference;)Z @ 91
Event: 63.641 Thread 0x000000001bdf0800 Uncommon trap: reason=unstable_if action=reinterpret pc=0x00000000051e9024 method=java.lang.ref.ReferenceQueue.reallyPoll()Ljava/lang/ref/Reference; @ 15
Event: 63.641 Thread 0x000000001bdf0800 Uncommon trap: reason=unstable_if action=reinterpret pc=0x00000000051e64d8 method=java.lang.ref.ReferenceQueue.reallyPoll()Ljava/lang/ref/Reference; @ 15
Event: 63.642 Thread 0x000000001bdf0800 Uncommon trap: reason=unstable_if action=reinterpret pc=0x00000000051e7684 method=java.lang.ref.ReferenceQueue.reallyPoll()Ljava/lang/ref/Reference; @ 6
Event: 80.077 Thread 0x0000000004d3e000 Uncommon trap: reason=unstable_if action=reinterpret pc=0x00000000051d9f44 method=Hero.update(Lorg/jsfml/graphics/RenderWindow;LEnemy;)V @ 30

Internal exceptions (10 events):
Event: 0.034 Thread 0x0000000004d3e000 Exception <a 'java/lang/NoSuchMethodError': Method sun.misc.Unsafe.defineClass(Ljava/lang/String;[BII)Ljava/lang/Class; name or signature does not match> (0x00000000d5c07ca8) thrown at [C:\re\workspace\8-2-build-windows-amd64-cygwin\jdk8u121\8372\hotspot\
Event: 0.034 Thread 0x0000000004d3e000 Exception <a 'java/lang/NoSuchMethodError': Method sun.misc.Unsafe.prefetchRead(Ljava/lang/Object;J)V name or signature does not match> (0x00000000d5c07f90) thrown at [C:\re\workspace\8-2-build-windows-amd64-cygwin\jdk8u121\8372\hotspot\src\share\vm\prims
Event: 0.120 Thread 0x0000000004d3e000 Exception <a 'sun/nio/fs/WindowsException'> (0x00000000d5f4e500) thrown at [C:\re\workspace\8-2-build-windows-amd64-cygwin\jdk8u121\8372\hotspot\src\share\vm\prims\jni.cpp, line 709]
Event: 0.123 Thread 0x0000000004d3e000 Exception <a 'java/security/PrivilegedActionException'> (0x00000000d5f670a0) thrown at [C:\re\workspace\8-2-build-windows-amd64-cygwin\jdk8u121\8372\hotspot\src\share\vm\prims\jvm.cpp, line 1390]
Event: 0.123 Thread 0x0000000004d3e000 Exception <a 'java/security/PrivilegedActionException'> (0x00000000d5f672b0) thrown at [C:\re\workspace\8-2-build-windows-amd64-cygwin\jdk8u121\8372\hotspot\src\share\vm\prims\jvm.cpp, line 1390]
Event: 0.124 Thread 0x0000000004d3e000 Exception <a 'java/security/PrivilegedActionException'> (0x00000000d5f6b1c0) thrown at [C:\re\workspace\8-2-build-windows-amd64-cygwin\jdk8u121\8372\hotspot\src\share\vm\prims\jvm.cpp, line 1390]
Event: 0.124 Thread 0x0000000004d3e000 Exception <a 'java/security/PrivilegedActionException'> (0x00000000d5f6b3d0) thrown at [C:\re\workspace\8-2-build-windows-amd64-cygwin\jdk8u121\8372\hotspot\src\share\vm\prims\jvm.cpp, line 1390]
Event: 0.723 Thread 0x0000000004d3e000 Exception <a 'java/lang/NoSuchFieldError': method resolution failed> (0x00000000d60e6558) thrown at [C:\re\workspace\8-2-build-windows-amd64-cygwin\jdk8u121\8372\hotspot\src\share\vm\prims\methodHandles.cpp, line 1146]
Event: 0.724 Thread 0x0000000004d3e000 Exception <a 'java/lang/NoSuchFieldError': method resolution failed> (0x00000000d60f4400) thrown at [C:\re\workspace\8-2-build-windows-amd64-cygwin\jdk8u121\8372\hotspot\src\share\vm\prims\methodHandles.cpp, line 1146]
Event: 63.642 Thread 0x000000001bdf0800 Implicit null exception at 0x00000000051e73bc to 0x00000000051e765d

Events (10 events):
Event: 63.642 Thread 0x000000001bdf0800 DEOPT UNPACKING pc=0x0000000004f8582a sp=0x000000001c2cf1a0 mode 2
Event: 66.894 loading class java/util/ArrayList$1
Event: 66.894 loading class java/util/ArrayList$1 done
Event: 80.077 Thread 0x0000000004d3e000 Uncommon trap: trap_request=0xffffff65 fr.pc=0x00000000051d9f44
Event: 80.077 Thread 0x0000000004d3e000 DEOPT PACKING pc=0x00000000051d9f44 sp=0x0000000004c3f5e0
Event: 80.077 Thread 0x0000000004d3e000 DEOPT UNPACKING pc=0x0000000004f8582a sp=0x0000000004c3f640 mode 2
Event: 144.894 Executing VM operation: ParallelGCFailedAllocation
Event: 144.923 Executing VM operation: ParallelGCFailedAllocation done
Event: 237.546 Executing VM operation: ParallelGCFailedAllocation
Event: 237.564 Executing VM operation: ParallelGCFailedAllocation done


Dynamic libraries:
0x00007ff67d980000 - 0x00007ff67d9b7000 	C:\Program Files\Java\jdk1.8.0_121\bin\java.exe
0x00007ffaa0840000 - 0x00007ffaa0a20000 	C:\WINDOWS\SYSTEM32\ntdll.dll
0x00007ffa9de90000 - 0x00007ffa9df3e000 	C:\WINDOWS\System32\KERNEL32.DLL
0x00007ffa9d860000 - 0x00007ffa9dac6000 	C:\WINDOWS\System32\KERNELBASE.dll
0x00007ffa9dd70000 - 0x00007ffa9de11000 	C:\WINDOWS\System32\ADVAPI32.dll
0x00007ffa9fea0000 - 0x00007ffa9ff3d000 	C:\WINDOWS\System32\msvcrt.dll
0x00007ffa9dd10000 - 0x00007ffa9dd6b000 	C:\WINDOWS\System32\sechost.dll
0x00007ffaa04f0000 - 0x00007ffaa060f000 	C:\WINDOWS\System32\RPCRT4.dll
0x00007ffaa0660000 - 0x00007ffaa07ef000 	C:\WINDOWS\System32\USER32.dll
0x00007ffa9db70000 - 0x00007ffa9db90000 	C:\WINDOWS\System32\win32u.dll
0x00007ffaa0630000 - 0x00007ffaa0658000 	C:\WINDOWS\System32\GDI32.dll
0x00007ffa9cc40000 - 0x00007ffa9cdd3000 	C:\WINDOWS\System32\gdi32full.dll
0x00007ffa9dad0000 - 0x00007ffa9db6b000 	C:\WINDOWS\System32\msvcp_win.dll
0x00007ffa9db90000 - 0x00007ffa9dc86000 	C:\WINDOWS\System32\ucrtbase.dll
0x00007ffa8e870000 - 0x00007ffa8ead9000 	C:\WINDOWS\WinSxS\amd64_microsoft.windows.common-controls_6595b64144ccf1df_6.0.16299.125_none_15cbcf8893620c09\COMCTL32.dll
0x00007ffa9ffe0000 - 0x00007ffaa02e8000 	C:\WINDOWS\System32\combase.dll
0x00007ffa9dc90000 - 0x00007ffa9dd02000 	C:\WINDOWS\System32\bcryptPrimitives.dll
0x00007ffa9f400000 - 0x00007ffa9f42d000 	C:\WINDOWS\System32\IMM32.DLL
0x0000000071dd0000 - 0x0000000071ea2000 	C:\Program Files\Java\jdk1.8.0_121\jre\bin\msvcr100.dll
0x0000000071530000 - 0x0000000071dcb000 	C:\Program Files\Java\jdk1.8.0_121\jre\bin\server\jvm.dll
0x00007ffa9de20000 - 0x00007ffa9de28000 	C:\WINDOWS\System32\PSAPI.DLL
0x00007ffa78f60000 - 0x00007ffa78f69000 	C:\WINDOWS\SYSTEM32\WSOCK32.dll
0x00007ffa998e0000 - 0x00007ffa99903000 	C:\WINDOWS\SYSTEM32\WINMM.dll
0x00007ffa97910000 - 0x00007ffa9791a000 	C:\WINDOWS\SYSTEM32\VERSION.dll
0x00007ffa9fcc0000 - 0x00007ffa9fd2c000 	C:\WINDOWS\System32\WS2_32.dll
0x00007ffa998b0000 - 0x00007ffa998da000 	C:\WINDOWS\SYSTEM32\winmmbase.dll
0x00007ffa9cde0000 - 0x00007ffa9ce2a000 	C:\WINDOWS\System32\cfgmgr32.dll
0x0000000071520000 - 0x000000007152f000 	C:\Program Files\Java\jdk1.8.0_121\jre\bin\verify.dll
0x00000000714f0000 - 0x0000000071519000 	C:\Program Files\Java\jdk1.8.0_121\jre\bin\java.dll
0x00000000714c0000 - 0x00000000714e3000 	C:\Program Files\Java\jdk1.8.0_121\jre\bin\instrument.dll
0x00000000714a0000 - 0x00000000714b6000 	C:\Program Files\Java\jdk1.8.0_121\jre\bin\zip.dll
0x00007ffa9df40000 - 0x00007ffa9f376000 	C:\WINDOWS\System32\SHELL32.dll
0x00007ffa9f580000 - 0x00007ffa9f626000 	C:\WINDOWS\System32\shcore.dll
0x00007ffa9d110000 - 0x00007ffa9d857000 	C:\WINDOWS\System32\windows.storage.dll
0x00007ffa9de30000 - 0x00007ffa9de81000 	C:\WINDOWS\System32\shlwapi.dll
0x00007ffa9cbb0000 - 0x00007ffa9cbc1000 	C:\WINDOWS\System32\kernel.appcore.dll
0x00007ffa9cbd0000 - 0x00007ffa9cc1c000 	C:\WINDOWS\System32\powrprof.dll
0x00007ffa9cc20000 - 0x00007ffa9cc3b000 	C:\WINDOWS\System32\profapi.dll
0x00007ffa99220000 - 0x00007ffa9923a000 	C:\Program Files\JetBrains\IntelliJ IDEA Community Edition 2017.2.5\bin\breakgen64.dll
0x0000000071480000 - 0x000000007149a000 	C:\Program Files\Java\jdk1.8.0_121\jre\bin\net.dll
0x00007ffa9c420000 - 0x00007ffa9c486000 	C:\WINDOWS\system32\mswsock.dll
0x0000000071460000 - 0x0000000071471000 	C:\Program Files\Java\jdk1.8.0_121\jre\bin\nio.dll
0x0000000070440000 - 0x0000000070682000 	C:\Users\LukePc\.jsfml\windows_x64\libsndfile-1.dll
0x00007ffa91a70000 - 0x00007ffa91adc000 	C:\Users\LukePc\.jsfml\windows_x64\openal32.dll
0x00007ffa99c30000 - 0x00007ffa99c3e000 	C:\Users\LukePc\.jsfml\windows_x64\sfml-system-2.dll
0x00000000713c0000 - 0x0000000071458000 	C:\WINDOWS\SYSTEM32\MSVCP100.dll
0x00007ffa92650000 - 0x00007ffa92664000 	C:\Users\LukePc\.jsfml\windows_x64\sfml-window-2.dll
0x00007ffa6d920000 - 0x00007ffa6da3e000 	C:\WINDOWS\SYSTEM32\OPENGL32.dll
0x00007ffa6d8b0000 - 0x00007ffa6d8dc000 	C:\WINDOWS\SYSTEM32\GLU32.dll
0x00007ffa92590000 - 0x00007ffa925a3000 	C:\Users\LukePc\.jsfml\windows_x64\sfml-audio-2.dll
0x00007ffa841e0000 - 0x00007ffa842c9000 	C:\Users\LukePc\.jsfml\windows_x64\sfml-graphics-2.dll
0x00007ffa91a30000 - 0x00007ffa91a65000 	C:\Users\LukePc\.jsfml\windows_x64\jsfml.dll
0x00007ffa9b0f0000 - 0x00007ffa9b185000 	C:\WINDOWS\system32\uxtheme.dll
0x00007ffa9fb50000 - 0x00007ffa9fcb7000 	C:\WINDOWS\System32\MSCTF.dll
0x00007ffa9fa80000 - 0x00007ffa9fb45000 	C:\WINDOWS\System32\OLEAUT32.dll
0x000000001d0b0000 - 0x000000001f392000 	C:\WINDOWS\SYSTEM32\nvoglv64.DLL
0x00007ffa9f630000 - 0x00007ffa9fa7e000 	C:\WINDOWS\System32\SETUPAPI.dll
0x00007ffa9f430000 - 0x00007ffa9f579000 	C:\WINDOWS\System32\ole32.dll
0x00007ffa99410000 - 0x00007ffa99423000 	C:\WINDOWS\SYSTEM32\WTSAPI32.dll
0x00007ffa9c9a0000 - 0x00007ffa9c9c7000 	C:\WINDOWS\SYSTEM32\DEVOBJ.dll
0x00007ffa9d000000 - 0x00007ffa9d058000 	C:\WINDOWS\System32\WINTRUST.dll
0x00007ffa9cb90000 - 0x00007ffa9cba2000 	C:\WINDOWS\System32\MSASN1.dll
0x00007ffa9ce30000 - 0x00007ffa9cffe000 	C:\WINDOWS\System32\CRYPT32.dll
0x00007ffa9bcd0000 - 0x00007ffa9bd01000 	C:\WINDOWS\SYSTEM32\ntmarta.dll
0x00007ffa9b360000 - 0x00007ffa9b38a000 	C:\WINDOWS\system32\dwmapi.dll
0x00007ffa5efb0000 - 0x00007ffa5f204000 	C:\WINDOWS\system32\nvspcap64.dll
0x00007ffa9bd40000 - 0x00007ffa9bd95000 	C:\WINDOWS\SYSTEM32\WINSTA.dll
0x00007ffa91a00000 - 0x00007ffa91a2d000 	C:\WINDOWS\SYSTEM32\DINPUT.DLL
0x00007ffa98200000 - 0x00007ffa9822e000 	C:\WINDOWS\SYSTEM32\inputhost.dll
0x00007ffa9a960000 - 0x00007ffa9aa3d000 	C:\WINDOWS\SYSTEM32\CoreMessaging.dll
0x00007ffa98450000 - 0x00007ffa9873e000 	C:\WINDOWS\SYSTEM32\CoreUIComponents.dll
0x00007ffa98f20000 - 0x00007ffa99056000 	C:\WINDOWS\SYSTEM32\wintypes.dll
0x00007ffa9b950000 - 0x00007ffa9b95c000 	C:\WINDOWS\SYSTEM32\HID.DLL
0x00007ffa907b0000 - 0x00007ffa90848000 	C:\WINDOWS\System32\TextInputFramework.dll
0x00007ffa9b9b0000 - 0x00007ffa9ba5f000 	C:\WINDOWS\system32\dxgi.dll
0x00007ffa99c80000 - 0x00007ffa99f61000 	C:\WINDOWS\system32\d3d11.dll
0x00007ffa5fde0000 - 0x00007ffa5feca000 	C:\WINDOWS\System32\DriverStore\FileRepository\nvmii.inf_amd64_f3e7c8de3d3edd0c\nvldumdx.dll
0x00007ffaa0610000 - 0x00007ffaa062d000 	C:\WINDOWS\System32\imagehlp.dll
0x00007ffa9c5e0000 - 0x00007ffa9c5f7000 	C:\WINDOWS\SYSTEM32\CRYPTSP.dll
0x00007ffa9c030000 - 0x00007ffa9c063000 	C:\WINDOWS\system32\rsaenh.dll
0x00007ffa9c6f0000 - 0x00007ffa9c715000 	C:\WINDOWS\SYSTEM32\bcrypt.dll
0x00007ffa9c600000 - 0x00007ffa9c60b000 	C:\WINDOWS\SYSTEM32\CRYPTBASE.dll
0x00007ffa42b60000 - 0x00007ffa446c9000 	C:\WINDOWS\System32\DriverStore\FileRepository\nvmii.inf_amd64_f3e7c8de3d3edd0c\nvwgf2umx.dll
0x00007ffa90ab0000 - 0x00007ffa90f30000 	C:\WINDOWS\system32\nvapi64.dll
0x00007ffa9aa40000 - 0x00007ffa9ab82000 	C:\WINDOWS\SYSTEM32\dcomp.dll
0x00007ffa93ea0000 - 0x00007ffa94dfd000 	C:\WINDOWS\SYSTEM32\igd10iumd64.dll
0x00007ffa9c6c0000 - 0x00007ffa9c6e6000 	C:\WINDOWS\SYSTEM32\ncrypt.dll
0x00007ffa9c680000 - 0x00007ffa9c6b6000 	C:\WINDOWS\SYSTEM32\NTASN1.dll
0x00007ffa93460000 - 0x00007ffa93e9f000 	C:\WINDOWS\SYSTEM32\igdusc64.dll
0x00007ffa976d0000 - 0x00007ffa97898000 	C:\WINDOWS\SYSTEM32\dbghelp.dll

VM Arguments:
jvm_args: -javaagent:C:\Program Files\JetBrains\IntelliJ IDEA Community Edition 2017.2.5\lib\idea_rt.jar=56303:C:\Program Files\JetBrains\IntelliJ IDEA Community Edition 2017.2.5\bin -Dfile.encoding=UTF-8 
java_command: MainMenu
java_class_path (initial): C:\Program Files\Java\jdk1.8.0_121\jre\lib\charsets.jar;C:\Program Files\Java\jdk1.8.0_121\jre\lib\deploy.jar;C:\Program Files\Java\jdk1.8.0_121\jre\lib\ext\access-bridge-64.jar;C:\Program Files\Java\jdk1.8.0_121\jre\lib\ext\cldrdata.jar;C:\Program Files\Java\jdk1.8.0_121\jre\lib\ext\dnsns.jar;C:\Program Files\Java\jdk1.8.0_121\jre\lib\ext\jaccess.jar;C:\Program Files\Java\jdk1.8.0_121\jre\lib\ext\jfxrt.jar;C:\Program Files\Java\jdk1.8.0_121\jre\lib\ext\localedata.jar;C:\Program Files\Java\jdk1.8.0_121\jre\lib\ext\nashorn.jar;C:\Program Files\Java\jdk1.8.0_121\jre\lib\ext\sunec.jar;C:\Program Files\Java\jdk1.8.0_121\jre\lib\ext\sunjce_provider.jar;C:\Program Files\Java\jdk1.8.0_121\jre\lib\ext\sunmscapi.jar;C:\Program Files\Java\jdk1.8.0_121\jre\lib\ext\sunpkcs11.jar;C:\Program Files\Java\jdk1.8.0_121\jre\lib\ext\zipfs.jar;C:\Program Files\Java\jdk1.8.0_121\jre\lib\javaws.jar;C:\Program Files\Java\jdk1.8.0_121\jre\lib\jce.jar;C:\Program Files\Java\jdk1.8.0_121\jre\lib\jfr.jar;C:\Program Files\Java\jdk1.8.0_121\jre\lib\jfxswt.jar;C:\Program Files\Java\jdk1.8.0_121\jre\lib\jsse.jar;C:\Program Files\Java\jdk1.8.0_121\jre\lib\management-agent.jar;C:\Program Files\Java\jdk1.8.0_121\jre\lib\plugin.jar;C:\Program Files\Java\jdk1.8.0_121\jre\lib\resources.jar;C:\Program Files\Java\jdk1.8.0_121\jre\lib\rt.jar;C:\Users\LukePc\Desktop\BoomHere\out\production\BoomHere;C:\Users\LukePc\Desktop\BoomHere\src\jsfml.jar;C:\Program Files\JetBrains\IntelliJ IDEA Community Edition 2017.2.5\lib\idea_rt.jar
Launcher Type: SUN_STANDARD

Environment Variables:
PATH=C:\ProgramData\Oracle\Java\javapath;c:\windows\system32;c:\windows;c:\windows\system32\wbem;c:\windows\system32\windowspowershell\v1.0\;c:\program files (x86)\skype\phone\;C:\Program Files\Git\cmd;C:\Program Files\Git\mingw64\bin;C:\Program Files\Git\usr\bin;C:\Program Files (x86)\NVIDIA Corporation\PhysX\Common;%SystemRoot%\system32;%SystemRoot%;%SystemRoot%\System32\Wbem;%SYSTEMROOT%\System32\WindowsPowerShell\v1.0\;C:\Program Files\Java\jdk1.8.0_121\bin;C:\Users\LukePc\AppData\Local\Microsoft\WindowsApps;C:\Program Files\erl9.1\bin;
USERNAME=LukePc
OS=Windows_NT
PROCESSOR_IDENTIFIER=Intel64 Family 6 Model 60 Stepping 3, GenuineIntel



---------------  S Y S T E M  ---------------

OS: Windows 10.0 , 64 bit Build 16299 (10.0.16299.15)

CPU:total 8 (4 cores per cpu, 2 threads per core) family 6 model 60 stepping 3, cmov, cx8, fxsr, mmx, sse, sse2, sse3, ssse3, sse4.1, sse4.2, popcnt, avx, avx2, aes, clmul, erms, lzcnt, ht, tsc, tscinvbit, bmi1, bmi2

Memory: 4k page, physical 8305356k(1926924k free), swap 14086280k(1999064k free)

vm_info: Java HotSpot(TM) 64-Bit Server VM (25.121-b13) for windows-amd64 JRE (1.8.0_121-b13), built on Dec 12 2016 18:21:36 by "java_re" with MS VC++ 10.0 (VS2010)

time: Mon Feb 05 03:44:29 2018
elapsed time: 243 seconds (0d 0h 4m 3s)

